2024-10-30 19:52:11.638 [info] Using settings sync service https://vscode-sync.trafficmanager.net/
2024-10-30 19:52:11.638 [info] Auto Sync is enabled.
2024-10-30 19:52:11.638 [info] Auto Sync: Suspended until auth token is available.
2024-10-30 19:52:13.322 [info] Auto Sync: Triggered by Interval
2024-10-30 19:52:13.322 [info] Sync started.
2024-10-30 19:52:18.212 [info] Settings: Updated remote settings
2024-10-30 19:52:18.217 [info] Settings: Updated last synchronized settings
2024-10-30 19:52:18.226 [info] Keybindings: No changes found during synchronizing keybindings.
2024-10-30 19:52:18.232 [info] Snippets: No changes found during synchronizing snippets.
2024-10-30 19:52:18.237 [info] Tasks: No changes found during synchronizing tasks.
2024-10-30 19:52:19.164 [info] GlobalState: Updated remote ui state. Updated: colorThemeData,workbench.activity.pinnedViewlets2.
2024-10-30 19:52:19.169 [info] GlobalState: Updated last synchronized ui state
2024-10-30 19:52:19.223 [info] Extensions: No changes found during synchronizing extensions.
2024-10-30 19:52:19.227 [info] Profiles: No changes found during synchronizing profiles.
2024-10-30 19:52:19.229 [info] Sync done. Took 5909ms
2024-10-30 19:52:28.179 [info] Auto Sync: Triggered by Activity
2024-10-30 19:52:28.180 [info] Sync started.
2024-10-30 19:52:28.356 [info] Settings: No changes found during synchronizing settings.
2024-10-30 19:52:28.363 [info] Keybindings: No changes found during synchronizing keybindings.
2024-10-30 19:52:28.369 [info] Snippets: No changes found during synchronizing snippets.
2024-10-30 19:52:28.374 [info] Tasks: No changes found during synchronizing tasks.
2024-10-30 19:52:28.380 [info] GlobalState: No changes found during synchronizing ui state.
2024-10-30 19:52:28.419 [info] Extensions: No changes found during synchronizing extensions.
2024-10-30 19:52:28.422 [info] Profiles: No changes found during synchronizing profiles.
2024-10-30 19:52:28.424 [info] Sync done. Took 246ms
2024-10-30 19:53:14.381 [info] Auto Sync: Triggered by Activity
2024-10-30 19:53:14.381 [info] Sync started.
2024-10-30 19:53:14.552 [info] Settings: No changes found during synchronizing settings.
2024-10-30 19:53:14.557 [info] Keybindings: No changes found during synchronizing keybindings.
2024-10-30 19:53:14.562 [info] Snippets: No changes found during synchronizing snippets.
2024-10-30 19:53:14.566 [info] Tasks: No changes found during synchronizing tasks.
2024-10-30 19:53:14.571 [info] GlobalState: No changes found during synchronizing ui state.
2024-10-30 19:53:14.618 [info] Extensions: No changes found during synchronizing extensions.
2024-10-30 19:53:14.619 [info] Profiles: No changes found during synchronizing profiles.
2024-10-30 19:53:14.621 [info] Sync done. Took 242ms
2024-10-30 19:53:56.872 [info] Auto Sync: Triggered by Activity
2024-10-30 19:53:56.872 [info] Sync started.
2024-10-30 19:53:57.046 [info] Settings: No changes found during synchronizing settings.
2024-10-30 19:53:57.051 [info] Keybindings: No changes found during synchronizing keybindings.
2024-10-30 19:53:57.056 [info] Snippets: No changes found during synchronizing snippets.
2024-10-30 19:53:57.060 [info] Tasks: No changes found during synchronizing tasks.
2024-10-30 19:53:57.066 [info] GlobalState: No changes found during synchronizing ui state.
2024-10-30 19:53:57.125 [info] Extensions: No changes found during synchronizing extensions.
2024-10-30 19:53:57.127 [info] Profiles: No changes found during synchronizing profiles.
2024-10-30 19:53:57.129 [info] Sync done. Took 260ms
2024-10-30 19:55:54.671 [info] Auto Sync: Triggered by Activity
2024-10-30 19:55:54.671 [info] Sync started.
2024-10-30 19:55:54.847 [info] Settings: No changes found during synchronizing settings.
2024-10-30 19:55:54.853 [info] Keybindings: No changes found during synchronizing keybindings.
2024-10-30 19:55:54.856 [info] Snippets: No changes found during synchronizing snippets.
2024-10-30 19:55:54.860 [info] Tasks: No changes found during synchronizing tasks.
2024-10-30 19:55:54.864 [info] GlobalState: No changes found during synchronizing ui state.
2024-10-30 19:55:54.905 [info] Extensions: No changes found during synchronizing extensions.
2024-10-30 19:55:54.907 [info] Profiles: No changes found during synchronizing profiles.
2024-10-30 19:55:54.909 [info] Sync done. Took 239ms
2024-10-30 19:56:18.987 [info] Auto Sync: Triggered by Activity
2024-10-30 19:56:18.987 [info] Sync started.
2024-10-30 19:56:19.465 [info] Settings: No changes found during synchronizing settings.
2024-10-30 19:56:19.470 [info] Keybindings: No changes found during synchronizing keybindings.
2024-10-30 19:56:19.475 [info] Snippets: No changes found during synchronizing snippets.
2024-10-30 19:56:19.479 [info] Tasks: No changes found during synchronizing tasks.
2024-10-30 19:56:19.485 [info] GlobalState: No changes found during synchronizing ui state.
2024-10-30 19:56:19.544 [info] Extensions: No changes found during synchronizing extensions.
2024-10-30 19:56:19.546 [info] Profiles: No changes found during synchronizing profiles.
2024-10-30 19:56:19.548 [info] Sync done. Took 563ms
2024-10-30 19:56:32.298 [info] Auto Sync: Triggered by Activity
2024-10-30 19:56:32.298 [info] Sync started.
2024-10-30 19:56:32.481 [info] Settings: No changes found during synchronizing settings.
2024-10-30 19:56:32.485 [info] Keybindings: No changes found during synchronizing keybindings.
2024-10-30 19:56:32.490 [info] Snippets: No changes found during synchronizing snippets.
2024-10-30 19:56:32.494 [info] Tasks: No changes found during synchronizing tasks.
2024-10-30 19:56:32.498 [info] GlobalState: No changes found during synchronizing ui state.
2024-10-30 19:56:32.545 [info] Extensions: No changes found during synchronizing extensions.
2024-10-30 19:56:32.548 [info] Profiles: No changes found during synchronizing profiles.
2024-10-30 19:56:32.550 [info] Sync done. Took 253ms
2024-10-30 19:56:58.297 [info] Auto Sync: Triggered by Activity
2024-10-30 19:56:58.298 [info] Sync started.
2024-10-30 19:56:58.472 [info] Settings: No changes found during synchronizing settings.
2024-10-30 19:56:58.477 [info] Keybindings: No changes found during synchronizing keybindings.
2024-10-30 19:56:58.481 [info] Snippets: No changes found during synchronizing snippets.
2024-10-30 19:56:58.485 [info] Tasks: No changes found during synchronizing tasks.
2024-10-30 19:56:58.491 [info] GlobalState: No changes found during synchronizing ui state.
2024-10-30 19:56:58.541 [info] Extensions: No changes found during synchronizing extensions.
2024-10-30 19:56:58.543 [info] Profiles: No changes found during synchronizing profiles.
2024-10-30 19:56:58.545 [info] Sync done. Took 249ms
2024-10-30 19:57:34.520 [info] Auto Sync: Triggered by Activity
2024-10-30 19:57:34.521 [info] Sync started.
2024-10-30 19:57:34.691 [info] Settings: No changes found during synchronizing settings.
2024-10-30 19:57:34.695 [info] Keybindings: No changes found during synchronizing keybindings.
2024-10-30 19:57:34.699 [info] Snippets: No changes found during synchronizing snippets.
2024-10-30 19:57:34.703 [info] Tasks: No changes found during synchronizing tasks.
2024-10-30 19:57:34.708 [info] GlobalState: No changes found during synchronizing ui state.
2024-10-30 19:57:34.750 [info] Extensions: No changes found during synchronizing extensions.
2024-10-30 19:57:34.751 [info] Profiles: No changes found during synchronizing profiles.
2024-10-30 19:57:34.753 [info] Sync done. Took 234ms
2024-10-30 19:57:53.567 [info] Auto Sync: Triggered by Activity
2024-10-30 19:57:53.567 [info] Sync started.
2024-10-30 19:57:54.046 [info] Settings: No changes found during synchronizing settings.
2024-10-30 19:57:54.051 [info] Keybindings: No changes found during synchronizing keybindings.
2024-10-30 19:57:54.056 [info] Snippets: No changes found during synchronizing snippets.
2024-10-30 19:57:54.060 [info] Tasks: No changes found during synchronizing tasks.
2024-10-30 19:57:54.065 [info] GlobalState: No changes found during synchronizing ui state.
2024-10-30 19:57:54.115 [info] Extensions: No changes found during synchronizing extensions.
2024-10-30 19:57:54.116 [info] Profiles: No changes found during synchronizing profiles.
2024-10-30 19:57:54.118 [info] Sync done. Took 554ms
