2024-10-30 19:05:37.586 [info] Using settings sync service https://vscode-sync.trafficmanager.net/
2024-10-30 19:05:37.587 [info] Auto Sync is enabled.
2024-10-30 19:05:37.587 [info] Auto Sync: Suspended until auth token is available.
2024-10-30 19:05:38.829 [info] Auto Sync: Triggered by Interval
2024-10-30 19:05:38.829 [info] Sync started.
2024-10-30 19:05:39.856 [info] Settings: Updated local settings
2024-10-30 19:05:39.860 [info] Settings: Updated last synchronized settings
2024-10-30 19:05:39.872 [info] Keybindings: No changes found during synchronizing keybindings.
2024-10-30 19:05:39.878 [info] Snippets: No changes found during synchronizing snippets.
2024-10-30 19:05:39.882 [info] Tasks: No changes found during synchronizing tasks.
2024-10-30 19:05:40.048 [info] GlobalState: Updated global state ["colorThemeData","workbench.activity.pinnedViewlets2","workbench.explorer.views.state.hidden"]
2024-10-30 19:05:40.048 [info] GlobalState: Updated local ui state
2024-10-30 19:05:40.620 [info] GlobalState: Updated remote ui state. Updated: cpp.1.lastSessionDate,cpp.1.sessionCount,java.2.lastSessionDate,java.2.sessionCount,javascript.1.lastSessionDate,javascript.1.sessionCount,typescript.1.lastSessionDate,typescript.1.sessionCount,csharp.1.lastSessionDate,csharp.1.sessionCount.
2024-10-30 19:05:40.625 [info] GlobalState: Updated last synchronized ui state
2024-10-30 19:05:40.665 [info] Extensions: No changes found during synchronizing extensions.
2024-10-30 19:05:40.671 [info] Profiles: No changes found during synchronizing profiles.
2024-10-30 19:05:40.673 [info] Sync done. Took 1846ms
2024-10-30 19:05:42.319 [info] Auto Sync: Triggered by Activity
2024-10-30 19:05:42.319 [info] Sync started.
2024-10-30 19:05:42.406 [info] Settings: No changes found during synchronizing settings.
2024-10-30 19:05:42.412 [info] Keybindings: No changes found during synchronizing keybindings.
2024-10-30 19:05:42.417 [info] Snippets: No changes found during synchronizing snippets.
2024-10-30 19:05:42.423 [info] Tasks: No changes found during synchronizing tasks.
2024-10-30 19:05:42.428 [info] GlobalState: No changes found during synchronizing ui state.
2024-10-30 19:05:42.467 [info] Extensions: No changes found during synchronizing extensions.
2024-10-30 19:05:42.471 [info] Profiles: No changes found during synchronizing profiles.
2024-10-30 19:05:42.473 [info] Sync done. Took 155ms
2024-10-30 19:05:59.837 [info] Auto Sync: Triggered by Activity
2024-10-30 19:05:59.837 [info] Sync started.
2024-10-30 19:05:59.929 [info] Settings: No changes found during synchronizing settings.
2024-10-30 19:05:59.936 [info] Keybindings: No changes found during synchronizing keybindings.
2024-10-30 19:05:59.942 [info] Snippets: No changes found during synchronizing snippets.
2024-10-30 19:05:59.951 [info] Tasks: No changes found during synchronizing tasks.
2024-10-30 19:05:59.956 [info] GlobalState: No changes found during synchronizing ui state.
2024-10-30 19:06:00.029 [info] Extensions: No changes found during synchronizing extensions.
2024-10-30 19:06:00.031 [info] Profiles: No changes found during synchronizing profiles.
2024-10-30 19:06:00.033 [info] Sync done. Took 198ms
2024-10-30 19:06:13.066 [info] Auto Sync: Triggered by Activity
2024-10-30 19:06:13.067 [info] Sync started.
2024-10-30 19:06:13.141 [info] Settings: No changes found during synchronizing settings.
2024-10-30 19:06:13.147 [info] Keybindings: No changes found during synchronizing keybindings.
2024-10-30 19:06:13.152 [info] Snippets: No changes found during synchronizing snippets.
2024-10-30 19:06:13.156 [info] Tasks: No changes found during synchronizing tasks.
2024-10-30 19:06:13.162 [info] GlobalState: No changes found during synchronizing ui state.
2024-10-30 19:06:13.219 [info] Extensions: No changes found during synchronizing extensions.
2024-10-30 19:06:13.221 [info] Profiles: No changes found during synchronizing profiles.
2024-10-30 19:06:13.223 [info] Sync done. Took 158ms
2024-10-30 19:06:39.344 [info] Auto Sync: Triggered by Activity
2024-10-30 19:06:39.344 [info] Sync started.
2024-10-30 19:06:39.787 [info] Settings: Updated remote settings
2024-10-30 19:06:39.793 [info] Settings: Updated last synchronized settings
2024-10-30 19:06:39.799 [info] Keybindings: No changes found during synchronizing keybindings.
2024-10-30 19:06:39.804 [info] Snippets: No changes found during synchronizing snippets.
2024-10-30 19:06:39.807 [info] Tasks: No changes found during synchronizing tasks.
2024-10-30 19:06:40.424 [info] GlobalState: Updated remote ui state. Updated: colorThemeData.
2024-10-30 19:06:40.429 [info] GlobalState: Updated last synchronized ui state
2024-10-30 19:06:40.484 [info] Extensions: No changes found during synchronizing extensions.
2024-10-30 19:06:40.486 [info] Profiles: No changes found during synchronizing profiles.
2024-10-30 19:06:40.487 [info] Sync done. Took 1145ms
2024-10-30 19:06:42.202 [info] Auto Sync: Suspended until auth token is available.
2024-10-30 19:06:42.202 [info] Auto Sync: Stopped
2024-10-30 19:07:22.304 [info] Auto Sync: Triggered by Interval
2024-10-30 19:07:22.305 [info] Sync started.
2024-10-30 19:07:22.541 [info] Settings: No changes found during synchronizing settings.
2024-10-30 19:07:22.545 [info] Keybindings: No changes found during synchronizing keybindings.
2024-10-30 19:07:22.549 [info] Snippets: No changes found during synchronizing snippets.
2024-10-30 19:07:22.552 [info] Tasks: No changes found during synchronizing tasks.
2024-10-30 19:07:23.002 [info] GlobalState: Updated remote ui state. Removed: github-Vsb23.
2024-10-30 19:07:23.005 [info] GlobalState: Updated last synchronized ui state
2024-10-30 19:07:23.060 [info] Extensions: No changes found during synchronizing extensions.
2024-10-30 19:07:23.068 [info] Profiles: No changes found during synchronizing profiles.
2024-10-30 19:07:23.072 [info] Sync done. Took 767ms
2024-10-30 19:07:24.560 [info] Auto Sync: Triggered by Activity
2024-10-30 19:07:24.560 [info] Sync started.
2024-10-30 19:07:24.630 [info] Settings: No changes found during synchronizing settings.
2024-10-30 19:07:24.633 [info] Keybindings: No changes found during synchronizing keybindings.
2024-10-30 19:07:24.637 [info] Snippets: No changes found during synchronizing snippets.
2024-10-30 19:07:24.640 [info] Tasks: No changes found during synchronizing tasks.
2024-10-30 19:07:24.645 [info] GlobalState: No changes found during synchronizing ui state.
2024-10-30 19:07:24.685 [info] Extensions: No changes found during synchronizing extensions.
2024-10-30 19:07:24.686 [info] Profiles: No changes found during synchronizing profiles.
2024-10-30 19:07:24.688 [info] Sync done. Took 129ms
2024-10-30 19:07:37.034 [info] Auto Sync: Triggered by Activity
2024-10-30 19:07:37.034 [info] Sync started.
2024-10-30 19:07:37.098 [info] Settings: No changes found during synchronizing settings.
2024-10-30 19:07:37.103 [info] Keybindings: No changes found during synchronizing keybindings.
2024-10-30 19:07:37.107 [info] Snippets: No changes found during synchronizing snippets.
2024-10-30 19:07:37.111 [info] Tasks: No changes found during synchronizing tasks.
2024-10-30 19:07:37.114 [info] GlobalState: No changes found during synchronizing ui state.
2024-10-30 19:07:37.154 [info] Extensions: No changes found during synchronizing extensions.
2024-10-30 19:07:37.157 [info] Profiles: No changes found during synchronizing profiles.
2024-10-30 19:07:37.160 [info] Sync done. Took 127ms
2024-10-30 19:07:52.976 [info] Auto Sync: Triggered by Activity
2024-10-30 19:07:52.976 [info] Sync started.
2024-10-30 19:07:53.059 [info] Settings: No changes found during synchronizing settings.
2024-10-30 19:07:53.064 [info] Keybindings: No changes found during synchronizing keybindings.
2024-10-30 19:07:53.069 [info] Snippets: No changes found during synchronizing snippets.
2024-10-30 19:07:53.073 [info] Tasks: No changes found during synchronizing tasks.
2024-10-30 19:07:53.080 [info] GlobalState: No changes found during synchronizing ui state.
2024-10-30 19:07:53.153 [info] Extensions: No changes found during synchronizing extensions.
2024-10-30 19:07:53.155 [info] Profiles: No changes found during synchronizing profiles.
2024-10-30 19:07:53.157 [info] Sync done. Took 182ms
2024-10-30 19:08:19.135 [info] Auto Sync: Triggered by Activity
2024-10-30 19:08:19.136 [info] Sync started.
2024-10-30 19:08:19.209 [info] Settings: No changes found during synchronizing settings.
2024-10-30 19:08:19.214 [info] Keybindings: No changes found during synchronizing keybindings.
2024-10-30 19:08:19.217 [info] Snippets: No changes found during synchronizing snippets.
2024-10-30 19:08:19.221 [info] Tasks: No changes found during synchronizing tasks.
2024-10-30 19:08:19.227 [info] GlobalState: No changes found during synchronizing ui state.
2024-10-30 19:08:19.285 [info] Extensions: No changes found during synchronizing extensions.
2024-10-30 19:08:19.286 [info] Profiles: No changes found during synchronizing profiles.
2024-10-30 19:08:19.288 [info] Sync done. Took 154ms
2024-10-30 19:08:36.706 [info] Auto Sync: Triggered by Activity
2024-10-30 19:08:36.706 [info] Sync started.
2024-10-30 19:08:36.790 [info] Settings: No changes found during synchronizing settings.
2024-10-30 19:08:36.796 [info] Keybindings: No changes found during synchronizing keybindings.
2024-10-30 19:08:36.800 [info] Snippets: No changes found during synchronizing snippets.
2024-10-30 19:08:36.803 [info] Tasks: No changes found during synchronizing tasks.
2024-10-30 19:08:37.429 [info] GlobalState: Updated remote ui state. Updated: workbench.activity.pinnedViewlets2.
2024-10-30 19:08:37.433 [info] GlobalState: Updated last synchronized ui state
2024-10-30 19:08:37.468 [info] Extensions: No changes found during synchronizing extensions.
2024-10-30 19:08:37.472 [info] Profiles: No changes found during synchronizing profiles.
2024-10-30 19:08:37.475 [info] Sync done. Took 770ms
2024-10-30 19:08:50.642 [info] Auto Sync: Triggered by Activity
2024-10-30 19:08:50.642 [info] Sync started.
2024-10-30 19:08:51.044 [info] Settings: Updated remote settings
2024-10-30 19:08:51.049 [info] Settings: Updated last synchronized settings
2024-10-30 19:08:51.052 [info] Keybindings: No changes found during synchronizing keybindings.
2024-10-30 19:08:51.056 [info] Snippets: No changes found during synchronizing snippets.
2024-10-30 19:08:51.061 [info] Tasks: No changes found during synchronizing tasks.
2024-10-30 19:08:51.064 [info] GlobalState: No changes found during synchronizing ui state.
2024-10-30 19:08:51.110 [info] Extensions: No changes found during synchronizing extensions.
2024-10-30 19:08:51.112 [info] Profiles: No changes found during synchronizing profiles.
2024-10-30 19:08:51.114 [info] Sync done. Took 473ms
2024-10-30 19:09:05.768 [info] Auto Sync: Triggered by Activity
2024-10-30 19:09:05.769 [info] Sync started.
2024-10-30 19:09:05.849 [info] Settings: No changes found during synchronizing settings.
2024-10-30 19:09:05.853 [info] Keybindings: No changes found during synchronizing keybindings.
2024-10-30 19:09:05.857 [info] Snippets: No changes found during synchronizing snippets.
2024-10-30 19:09:05.860 [info] Tasks: No changes found during synchronizing tasks.
2024-10-30 19:09:05.865 [info] GlobalState: No changes found during synchronizing ui state.
2024-10-30 19:09:05.902 [info] Extensions: No changes found during synchronizing extensions.
2024-10-30 19:09:05.903 [info] Profiles: No changes found during synchronizing profiles.
2024-10-30 19:09:05.905 [info] Sync done. Took 138ms
2024-10-30 19:09:21.146 [info] Auto Sync: Triggered by Activity
2024-10-30 19:09:21.146 [info] Sync started.
2024-10-30 19:09:21.596 [info] Settings: Updated remote settings
2024-10-30 19:09:21.606 [info] Settings: Updated last synchronized settings
2024-10-30 19:09:21.611 [info] Keybindings: No changes found during synchronizing keybindings.
2024-10-30 19:09:21.621 [info] Snippets: No changes found during synchronizing snippets.
2024-10-30 19:09:21.627 [info] Tasks: No changes found during synchronizing tasks.
2024-10-30 19:09:21.643 [info] GlobalState: No changes found during synchronizing ui state.
2024-10-30 19:09:21.964 [info] Extensions: Updated remote extensions. Removed: ["arthurwhite.white"].
2024-10-30 19:09:21.973 [info] Extensions: Updated last synchronized extensions. Skipped: ["vsciot-vscode.vscode-arduino"].
2024-10-30 19:09:21.976 [info] Profiles: No changes found during synchronizing profiles.
2024-10-30 19:09:21.978 [info] Sync done. Took 833ms
2024-10-30 19:09:28.781 [info] Auto Sync: Triggered by Activity
2024-10-30 19:09:28.781 [info] Sync started.
2024-10-30 19:09:29.225 [info] Settings: Updated remote settings
2024-10-30 19:09:29.230 [info] Settings: Updated last synchronized settings
2024-10-30 19:09:29.235 [info] Keybindings: No changes found during synchronizing keybindings.
2024-10-30 19:09:29.240 [info] Snippets: No changes found during synchronizing snippets.
2024-10-30 19:09:29.244 [info] Tasks: No changes found during synchronizing tasks.
2024-10-30 19:09:29.251 [info] GlobalState: No changes found during synchronizing ui state.
2024-10-30 19:09:29.289 [info] Extensions: No changes found during synchronizing extensions.
2024-10-30 19:09:29.291 [info] Profiles: No changes found during synchronizing profiles.
2024-10-30 19:09:29.292 [info] Sync done. Took 513ms
2024-10-30 19:09:32.980 [info] Auto Sync: Triggered by Activity
2024-10-30 19:09:32.980 [info] Sync started.
2024-10-30 19:09:33.396 [info] Settings: Updated remote settings
2024-10-30 19:09:33.401 [info] Settings: Updated last synchronized settings
2024-10-30 19:09:33.405 [info] Keybindings: No changes found during synchronizing keybindings.
2024-10-30 19:09:33.409 [info] Snippets: No changes found during synchronizing snippets.
2024-10-30 19:09:33.413 [info] Tasks: No changes found during synchronizing tasks.
2024-10-30 19:09:33.418 [info] GlobalState: No changes found during synchronizing ui state.
2024-10-30 19:09:33.453 [info] Extensions: No changes found during synchronizing extensions.
2024-10-30 19:09:33.454 [info] Profiles: No changes found during synchronizing profiles.
2024-10-30 19:09:33.456 [info] Sync done. Took 477ms
2024-10-30 19:10:09.849 [info] Auto Sync: Triggered by Activity
2024-10-30 19:10:09.849 [info] Sync started.
2024-10-30 19:10:10.267 [info] Settings: Updated remote settings
2024-10-30 19:10:10.272 [info] Settings: Updated last synchronized settings
2024-10-30 19:10:10.276 [info] Keybindings: No changes found during synchronizing keybindings.
2024-10-30 19:10:10.280 [info] Snippets: No changes found during synchronizing snippets.
2024-10-30 19:10:10.284 [info] Tasks: No changes found during synchronizing tasks.
2024-10-30 19:10:10.710 [info] GlobalState: Updated remote ui state. Updated: colorThemeData.
2024-10-30 19:10:10.715 [info] GlobalState: Updated last synchronized ui state
2024-10-30 19:10:10.766 [info] Extensions: No changes found during synchronizing extensions.
2024-10-30 19:10:10.768 [info] Profiles: No changes found during synchronizing profiles.
2024-10-30 19:10:10.770 [info] Sync done. Took 923ms
2024-10-30 19:10:16.800 [info] Auto Sync: Triggered by Activity
2024-10-30 19:10:16.800 [info] Sync started.
2024-10-30 19:10:17.219 [info] Settings: Updated remote settings
2024-10-30 19:10:17.223 [info] Settings: Updated last synchronized settings
2024-10-30 19:10:17.227 [info] Keybindings: No changes found during synchronizing keybindings.
2024-10-30 19:10:17.230 [info] Snippets: No changes found during synchronizing snippets.
2024-10-30 19:10:17.233 [info] Tasks: No changes found during synchronizing tasks.
2024-10-30 19:10:17.649 [info] GlobalState: Updated remote ui state. Updated: colorThemeData.
2024-10-30 19:10:17.654 [info] GlobalState: Updated last synchronized ui state
2024-10-30 19:10:17.696 [info] Extensions: No changes found during synchronizing extensions.
2024-10-30 19:10:17.698 [info] Profiles: No changes found during synchronizing profiles.
2024-10-30 19:10:17.700 [info] Sync done. Took 901ms
2024-10-30 19:10:30.906 [info] Auto Sync: Triggered by Activity
2024-10-30 19:10:30.906 [info] Sync started.
2024-10-30 19:10:30.976 [info] Settings: No changes found during synchronizing settings.
2024-10-30 19:10:30.981 [info] Keybindings: No changes found during synchronizing keybindings.
2024-10-30 19:10:30.985 [info] Snippets: No changes found during synchronizing snippets.
2024-10-30 19:10:30.988 [info] Tasks: No changes found during synchronizing tasks.
2024-10-30 19:10:30.992 [info] GlobalState: No changes found during synchronizing ui state.
2024-10-30 19:10:31.027 [info] Extensions: No changes found during synchronizing extensions.
2024-10-30 19:10:31.031 [info] Profiles: No changes found during synchronizing profiles.
2024-10-30 19:10:31.032 [info] Sync done. Took 128ms
