2024-10-30 19:07:54.438 [info] read schema from vscode: vscode://schemas/settings/user
2024-10-30 19:07:54.646 [info] schema change detected vscode://schemas/settings/user
2024-10-30 19:07:54.759 [info] read schema from vscode: vscode://schemas/settings/resourceLanguage
2024-10-30 19:07:54.761 [info] read schema from vscode: vscode://schemas/ignoredSettings
2024-10-30 19:07:54.826 [info] read schema from vscode: vscode://schemas/launch
2024-10-30 19:07:54.835 [info] read schema from vscode: vscode://schemas/token-styling
2024-10-30 19:07:54.839 [info] read schema from vscode: vscode://schemas/textmate-colors
2024-10-30 19:07:54.841 [info] read schema from vscode: vscode://schemas/workbench-colors
2024-10-30 19:07:55.065 [info] cancelled
2024-10-30 19:07:55.069 [info] read schema from vscode: vscode://schemas/settings/user
2024-10-30 19:08:17.039 [info] schema change detected vscode://schemas/settings/user
2024-10-30 19:08:34.606 [info] schema change detected vscode://schemas/settings/user
2024-10-30 19:09:10.857 [info] read schema from vscode: vscode://schemas/settings/user
2024-10-30 19:09:11.070 [info] schema change detected vscode://schemas/settings/user
2024-10-30 19:09:11.246 [info] cancelled
2024-10-30 19:09:11.250 [info] read schema from vscode: vscode://schemas/settings/user
2024-10-30 19:09:11.518 [info] cancelled
2024-10-30 19:09:21.529 [info] schema change detected vscode://schemas/settings/user
2024-10-30 19:09:21.533 [info] read schema from vscode: vscode://schemas/settings/user
2024-10-30 19:09:26.438 [info] schema change detected vscode://schemas/settings/user
2024-10-30 19:09:26.440 [info] read schema from vscode: vscode://schemas/settings/user
2024-10-30 19:09:26.684 [info] cancelled
2024-10-30 19:09:30.856 [info] schema change detected vscode://schemas/settings/user
2024-10-30 19:10:07.780 [info] schema change detected vscode://schemas/workbench-colors
2024-10-30 19:10:14.731 [info] schema change detected vscode://schemas/workbench-colors
2024-10-30 19:10:20.458 [info] read schema from vscode: vscode://schemas/settings/user
2024-10-30 19:10:20.712 [info] schema change detected vscode://schemas/settings/user
2024-10-30 19:10:20.769 [info] read schema from vscode: vscode://schemas/workbench-colors
2024-10-30 19:10:20.918 [info] cancelled
2024-10-30 19:10:20.948 [info] read schema from vscode: vscode://schemas/settings/user
2024-10-30 19:10:28.108 [info] schema change detected vscode://schemas/settings/user
