2024-10-17 01:59:40.421 [info] Extension host with pid 2426 started
2024-10-17 01:59:40.422 [info] Skipping acquiring lock for /home/ste/.config/Code/User/workspaceStorage/d07aab6867b0c4392bd042c8566197f7.
2024-10-17 01:59:40.469 [info] ExtensionService#_doActivateExtension vscode.git-base, startup: true, activationEvent: '*', root cause: vscode.git
2024-10-17 01:59:40.492 [info] ExtensionService#_doActivateExtension vscode.git, startup: true, activationEvent: '*'
2024-10-17 01:59:40.631 [info] ExtensionService#_doActivateExtension vscode.github, startup: true, activationEvent: '*'
2024-10-17 01:59:40.856 [info] Eager extensions activated
2024-10-17 01:59:40.858 [info] ExtensionService#_doActivateExtension vscode.github-authentication, startup: false, activationEvent: 'onAuthenticationRequest:github'
2024-10-17 01:59:40.959 [info] ExtensionService#_doActivateExtension vscode.debug-auto-launch, startup: false, activationEvent: 'onStartupFinished'
2024-10-17 01:59:40.963 [info] ExtensionService#_doActivateExtension vscode.merge-conflict, startup: false, activationEvent: 'onStartupFinished'
2024-10-17 01:59:41.149 [info] ExtensionService#_doActivateExtension vscode.microsoft-authentication, startup: false, activationEvent: 'onAuthenticationRequest:microsoft'
2024-10-17 01:59:41.964 [info] ExtensionService#_doActivateExtension vscode.configuration-editing, startup: false, activationEvent: 'onLanguage:jsonc'
2024-10-17 01:59:41.982 [info] ExtensionService#_doActivateExtension vscode.json-language-features, startup: false, activationEvent: 'onLanguage:jsonc'
2024-10-17 01:59:42.068 [info] ExtensionService#_doActivateExtension vscode.typescript-language-features, startup: false, activationEvent: 'onLanguage:jsonc'
2024-10-17 01:59:42.138 [info] ExtensionService#_doActivateExtension vscode.emmet, startup: false, activationEvent: 'onLanguage'
2024-10-17 01:59:44.103 [info] ExtensionService#_doActivateExtension vscode.css-language-features, startup: false, activationEvent: 'onLanguage:css'
2024-10-17 01:59:50.866 [info] ExtensionService#_doActivateExtension vscode.extension-editing, startup: false, activationEvent: 'onLanguage:json'
2024-10-17 01:59:50.889 [info] ExtensionService#_doActivateExtension vscode.npm, startup: false, activationEvent: 'onLanguage:json'
2024-10-17 02:01:10.868 [info] Extension host terminating: renderer closed the MessagePort
2024-10-17 02:01:10.909 [info] Extension host with pid 2426 exiting with code 0
2024-10-17 02:01:12.748 [info] Extension host with pid 3957 started
2024-10-17 02:01:12.748 [info] Skipping acquiring lock for /home/ste/.config/Code/User/workspaceStorage/30f4129f62dc4ba986bd618e01d75e80.
2024-10-17 02:01:12.781 [info] ExtensionService#_doActivateExtension vscode.git-base, startup: true, activationEvent: '*'
2024-10-17 02:01:12.891 [info] ExtensionService#_doActivateExtension vscode.github, startup: true, activationEvent: '*'
2024-10-17 02:01:12.978 [info] Eager extensions activated
2024-10-17 02:01:12.986 [info] ExtensionService#_doActivateExtension vscode.debug-auto-launch, startup: false, activationEvent: 'onStartupFinished'
2024-10-17 02:01:12.989 [info] ExtensionService#_doActivateExtension vscode.merge-conflict, startup: false, activationEvent: 'onStartupFinished'
2024-10-17 02:01:13.023 [info] ExtensionService#_doActivateExtension vscode.github-authentication, startup: false, activationEvent: 'onAuthenticationRequest:github'
2024-10-17 02:01:13.137 [info] ExtensionService#_doActivateExtension vscode.microsoft-authentication, startup: false, activationEvent: 'onAuthenticationRequest:microsoft'
2024-10-17 02:01:14.505 [info] ExtensionService#_doActivateExtension vscode.git, startup: false, activationEvent: 'api', root cause: vscode.github
2024-10-17 02:01:15.942 [info] ExtensionService#_doActivateExtension vscode.emmet, startup: false, activationEvent: 'onLanguage'
2024-10-17 02:01:56.720 [info] ExtensionService#_doActivateExtension James-Yu.latex-workshop, startup: false, activationEvent: 'onLanguage:latex'
2024-10-17 02:01:57.317 [warning] DiagnosticCollection with name 'BibTeX' does already exist.
2024-10-17 02:02:03.661 [info] ExtensionService#_doActivateExtension mathematic.vscode-latex, startup: false, activationEvent: 'onLanguage:latex'
2024-10-17 02:03:56.428 [info] Extension host terminating: renderer closed the MessagePort
2024-10-17 02:03:56.482 [info] Extension host with pid 3957 exiting with code 0
