2024-10-17 01:59:41.106 [info] Reading sessions from keychain...
2024-10-17 01:59:41.106 [info] Getting sessions for all scopes...
2024-10-17 01:59:41.106 [info] Getting sessions for all scopes...
2024-10-17 01:59:41.106 [info] Getting sessions for user:email...
2024-10-17 01:59:41.268 [info] Got stored sessions!
2024-10-17 01:59:41.268 [info] Got 1 verified sessions.
2024-10-17 01:59:41.268 [info] Got 1 sessions for ...
2024-10-17 01:59:41.268 [info] Got 1 sessions for ...
2024-10-17 01:59:41.268 [info] Got 1 sessions for user:email...
2024-10-17 01:59:41.609 [info] Getting sessions for user:email...
2024-10-17 01:59:41.609 [info] Got 1 sessions for user:email...
2024-10-17 01:59:41.611 [info] Getting sessions for user:email...
2024-10-17 01:59:41.611 [info] Got 1 sessions for user:email...
2024-10-17 01:59:41.746 [info] Getting sessions for all scopes...
2024-10-17 01:59:41.746 [info] Got 1 sessions for ...
2024-10-17 02:01:13.384 [info] Reading sessions from keychain...
2024-10-17 02:01:13.384 [info] Getting sessions for all scopes...
2024-10-17 02:01:13.384 [info] Getting sessions for all scopes...
2024-10-17 02:01:13.384 [info] Getting sessions for user:email...
2024-10-17 02:01:13.384 [info] Got stored sessions!
2024-10-17 02:01:13.384 [info] Got 1 verified sessions.
2024-10-17 02:01:13.384 [info] Got 1 sessions for ...
2024-10-17 02:01:13.384 [info] Got 1 sessions for ...
2024-10-17 02:01:13.384 [info] Got 1 sessions for user:email...
2024-10-17 02:01:13.610 [info] Getting sessions for user:email...
2024-10-17 02:01:13.610 [info] Got 1 sessions for user:email...
2024-10-17 02:01:13.612 [info] Getting sessions for user:email...
2024-10-17 02:01:13.612 [info] Got 1 sessions for user:email...
2024-10-17 02:01:14.284 [info] Getting sessions for all scopes...
2024-10-17 02:01:14.284 [info] Got 1 sessions for ...
2024-10-17 02:01:31.358 [info] Getting sessions for user:email...
2024-10-17 02:01:31.358 [info] Got 1 sessions for user:email...
2024-10-17 02:01:31.376 [info] Getting sessions for user:email...
2024-10-17 02:01:31.376 [info] Got 1 sessions for user:email...
