2024-11-15 18:39:33.375 [info] Reading sessions from keychain...
2024-11-15 18:39:33.375 [info] Getting sessions for all scopes...
2024-11-15 18:39:33.375 [info] Getting sessions for all scopes...
2024-11-15 18:39:33.375 [info] Got stored sessions!
2024-11-15 18:39:33.375 [info] Got 1 verified sessions.
2024-11-15 18:39:33.375 [info] Got 1 sessions for ...
2024-11-15 18:39:33.375 [info] Got 1 sessions for ...
2024-11-15 18:39:33.375 [info] Getting sessions for user:email...
2024-11-15 18:39:33.375 [info] Got 1 sessions for user:email...
2024-11-15 18:39:33.375 [info] Getting sessions for read:user,repo,user:email,workflow...
2024-11-15 18:39:33.375 [info] Got 0 sessions for read:user,repo,user:email,workflow...
2024-11-15 18:39:33.375 [info] Getting sessions for all scopes...
2024-11-15 18:39:33.375 [info] Got 1 sessions for ...
2024-11-15 18:39:33.375 [info] Getting sessions for all scopes...
2024-11-15 18:39:33.375 [info] Got 1 sessions for ...
2024-11-15 18:39:33.375 [info] Getting sessions for read:user...
2024-11-15 18:39:33.375 [info] Got 0 sessions for read:user...
2024-11-15 18:39:33.375 [info] Getting sessions for read:user,repo,user:email,workflow...
2024-11-15 18:39:33.375 [info] Got 0 sessions for read:user,repo,user:email,workflow...
2024-11-15 18:39:33.379 [info] Getting sessions for user:email...
2024-11-15 18:39:33.379 [info] Got 1 sessions for user:email...
2024-11-15 18:39:33.379 [info] Getting sessions for user:email...
2024-11-15 18:39:33.379 [info] Got 1 sessions for user:email...
2024-11-15 18:39:33.402 [info] Getting sessions for all scopes...
2024-11-15 18:39:33.402 [info] Got 1 sessions for ...
2024-11-15 18:39:35.732 [info] Getting sessions for read:user,repo,user:email,workflow...
2024-11-15 18:39:35.732 [info] Got 0 sessions for read:user,repo,user:email,workflow...
2024-11-15 18:39:35.853 [info] Getting sessions for user:email...
2024-11-15 18:39:35.853 [info] Got 1 sessions for user:email...
2024-11-15 18:39:35.930 [info] Getting sessions for user:email...
2024-11-15 18:39:35.930 [info] Got 1 sessions for user:email...
2024-11-15 18:39:35.930 [info] Getting sessions for user:email...
2024-11-15 18:39:35.930 [info] Got 1 sessions for user:email...
2024-11-15 18:39:35.942 [info] Getting sessions for all scopes...
2024-11-15 18:39:35.942 [info] Got 1 sessions for ...
2024-11-15 18:39:35.945 [info] Getting sessions for read:user,repo,user:email,workflow...
2024-11-15 18:39:35.945 [info] Got 0 sessions for read:user,repo,user:email,workflow...
2024-11-15 18:39:35.949 [info] Getting sessions for user:email...
2024-11-15 18:39:35.949 [info] Got 1 sessions for user:email...
2024-11-15 18:39:36.921 [info] Getting sessions for all scopes...
2024-11-15 18:39:36.921 [info] Got 1 sessions for ...
2024-11-15 18:39:36.921 [info] Getting sessions for all scopes...
2024-11-15 18:39:36.921 [info] Got 1 sessions for ...
2024-11-15 18:39:36.938 [info] Getting sessions for read:user,repo,user:email,workflow...
2024-11-15 18:39:36.938 [info] Got 0 sessions for read:user,repo,user:email,workflow...
2024-11-15 18:39:36.942 [info] Getting sessions for user:email...
2024-11-15 18:39:36.942 [info] Got 1 sessions for user:email...
2024-11-15 18:39:36.945 [info] Getting sessions for all scopes...
2024-11-15 18:39:36.945 [info] Got 1 sessions for ...
2024-11-15 18:39:36.947 [info] Getting sessions for read:user,repo,user:email,workflow...
2024-11-15 18:39:36.947 [info] Got 0 sessions for read:user,repo,user:email,workflow...
2024-11-15 18:39:36.948 [info] Getting sessions for user:email...
2024-11-15 18:39:36.948 [info] Got 1 sessions for user:email...
2024-11-15 18:39:37.097 [info] Getting sessions for all scopes...
2024-11-15 18:39:37.097 [info] Got 1 sessions for ...
2024-11-15 18:39:37.132 [info] Getting sessions for read:user,repo,user:email,workflow...
2024-11-15 18:39:37.132 [info] Got 0 sessions for read:user,repo,user:email,workflow...
2024-11-15 18:39:37.134 [info] Getting sessions for user:email...
2024-11-15 18:39:37.134 [info] Got 1 sessions for user:email...
2024-11-15 18:54:38.353 [info] Getting sessions for all scopes...
2024-11-15 18:54:38.353 [info] Got 1 sessions for ...
2024-11-15 18:54:38.355 [info] Getting sessions for read:user,repo,user:email,workflow...
2024-11-15 18:54:38.355 [info] Got 0 sessions for read:user,repo,user:email,workflow...
2024-11-15 18:54:38.356 [info] Getting sessions for user:email...
2024-11-15 18:54:38.356 [info] Got 1 sessions for user:email...
2024-11-15 18:54:38.390 [info] Getting sessions for all scopes...
2024-11-15 18:54:38.390 [info] Got 1 sessions for ...
2024-11-15 18:54:38.392 [info] Getting sessions for read:user,repo,user:email,workflow...
2024-11-15 18:54:38.392 [info] Got 0 sessions for read:user,repo,user:email,workflow...
2024-11-15 18:54:38.394 [info] Getting sessions for user:email...
2024-11-15 18:54:38.394 [info] Got 1 sessions for user:email...
2024-11-15 19:04:36.147 [info] Getting sessions for read:user,repo,user:email,workflow...
2024-11-15 19:04:36.147 [info] Got 0 sessions for read:user,repo,user:email,workflow...
2024-11-15 19:04:36.149 [info] Getting sessions for read:user...
2024-11-15 19:04:36.149 [info] Got 0 sessions for read:user...
2024-11-15 19:04:36.151 [info] Getting sessions for user:email...
2024-11-15 19:04:36.151 [info] Got 1 sessions for user:email...
2024-11-15 19:04:36.907 [info] Getting sessions for all scopes...
2024-11-15 19:04:36.907 [info] Got 1 sessions for ...
2024-11-15 19:04:36.910 [info] Getting sessions for read:user,repo,user:email,workflow...
2024-11-15 19:04:36.910 [info] Got 0 sessions for read:user,repo,user:email,workflow...
2024-11-15 19:04:36.912 [info] Getting sessions for user:email...
2024-11-15 19:04:36.913 [info] Got 1 sessions for user:email...
2024-11-15 19:04:37.910 [info] Getting sessions for all scopes...
2024-11-15 19:04:37.910 [info] Got 1 sessions for ...
2024-11-15 19:04:37.910 [info] Getting sessions for all scopes...
2024-11-15 19:04:37.910 [info] Got 1 sessions for ...
2024-11-15 19:04:37.912 [info] Getting sessions for read:user,repo,user:email,workflow...
2024-11-15 19:04:37.912 [info] Got 0 sessions for read:user,repo,user:email,workflow...
2024-11-15 19:04:37.914 [info] Getting sessions for user:email...
2024-11-15 19:04:37.914 [info] Got 1 sessions for user:email...
2024-11-15 19:04:37.916 [info] Getting sessions for all scopes...
2024-11-15 19:04:37.916 [info] Got 1 sessions for ...
2024-11-15 19:04:37.917 [info] Getting sessions for read:user,repo,user:email,workflow...
2024-11-15 19:04:37.917 [info] Got 0 sessions for read:user,repo,user:email,workflow...
2024-11-15 19:04:37.918 [info] Getting sessions for user:email...
2024-11-15 19:04:37.918 [info] Got 1 sessions for user:email...
2024-11-15 19:04:37.924 [info] Getting sessions for all scopes...
2024-11-15 19:04:37.924 [info] Got 1 sessions for ...
2024-11-15 19:04:37.926 [info] Getting sessions for read:user,repo,user:email,workflow...
2024-11-15 19:04:37.926 [info] Got 0 sessions for read:user,repo,user:email,workflow...
2024-11-15 19:04:37.928 [info] Getting sessions for user:email...
2024-11-15 19:04:37.928 [info] Got 1 sessions for user:email...
2024-11-15 19:09:39.171 [info] Getting sessions for all scopes...
2024-11-15 19:09:39.171 [info] Got 1 sessions for ...
2024-11-15 19:09:39.173 [info] Getting sessions for read:user,repo,user:email,workflow...
2024-11-15 19:09:39.173 [info] Got 0 sessions for read:user,repo,user:email,workflow...
2024-11-15 19:09:39.174 [info] Getting sessions for user:email...
2024-11-15 19:09:39.175 [info] Got 1 sessions for user:email...
2024-11-15 19:09:39.176 [info] Getting sessions for all scopes...
2024-11-15 19:09:39.177 [info] Got 1 sessions for ...
2024-11-15 19:09:39.178 [info] Getting sessions for read:user,repo,user:email,workflow...
2024-11-15 19:09:39.178 [info] Got 0 sessions for read:user,repo,user:email,workflow...
2024-11-15 19:09:39.179 [info] Getting sessions for user:email...
2024-11-15 19:09:39.179 [info] Got 1 sessions for user:email...
2024-11-15 19:19:37.933 [info] Getting sessions for all scopes...
2024-11-15 19:19:37.933 [info] Got 1 sessions for ...
2024-11-15 19:19:37.935 [info] Getting sessions for read:user,repo,user:email,workflow...
2024-11-15 19:19:37.935 [info] Got 0 sessions for read:user,repo,user:email,workflow...
2024-11-15 19:19:37.936 [info] Getting sessions for user:email...
2024-11-15 19:19:37.936 [info] Got 1 sessions for user:email...
2024-11-15 19:24:40.087 [info] Getting sessions for all scopes...
2024-11-15 19:24:40.087 [info] Got 1 sessions for ...
2024-11-15 19:24:40.089 [info] Getting sessions for read:user,repo,user:email,workflow...
2024-11-15 19:24:40.089 [info] Got 0 sessions for read:user,repo,user:email,workflow...
2024-11-15 19:24:40.090 [info] Getting sessions for user:email...
2024-11-15 19:24:40.090 [info] Got 1 sessions for user:email...
2024-11-15 19:24:40.092 [info] Getting sessions for all scopes...
2024-11-15 19:24:40.092 [info] Got 1 sessions for ...
2024-11-15 19:24:40.094 [info] Getting sessions for read:user,repo,user:email,workflow...
2024-11-15 19:24:40.094 [info] Got 0 sessions for read:user,repo,user:email,workflow...
2024-11-15 19:24:40.095 [info] Getting sessions for user:email...
2024-11-15 19:24:40.095 [info] Got 1 sessions for user:email...
2024-11-15 19:29:36.741 [info] Getting sessions for read:user,repo,user:email,workflow...
2024-11-15 19:29:36.741 [info] Got 0 sessions for read:user,repo,user:email,workflow...
2024-11-15 19:29:36.744 [info] Getting sessions for read:user...
2024-11-15 19:29:36.744 [info] Got 0 sessions for read:user...
2024-11-15 19:29:36.748 [info] Getting sessions for user:email...
2024-11-15 19:29:36.748 [info] Got 1 sessions for user:email...
2024-11-15 19:29:37.910 [info] Getting sessions for all scopes...
2024-11-15 19:29:37.910 [info] Got 1 sessions for ...
2024-11-15 19:29:37.912 [info] Getting sessions for read:user,repo,user:email,workflow...
2024-11-15 19:29:37.912 [info] Got 0 sessions for read:user,repo,user:email,workflow...
2024-11-15 19:29:37.914 [info] Getting sessions for user:email...
2024-11-15 19:29:37.914 [info] Got 1 sessions for user:email...
2024-11-15 19:29:39.055 [info] Getting sessions for all scopes...
2024-11-15 19:29:39.055 [info] Got 1 sessions for ...
2024-11-15 19:29:39.056 [info] Getting sessions for all scopes...
2024-11-15 19:29:39.056 [info] Got 1 sessions for ...
2024-11-15 19:29:39.057 [info] Getting sessions for read:user,repo,user:email,workflow...
2024-11-15 19:29:39.057 [info] Got 0 sessions for read:user,repo,user:email,workflow...
2024-11-15 19:29:39.058 [info] Getting sessions for user:email...
2024-11-15 19:29:39.058 [info] Got 1 sessions for user:email...
2024-11-15 19:29:39.060 [info] Getting sessions for all scopes...
2024-11-15 19:29:39.060 [info] Got 1 sessions for ...
2024-11-15 19:29:39.061 [info] Getting sessions for read:user,repo,user:email,workflow...
2024-11-15 19:29:39.061 [info] Got 0 sessions for read:user,repo,user:email,workflow...
2024-11-15 19:29:39.062 [info] Getting sessions for user:email...
2024-11-15 19:29:39.062 [info] Got 1 sessions for user:email...
2024-11-15 19:29:39.069 [info] Getting sessions for all scopes...
2024-11-15 19:29:39.069 [info] Got 1 sessions for ...
2024-11-15 19:29:39.070 [info] Getting sessions for read:user,repo,user:email,workflow...
2024-11-15 19:29:39.070 [info] Got 0 sessions for read:user,repo,user:email,workflow...
2024-11-15 19:29:39.107 [info] Getting sessions for user:email...
2024-11-15 19:29:39.107 [info] Got 1 sessions for user:email...
2024-11-15 19:34:37.939 [info] Getting sessions for all scopes...
2024-11-15 19:34:37.939 [info] Got 1 sessions for ...
2024-11-15 19:34:37.942 [info] Getting sessions for read:user,repo,user:email,workflow...
2024-11-15 19:34:37.942 [info] Got 0 sessions for read:user,repo,user:email,workflow...
2024-11-15 19:34:37.945 [info] Getting sessions for user:email...
2024-11-15 19:34:37.945 [info] Got 1 sessions for user:email...
2024-11-15 19:39:40.900 [info] Getting sessions for all scopes...
2024-11-15 19:39:40.900 [info] Got 1 sessions for ...
2024-11-15 19:39:40.902 [info] Getting sessions for read:user,repo,user:email,workflow...
2024-11-15 19:39:40.902 [info] Got 0 sessions for read:user,repo,user:email,workflow...
2024-11-15 19:39:40.904 [info] Getting sessions for user:email...
2024-11-15 19:39:40.904 [info] Got 1 sessions for user:email...
2024-11-15 19:39:40.907 [info] Getting sessions for all scopes...
2024-11-15 19:39:40.907 [info] Got 1 sessions for ...
2024-11-15 19:39:40.908 [info] Getting sessions for read:user,repo,user:email,workflow...
2024-11-15 19:39:40.908 [info] Got 0 sessions for read:user,repo,user:email,workflow...
2024-11-15 19:39:40.910 [info] Getting sessions for user:email...
2024-11-15 19:39:40.910 [info] Got 1 sessions for user:email...
2024-11-15 19:44:39.115 [info] Getting sessions for all scopes...
2024-11-15 19:44:39.115 [info] Got 1 sessions for ...
2024-11-15 19:44:39.117 [info] Getting sessions for read:user,repo,user:email,workflow...
2024-11-15 19:44:39.117 [info] Got 0 sessions for read:user,repo,user:email,workflow...
2024-11-15 19:44:39.119 [info] Getting sessions for user:email...
2024-11-15 19:44:39.119 [info] Got 1 sessions for user:email...
2024-11-15 19:49:37.948 [info] Getting sessions for all scopes...
2024-11-15 19:49:37.949 [info] Got 1 sessions for ...
2024-11-15 19:49:37.951 [info] Getting sessions for read:user,repo,user:email,workflow...
2024-11-15 19:49:37.951 [info] Got 0 sessions for read:user,repo,user:email,workflow...
2024-11-15 19:49:37.953 [info] Getting sessions for user:email...
2024-11-15 19:49:37.953 [info] Got 1 sessions for user:email...
2024-11-15 19:54:37.484 [info] Getting sessions for read:user,repo,user:email,workflow...
2024-11-15 19:54:37.484 [info] Got 0 sessions for read:user,repo,user:email,workflow...
2024-11-15 19:54:37.486 [info] Getting sessions for read:user...
2024-11-15 19:54:37.486 [info] Got 0 sessions for read:user...
2024-11-15 19:54:37.489 [info] Getting sessions for user:email...
2024-11-15 19:54:37.489 [info] Got 1 sessions for user:email...
2024-11-15 19:54:39.056 [info] Getting sessions for all scopes...
2024-11-15 19:54:39.056 [info] Got 1 sessions for ...
2024-11-15 19:54:39.058 [info] Getting sessions for read:user,repo,user:email,workflow...
2024-11-15 19:54:39.058 [info] Got 0 sessions for read:user,repo,user:email,workflow...
2024-11-15 19:54:39.061 [info] Getting sessions for user:email...
2024-11-15 19:54:39.061 [info] Got 1 sessions for user:email...
2024-11-15 19:54:39.876 [info] Getting sessions for all scopes...
2024-11-15 19:54:39.876 [info] Got 1 sessions for ...
2024-11-15 19:54:39.876 [info] Getting sessions for all scopes...
2024-11-15 19:54:39.876 [info] Got 1 sessions for ...
2024-11-15 19:54:39.877 [info] Getting sessions for read:user,repo,user:email,workflow...
2024-11-15 19:54:39.878 [info] Got 0 sessions for read:user,repo,user:email,workflow...
2024-11-15 19:54:39.879 [info] Getting sessions for user:email...
2024-11-15 19:54:39.879 [info] Got 1 sessions for user:email...
2024-11-15 19:54:39.881 [info] Getting sessions for all scopes...
2024-11-15 19:54:39.881 [info] Got 1 sessions for ...
2024-11-15 19:54:39.883 [info] Getting sessions for read:user,repo,user:email,workflow...
2024-11-15 19:54:39.883 [info] Got 0 sessions for read:user,repo,user:email,workflow...
2024-11-15 19:54:39.885 [info] Getting sessions for user:email...
2024-11-15 19:54:39.885 [info] Got 1 sessions for user:email...
2024-11-15 19:54:39.891 [info] Getting sessions for all scopes...
2024-11-15 19:54:39.891 [info] Got 1 sessions for ...
2024-11-15 19:54:39.893 [info] Getting sessions for read:user,repo,user:email,workflow...
2024-11-15 19:54:39.893 [info] Got 0 sessions for read:user,repo,user:email,workflow...
2024-11-15 19:54:39.894 [info] Getting sessions for user:email...
2024-11-15 19:54:39.894 [info] Got 1 sessions for user:email...
2024-11-15 19:54:39.900 [info] Getting sessions for all scopes...
2024-11-15 19:54:39.900 [info] Got 1 sessions for ...
2024-11-15 19:54:39.902 [info] Getting sessions for read:user,repo,user:email,workflow...
2024-11-15 19:54:39.902 [info] Got 0 sessions for read:user,repo,user:email,workflow...
2024-11-15 19:54:39.903 [info] Getting sessions for user:email...
2024-11-15 19:54:39.903 [info] Got 1 sessions for user:email...
2024-11-15 19:54:41.813 [info] Getting sessions for all scopes...
2024-11-15 19:54:41.813 [info] Got 1 sessions for ...
2024-11-15 19:54:41.815 [info] Getting sessions for read:user,repo,user:email,workflow...
2024-11-15 19:54:41.815 [info] Got 0 sessions for read:user,repo,user:email,workflow...
2024-11-15 19:54:41.818 [info] Getting sessions for user:email...
2024-11-15 19:54:41.818 [info] Got 1 sessions for user:email...
2024-11-15 19:59:39.122 [info] Getting sessions for all scopes...
2024-11-15 19:59:39.123 [info] Got 1 sessions for ...
2024-11-15 19:59:39.125 [info] Getting sessions for read:user,repo,user:email,workflow...
2024-11-15 19:59:39.125 [info] Got 0 sessions for read:user,repo,user:email,workflow...
2024-11-15 19:59:39.127 [info] Getting sessions for user:email...
2024-11-15 19:59:39.127 [info] Got 1 sessions for user:email...
2024-11-15 20:04:37.957 [info] Getting sessions for all scopes...
2024-11-15 20:04:37.957 [info] Got 1 sessions for ...
2024-11-15 20:04:37.958 [info] Getting sessions for read:user,repo,user:email,workflow...
2024-11-15 20:04:37.958 [info] Got 0 sessions for read:user,repo,user:email,workflow...
2024-11-15 20:04:37.960 [info] Getting sessions for user:email...
2024-11-15 20:04:37.960 [info] Got 1 sessions for user:email...
