2024-10-30 22:48:20.715 [info] Reading sessions from keychain...
2024-10-30 22:48:20.715 [info] Getting sessions for all scopes...
2024-10-30 22:48:20.715 [info] Getting sessions for all scopes...
2024-10-30 22:48:20.715 [info] Got stored sessions!
2024-10-30 22:48:20.715 [info] Got 1 verified sessions.
2024-10-30 22:48:20.715 [info] Got 1 sessions for ...
2024-10-30 22:48:20.715 [info] Got 1 sessions for ...
2024-10-30 22:48:20.715 [info] Getting sessions for user:email...
2024-10-30 22:48:20.715 [info] Got 1 sessions for user:email...
2024-10-30 22:48:20.903 [info] Getting sessions for all scopes...
2024-10-30 22:48:20.903 [info] Got 1 sessions for ...
2024-10-30 22:48:20.944 [info] Getting sessions for user:email...
2024-10-30 22:48:20.944 [info] Got 1 sessions for user:email...
2024-10-30 22:48:20.950 [info] Getting sessions for user:email...
2024-10-30 22:48:20.950 [info] Got 1 sessions for user:email...
2024-10-30 22:51:02.204 [info] Getting sessions for all scopes...
2024-10-30 22:51:02.204 [info] Got 1 sessions for ...
2024-10-30 22:51:02.204 [info] Getting sessions for all scopes...
2024-10-30 22:51:02.204 [info] Got 1 sessions for ...
2024-10-30 22:51:02.207 [info] Getting sessions for read:user,repo,user:email,workflow...
2024-10-30 22:51:02.208 [info] Got 0 sessions for read:user,repo,user:email,workflow...
2024-10-30 22:51:02.216 [info] Getting sessions for read:user,repo,user:email,workflow...
2024-10-30 22:51:02.216 [info] Got 0 sessions for read:user,repo,user:email,workflow...
2024-10-30 22:51:02.217 [info] Getting sessions for read:user...
2024-10-30 22:51:02.217 [info] Got 0 sessions for read:user...
2024-10-30 22:51:03.804 [info] Getting sessions for user:email...
2024-10-30 22:51:03.804 [info] Got 1 sessions for user:email...
2024-10-30 22:51:03.805 [info] Getting sessions for user:email...
2024-10-30 22:51:03.805 [info] Got 1 sessions for user:email...
2024-10-30 22:51:03.849 [info] Getting sessions for all scopes...
2024-10-30 22:51:03.849 [info] Got 1 sessions for ...
2024-10-30 22:51:03.853 [info] Getting sessions for read:user,repo,user:email,workflow...
2024-10-30 22:51:03.853 [info] Got 0 sessions for read:user,repo,user:email,workflow...
2024-10-30 22:51:03.855 [info] Getting sessions for user:email...
2024-10-30 22:51:03.855 [info] Got 1 sessions for user:email...
2024-10-30 22:51:03.857 [info] Getting sessions for all scopes...
2024-10-30 22:51:03.857 [info] Got 1 sessions for ...
2024-10-30 22:51:03.858 [info] Getting sessions for read:user,repo,user:email,workflow...
2024-10-30 22:51:03.858 [info] Got 0 sessions for read:user,repo,user:email,workflow...
2024-10-30 22:51:03.860 [info] Getting sessions for user:email...
2024-10-30 22:51:03.860 [info] Got 1 sessions for user:email...
2024-10-30 22:51:04.005 [info] Getting sessions for all scopes...
2024-10-30 22:51:04.005 [info] Got 1 sessions for ...
2024-10-30 22:51:04.018 [info] Getting sessions for read:user,repo,user:email,workflow...
2024-10-30 22:51:04.018 [info] Got 0 sessions for read:user,repo,user:email,workflow...
2024-10-30 22:51:04.020 [info] Getting sessions for user:email...
2024-10-30 22:51:04.020 [info] Got 1 sessions for user:email...
2024-10-30 22:51:04.785 [info] Getting sessions for all scopes...
2024-10-30 22:51:04.785 [info] Got 1 sessions for ...
2024-10-30 22:51:04.785 [info] Getting sessions for all scopes...
2024-10-30 22:51:04.785 [info] Got 1 sessions for ...
2024-10-30 22:51:04.809 [info] Getting sessions for read:user,repo,user:email,workflow...
2024-10-30 22:51:04.809 [info] Got 0 sessions for read:user,repo,user:email,workflow...
2024-10-30 22:51:04.810 [info] Getting sessions for user:email...
2024-10-30 22:51:04.810 [info] Got 1 sessions for user:email...
2024-10-30 22:51:04.814 [info] Getting sessions for all scopes...
2024-10-30 22:51:04.814 [info] Got 1 sessions for ...
2024-10-30 22:51:04.815 [info] Getting sessions for read:user,repo,user:email,workflow...
2024-10-30 22:51:04.815 [info] Got 0 sessions for read:user,repo,user:email,workflow...
2024-10-30 22:51:04.817 [info] Getting sessions for user:email...
2024-10-30 22:51:04.817 [info] Got 1 sessions for user:email...
2024-10-30 22:51:04.990 [info] Getting sessions for all scopes...
2024-10-30 22:51:04.990 [info] Got 1 sessions for ...
2024-10-30 22:51:05.013 [info] Getting sessions for read:user,repo,user:email,workflow...
2024-10-30 22:51:05.014 [info] Got 0 sessions for read:user,repo,user:email,workflow...
2024-10-30 22:51:05.015 [info] Getting sessions for user:email...
2024-10-30 22:51:05.015 [info] Got 1 sessions for user:email...
2024-10-30 22:51:31.453 [info] Getting sessions for all scopes...
2024-10-30 22:51:31.453 [info] Got 1 sessions for ...
2024-10-30 22:51:31.470 [info] Getting sessions for read:user,repo,user:email,workflow...
2024-10-30 22:51:31.470 [info] Got 0 sessions for read:user,repo,user:email,workflow...
2024-10-30 22:51:31.471 [info] Getting sessions for user:email...
2024-10-30 22:51:31.471 [info] Got 1 sessions for user:email...
