2024-10-17 02:01:51.146 [info] Getting Manifest... james-yu.latex-workshop
2024-10-17 02:01:51.352 [info] Installing extension: james-yu.latex-workshop {"isMachineScoped":false,"installPreReleaseVersion":false,"pinned":false,"profileLocation":{"$mid":1,"external":"vscode-userdata:/home/ste/.vscode/extensions/extensions.json","path":"/home/ste/.vscode/extensions/extensions.json","scheme":"vscode-userdata"},"installOnlyNewlyAddedFromExtensionPack":true,"isApplicationScoped":false,"productVersion":{"version":"1.94.1","date":"2024-10-05T05:44:32.189Z"}}
2024-10-17 02:01:52.858 [info] Getting Manifest... mathematic.vscode-latex
2024-10-17 02:01:53.858 [info] Installing extension: mathematic.vscode-latex {"isMachineScoped":false,"installPreReleaseVersion":false,"pinned":false,"profileLocation":{"$mid":1,"external":"vscode-userdata:/home/ste/.vscode/extensions/extensions.json","path":"/home/ste/.vscode/extensions/extensions.json","scheme":"vscode-userdata"},"installOnlyNewlyAddedFromExtensionPack":true,"isApplicationScoped":false,"productVersion":{"version":"1.94.1","date":"2024-10-05T05:44:32.189Z"}}
2024-10-17 02:01:54.130 [info] Extension signature verification result for james-yu.latex-workshop: UnknownError. Executed: true. Duration: 42ms.
2024-10-17 02:01:56.339 [info] Extracted extension to file:///home/ste/.vscode/extensions/james-yu.latex-workshop-10.5.3: james-yu.latex-workshop
2024-10-17 02:01:56.356 [info] Renamed to /home/ste/.vscode/extensions/james-yu.latex-workshop-10.5.3
2024-10-17 02:01:56.378 [info] Extension installed successfully: james-yu.latex-workshop vscode-userdata:/home/ste/.vscode/extensions/extensions.json
2024-10-17 02:01:56.480 [error] [uncaught exception in sharedProcess]: Error: ENOENT: no such file or directory, stat '/home/ste/.vscode/extensions/extensions.json.vsctmp': EntryNotFound (FileSystemError): Error: ENOENT: no such file or directory, stat '/home/ste/.vscode/extensions/extensions.json.vsctmp'
    at lm.create (file:///opt/visual-studio-code/resources/app/out/vs/code/electron-utility/sharedProcess/sharedProcessMain.js:35:39253)
    at Es (file:///opt/visual-studio-code/resources/app/out/vs/code/electron-utility/sharedProcess/sharedProcessMain.js:35:39360)
    at Fr.ib (file:///opt/visual-studio-code/resources/app/out/vs/code/electron-utility/sharedProcess/sharedProcessMain.js:71:22661)
    at Fr.stat (file:///opt/visual-studio-code/resources/app/out/vs/code/electron-utility/sharedProcess/sharedProcessMain.js:71:15994)
    at async eh.stat (file:///opt/visual-studio-code/resources/app/out/vs/code/electron-utility/sharedProcess/sharedProcessMain.js:70:84484)
    at async Kl.yb (file:///opt/visual-studio-code/resources/app/out/vs/code/electron-utility/sharedProcess/sharedProcessMain.js:70:66600)
2024-10-17 02:02:02.694 [info] Extension signature verification result for mathematic.vscode-latex: UnknownError. Executed: true. Duration: 10ms.
2024-10-17 02:02:03.469 [info] Extracted extension to file:///home/ste/.vscode/extensions/mathematic.vscode-latex-1.3.0: mathematic.vscode-latex
2024-10-17 02:02:03.482 [info] Renamed to /home/ste/.vscode/extensions/mathematic.vscode-latex-1.3.0
2024-10-17 02:02:03.502 [info] Extension installed successfully: mathematic.vscode-latex vscode-userdata:/home/ste/.vscode/extensions/extensions.json
2024-10-17 02:02:03.578 [error] [uncaught exception in sharedProcess]: Error: ENOENT: no such file or directory, stat '/home/ste/.vscode/extensions/extensions.json.vsctmp': EntryNotFound (FileSystemError): Error: ENOENT: no such file or directory, stat '/home/ste/.vscode/extensions/extensions.json.vsctmp'
    at lm.create (file:///opt/visual-studio-code/resources/app/out/vs/code/electron-utility/sharedProcess/sharedProcessMain.js:35:39253)
    at Es (file:///opt/visual-studio-code/resources/app/out/vs/code/electron-utility/sharedProcess/sharedProcessMain.js:35:39360)
    at Fr.ib (file:///opt/visual-studio-code/resources/app/out/vs/code/electron-utility/sharedProcess/sharedProcessMain.js:71:22661)
    at Fr.stat (file:///opt/visual-studio-code/resources/app/out/vs/code/electron-utility/sharedProcess/sharedProcessMain.js:71:15994)
    at async eh.stat (file:///opt/visual-studio-code/resources/app/out/vs/code/electron-utility/sharedProcess/sharedProcessMain.js:70:84484)
    at async Kl.yb (file:///opt/visual-studio-code/resources/app/out/vs/code/electron-utility/sharedProcess/sharedProcessMain.js:70:66600)
