2024-10-17 01:59:40.069 [info] Using settings sync service https://vscode-sync.trafficmanager.net/
2024-10-17 01:59:40.069 [info] Auto Sync is enabled.
2024-10-17 01:59:40.069 [info] Auto Sync: Suspended until auth token is available.
2024-10-17 01:59:41.298 [info] Auto Sync: Triggered by Interval
2024-10-17 01:59:41.299 [info] Sync started.
2024-10-17 01:59:42.007 [info] Settings: No changes found during synchronizing settings.
2024-10-17 01:59:42.019 [info] Keybindings: No changes found during synchronizing keybindings.
2024-10-17 01:59:42.025 [info] Snippets: No changes found during synchronizing snippets.
2024-10-17 01:59:42.032 [info] Tasks: No changes found during synchronizing tasks.
2024-10-17 01:59:42.608 [info] GlobalState: Updated remote ui state. Updated: cpp.1.lastSessionDate,cpp.1.sessionCount,java.2.lastSessionDate,java.2.sessionCount,javascript.1.lastSessionDate,javascript.1.sessionCount,typescript.1.lastSessionDate,typescript.1.sessionCount,csharp.1.lastSessionDate,csharp.1.sessionCount.
2024-10-17 01:59:42.614 [info] GlobalState: Updated last synchronized ui state
2024-10-17 01:59:42.651 [info] Extensions: No changes found during synchronizing extensions.
2024-10-17 01:59:42.654 [info] Profiles: No changes found during synchronizing profiles.
2024-10-17 01:59:42.656 [info] Sync done. Took 1361ms
2024-10-17 02:00:19.731 [info] Auto Sync: Triggered by Activity
2024-10-17 02:00:19.731 [info] Sync started.
2024-10-17 02:00:20.041 [info] Settings: No changes found during synchronizing settings.
2024-10-17 02:00:20.048 [info] Keybindings: No changes found during synchronizing keybindings.
2024-10-17 02:00:20.052 [info] Snippets: No changes found during synchronizing snippets.
2024-10-17 02:00:20.056 [info] Tasks: No changes found during synchronizing tasks.
2024-10-17 02:00:20.062 [info] GlobalState: No changes found during synchronizing ui state.
2024-10-17 02:00:20.105 [info] Extensions: No changes found during synchronizing extensions.
2024-10-17 02:00:20.108 [info] Profiles: No changes found during synchronizing profiles.
2024-10-17 02:00:20.110 [info] Sync done. Took 381ms
2024-10-17 02:00:50.126 [info] Auto Sync: Triggered by Activity
2024-10-17 02:00:50.127 [info] Sync started.
2024-10-17 02:00:50.289 [info] Settings: No changes found during synchronizing settings.
2024-10-17 02:00:50.305 [info] Keybindings: No changes found during synchronizing keybindings.
2024-10-17 02:00:50.332 [info] Snippets: No changes found during synchronizing snippets.
2024-10-17 02:00:50.358 [info] Tasks: No changes found during synchronizing tasks.
2024-10-17 02:00:50.364 [info] GlobalState: No changes found during synchronizing ui state.
2024-10-17 02:00:50.407 [info] Extensions: No changes found during synchronizing extensions.
2024-10-17 02:00:50.408 [info] Profiles: No changes found during synchronizing profiles.
2024-10-17 02:00:50.410 [info] Sync done. Took 333ms
2024-10-17 02:01:10.021 [info] Auto Sync: Triggered by Activity
2024-10-17 02:01:10.021 [info] Sync started.
2024-10-17 02:01:10.095 [info] Settings: No changes found during synchronizing settings.
2024-10-17 02:01:10.099 [info] Keybindings: No changes found during synchronizing keybindings.
2024-10-17 02:01:10.103 [info] Snippets: No changes found during synchronizing snippets.
2024-10-17 02:01:10.107 [info] Tasks: No changes found during synchronizing tasks.
2024-10-17 02:01:10.113 [info] GlobalState: No changes found during synchronizing ui state.
2024-10-17 02:01:10.154 [info] Extensions: No changes found during synchronizing extensions.
2024-10-17 02:01:10.178 [info] Profiles: No changes found during synchronizing profiles.
2024-10-17 02:01:10.179 [info] Sync done. Took 151ms
2024-10-17 02:01:25.929 [info] Auto Sync: Triggered by Activity
2024-10-17 02:01:25.929 [info] Sync started.
2024-10-17 02:01:26.006 [info] Settings: No changes found during synchronizing settings.
2024-10-17 02:01:26.012 [info] Keybindings: No changes found during synchronizing keybindings.
2024-10-17 02:01:26.017 [info] Snippets: No changes found during synchronizing snippets.
2024-10-17 02:01:26.020 [info] Tasks: No changes found during synchronizing tasks.
2024-10-17 02:01:26.024 [info] GlobalState: No changes found during synchronizing ui state.
2024-10-17 02:01:26.061 [info] Extensions: No changes found during synchronizing extensions.
2024-10-17 02:01:26.062 [info] Profiles: No changes found during synchronizing profiles.
2024-10-17 02:01:26.064 [info] Sync done. Took 136ms
2024-10-17 02:01:40.372 [info] Auto Sync: Triggered by Activity
2024-10-17 02:01:40.372 [info] Sync started.
2024-10-17 02:01:40.654 [info] Settings: No changes found during synchronizing settings.
2024-10-17 02:01:40.659 [info] Keybindings: No changes found during synchronizing keybindings.
2024-10-17 02:01:40.662 [info] Snippets: No changes found during synchronizing snippets.
2024-10-17 02:01:40.665 [info] Tasks: No changes found during synchronizing tasks.
2024-10-17 02:01:40.670 [info] GlobalState: No changes found during synchronizing ui state.
2024-10-17 02:01:40.707 [info] Extensions: No changes found during synchronizing extensions.
2024-10-17 02:01:40.709 [info] Profiles: No changes found during synchronizing profiles.
2024-10-17 02:01:40.711 [info] Sync done. Took 341ms
2024-10-17 02:01:59.649 [info] Auto Sync: Triggered by Activity
2024-10-17 02:01:59.649 [info] Sync started.
2024-10-17 02:01:59.939 [info] Settings: No changes found during synchronizing settings.
2024-10-17 02:01:59.942 [info] Keybindings: No changes found during synchronizing keybindings.
2024-10-17 02:01:59.947 [info] Snippets: No changes found during synchronizing snippets.
2024-10-17 02:01:59.950 [info] Tasks: No changes found during synchronizing tasks.
2024-10-17 02:02:01.380 [info] GlobalState: Updated remote ui state. Added: workbench.view.extension.latex-workshop-activitybar.state.hidden. Updated: workbench.activity.pinnedViewlets2.
2024-10-17 02:02:01.400 [info] GlobalState: Updated last synchronized ui state
2024-10-17 02:02:01.944 [info] Extensions: Updated remote extensions. Added: ["james-yu.latex-workshop"].
2024-10-17 02:02:01.949 [info] Extensions: Updated last synchronized extensions. Skipped: ["vsciot-vscode.vscode-arduino"].
2024-10-17 02:02:01.953 [info] Profiles: No changes found during synchronizing profiles.
2024-10-17 02:02:01.956 [info] Sync done. Took 2308ms
2024-10-17 02:02:05.603 [info] Auto Sync: Triggered by Activity
2024-10-17 02:02:05.604 [info] Sync started.
2024-10-17 02:02:05.712 [info] Settings: No changes found during synchronizing settings.
2024-10-17 02:02:05.718 [info] Keybindings: No changes found during synchronizing keybindings.
2024-10-17 02:02:05.724 [info] Snippets: No changes found during synchronizing snippets.
2024-10-17 02:02:05.728 [info] Tasks: No changes found during synchronizing tasks.
2024-10-17 02:02:05.735 [info] GlobalState: No changes found during synchronizing ui state.
2024-10-17 02:02:06.124 [info] Extensions: Updated remote extensions. Added: ["mathematic.vscode-latex"].
2024-10-17 02:02:06.133 [info] Extensions: Updated last synchronized extensions. Skipped: ["vsciot-vscode.vscode-arduino"].
2024-10-17 02:02:06.133 [info] Profiles: No changes found during synchronizing profiles.
2024-10-17 02:02:06.136 [info] Sync done. Took 534ms
2024-10-17 02:02:35.347 [info] Auto Sync: Triggered by Activity
2024-10-17 02:02:35.347 [info] Sync started.
2024-10-17 02:02:35.568 [info] Settings: No changes found during synchronizing settings.
2024-10-17 02:02:35.574 [info] Keybindings: No changes found during synchronizing keybindings.
2024-10-17 02:02:35.579 [info] Snippets: No changes found during synchronizing snippets.
2024-10-17 02:02:35.583 [info] Tasks: No changes found during synchronizing tasks.
2024-10-17 02:02:35.591 [info] GlobalState: No changes found during synchronizing ui state.
2024-10-17 02:02:35.633 [info] Extensions: No changes found during synchronizing extensions.
2024-10-17 02:02:35.635 [info] Profiles: No changes found during synchronizing profiles.
2024-10-17 02:02:35.637 [info] Sync done. Took 292ms
