2024-10-13 02:07:28.505 [info] Using settings sync service https://vscode-sync.trafficmanager.net/
2024-10-13 02:07:28.505 [info] Auto Sync is enabled.
2024-10-13 02:07:28.505 [info] Auto Sync: Suspended until auth token is available.
2024-10-13 02:07:30.569 [info] Auto Sync: Triggered by Interval
2024-10-13 02:07:30.569 [info] Sync started.
2024-10-13 02:07:31.193 [info] Settings: No changes found during synchronizing settings.
2024-10-13 02:07:31.250 [info] Keybindings: No changes found during synchronizing keybindings.
2024-10-13 02:07:31.257 [info] Snippets: No changes found during synchronizing snippets.
2024-10-13 02:07:31.262 [info] Tasks: No changes found during synchronizing tasks.
2024-10-13 02:07:31.269 [info] GlobalState: No changes found during synchronizing ui state.
2024-10-13 02:07:31.342 [info] Extensions: No changes found during synchronizing extensions.
2024-10-13 02:07:31.363 [info] Profiles: No changes found during synchronizing profiles.
2024-10-13 02:07:31.372 [info] Sync done. Took 803ms
2024-10-13 02:07:41.438 [info] Auto Sync: Triggered by Activity
2024-10-13 02:07:41.438 [info] Sync started.
2024-10-13 02:07:41.527 [info] Settings: No changes found during synchronizing settings.
2024-10-13 02:07:41.530 [info] Keybindings: No changes found during synchronizing keybindings.
2024-10-13 02:07:41.534 [info] Snippets: No changes found during synchronizing snippets.
2024-10-13 02:07:41.538 [info] Tasks: No changes found during synchronizing tasks.
2024-10-13 02:07:42.192 [info] GlobalState: Updated remote ui state. Updated: workbench.activity.pinnedViewlets2.
2024-10-13 02:07:42.227 [info] GlobalState: Updated last synchronized ui state
2024-10-13 02:07:42.600 [info] Extensions: Updated remote extensions. Added: ["ms-vscode.hexeditor"].
2024-10-13 02:07:42.604 [info] Extensions: Updated last synchronized extensions. Skipped: ["vsciot-vscode.vscode-arduino"].
2024-10-13 02:07:42.607 [info] Profiles: No changes found during synchronizing profiles.
2024-10-13 02:07:42.609 [info] Sync done. Took 1172ms
2024-10-13 02:07:48.573 [info] Auto Sync: Triggered by Activity
2024-10-13 02:07:48.573 [info] Sync started.
2024-10-13 02:07:49.033 [info] Settings: Updated remote settings
2024-10-13 02:07:49.037 [info] Settings: Updated last synchronized settings
2024-10-13 02:07:49.041 [info] Keybindings: No changes found during synchronizing keybindings.
2024-10-13 02:07:49.045 [info] Snippets: No changes found during synchronizing snippets.
2024-10-13 02:07:49.048 [info] Tasks: No changes found during synchronizing tasks.
2024-10-13 02:07:49.052 [info] GlobalState: No changes found during synchronizing ui state.
2024-10-13 02:07:49.093 [info] Extensions: No changes found during synchronizing extensions.
2024-10-13 02:07:49.096 [info] Profiles: No changes found during synchronizing profiles.
2024-10-13 02:07:49.098 [info] Sync done. Took 526ms
2024-10-13 02:08:03.550 [info] Auto Sync: Triggered by Activity
2024-10-13 02:08:03.551 [info] Sync started.
2024-10-13 02:08:03.629 [info] Settings: No changes found during synchronizing settings.
2024-10-13 02:08:03.634 [info] Keybindings: No changes found during synchronizing keybindings.
2024-10-13 02:08:03.637 [info] Snippets: No changes found during synchronizing snippets.
2024-10-13 02:08:03.640 [info] Tasks: No changes found during synchronizing tasks.
2024-10-13 02:08:03.644 [info] GlobalState: No changes found during synchronizing ui state.
2024-10-13 02:08:03.685 [info] Extensions: No changes found during synchronizing extensions.
2024-10-13 02:08:03.686 [info] Profiles: No changes found during synchronizing profiles.
2024-10-13 02:08:03.689 [info] Sync done. Took 140ms
