2024-10-30 22:48:20.263 [info] [main] Log level: Info
2024-10-30 22:48:20.263 [info] [main] Validating found git in: "git"
2024-10-30 22:48:20.263 [info] [main] Using git "2.47.0" from "git"
2024-10-30 22:48:20.263 [info] [Model][doInitialScan] Initial repository scan started
2024-10-30 22:48:20.263 [info] > git rev-parse --show-toplevel [8ms]
2024-10-30 22:48:20.263 [info] fatal: not a git repository (or any parent up to mount point /home/ste)
Stopping at filesystem boundary (GIT_DISCOVERY_ACROSS_FILESYSTEM not set).
2024-10-30 22:48:20.263 [info] [Model][doInitialScan] Initial repository scan completed - repositories (0), closed repositories (0), parent repositories (0), unsafe repositories (0)
2024-10-30 22:48:20.380 [info] > git rev-parse --show-toplevel [1ms]
2024-10-30 22:48:20.380 [info] fatal: not a git repository (or any parent up to mount point /home/ste)
Stopping at filesystem boundary (GIT_DISCOVERY_ACROSS_FILESYSTEM not set).
2024-10-30 22:48:20.588 [info] > git rev-parse --show-toplevel [85ms]
2024-10-30 22:48:20.588 [info] fatal: not a git repository (or any parent up to mount point /home/ste)
Stopping at filesystem boundary (GIT_DISCOVERY_ACROSS_FILESYSTEM not set).
2024-10-30 22:48:20.712 [info] > git rev-parse --show-toplevel [4ms]
2024-10-30 22:48:20.712 [info] fatal: not a git repository (or any parent up to mount point /home/ste)
Stopping at filesystem boundary (GIT_DISCOVERY_ACROSS_FILESYSTEM not set).
2024-10-30 22:48:20.873 [info] > git rev-parse --show-toplevel [3ms]
2024-10-30 22:48:20.873 [info] fatal: not a git repository (or any parent up to mount point /home/ste)
Stopping at filesystem boundary (GIT_DISCOVERY_ACROSS_FILESYSTEM not set).
2024-10-30 22:48:21.480 [info] > git rev-parse --show-toplevel [5ms]
2024-10-30 22:48:21.480 [info] fatal: not a git repository (or any parent up to mount point /home/ste)
Stopping at filesystem boundary (GIT_DISCOVERY_ACROSS_FILESYSTEM not set).
2024-10-30 22:48:23.840 [info] > git rev-parse --show-toplevel [4ms]
2024-10-30 22:48:23.840 [info] fatal: not a git repository (or any parent up to mount point /home/ste)
Stopping at filesystem boundary (GIT_DISCOVERY_ACROSS_FILESYSTEM not set).
2024-10-30 22:48:23.997 [info] > git rev-parse --show-toplevel [4ms]
2024-10-30 22:48:23.997 [info] fatal: not a git repository (or any parent up to mount point /home/ste)
Stopping at filesystem boundary (GIT_DISCOVERY_ACROSS_FILESYSTEM not set).
2024-10-30 22:49:30.948 [info] > git rev-parse --show-toplevel [3ms]
2024-10-30 22:49:30.948 [info] fatal: not a git repository (or any parent up to mount point /home/ste)
Stopping at filesystem boundary (GIT_DISCOVERY_ACROSS_FILESYSTEM not set).
2024-10-30 22:51:00.028 [info] > git rev-parse --show-toplevel [2ms]
2024-10-30 22:51:00.028 [info] fatal: not a git repository (or any parent up to mount point /home/ste)
Stopping at filesystem boundary (GIT_DISCOVERY_ACROSS_FILESYSTEM not set).
2024-10-30 22:51:00.409 [info] > git rev-parse --show-toplevel [23ms]
2024-10-30 22:51:00.409 [info] fatal: not a git repository (or any parent up to mount point /home/ste)
Stopping at filesystem boundary (GIT_DISCOVERY_ACROSS_FILESYSTEM not set).
2024-10-30 22:51:00.565 [info] > git rev-parse --show-toplevel [8ms]
2024-10-30 22:51:00.565 [info] fatal: not a git repository (or any parent up to mount point /home/ste)
Stopping at filesystem boundary (GIT_DISCOVERY_ACROSS_FILESYSTEM not set).
2024-10-30 22:51:24.967 [info] > git rev-parse --show-toplevel [15ms]
2024-10-30 22:51:24.969 [info] fatal: not a git repository (or any parent up to mount point /home/ste)
Stopping at filesystem boundary (GIT_DISCOVERY_ACROSS_FILESYSTEM not set).
2024-10-30 22:51:46.573 [info] > git rev-parse --show-toplevel [4ms]
2024-10-30 22:51:46.573 [info] fatal: not a git repository (or any parent up to mount point /home/ste)
Stopping at filesystem boundary (GIT_DISCOVERY_ACROSS_FILESYSTEM not set).
