{"logTime": "1007/220324", "correlationVector":"NE38WdW0sX1/cTOlXjRWLg","action":"Commit Request", "result":"", "context":Item count: 4
Contributing types: Typed URLs, Sessions}
{"logTime": "1007/220324", "correlationVector":"NE38WdW0sX1/cTOlXjRWLg.1","action":"SyncServerConnectionManagerRequest", "result":"SYNC_SERVER_OK", "context":{"environment":"Prod_WestEurope_000l", "migrationStage":"NotStarted", "server":"GENERAL0100000L"}}
{"logTime": "1007/220324", "correlationVector":"NE38WdW0sX1/cTOlXjRWLg.2","action":"Commit Response", "result":"Success", "context":Result: Success. cV=NE38WdW0sX1/cTOlXjRWLg.0;server=GENERAL0100000L;cloudType=Consumer;environment=Prod_WestEurope_000l;migrationStage=NotStarted}
{"logTime": "1007/220403", "correlationVector":"WOtkjNiHLvQB53J1VnkV1V","action":"Commit Request", "result":"", "context":Item count: 1
Contributing types: Sessions}
{"logTime": "1007/220403", "correlationVector":"WOtkjNiHLvQB53J1VnkV1V.1","action":"SyncServerConnectionManagerRequest", "result":"SYNC_SERVER_OK", "context":{"environment":"Prod_WestEurope_000l", "migrationStage":"NotStarted", "server":"GENERAL01000011"}}
{"logTime": "1007/220403", "correlationVector":"WOtkjNiHLvQB53J1VnkV1V.2","action":"Commit Response", "result":"Success", "context":Result: Success. cV=WOtkjNiHLvQB53J1VnkV1V.0;server=GENERAL01000011;cloudType=Consumer;environment=Prod_WestEurope_000l;migrationStage=NotStarted}
{"logTime": "1007/220414", "correlationVector":"YTdCgwbH1plrBQp/FuuvSF","action":"Commit Request", "result":"", "context":Item count: 1
Contributing types: Autofill}
{"logTime": "1007/220415", "correlationVector":"YTdCgwbH1plrBQp/FuuvSF.1","action":"SyncServerConnectionManagerRequest", "result":"SYNC_SERVER_OK", "context":{"environment":"Prod_WestEurope_000l", "migrationStage":"NotStarted", "server":"GENERAL0100000U"}}
{"logTime": "1007/220415", "correlationVector":"YTdCgwbH1plrBQp/FuuvSF.2","action":"Commit Response", "result":"Success", "context":Result: Success. cV=YTdCgwbH1plrBQp/FuuvSF.0;server=GENERAL0100000U;cloudType=Consumer;environment=Prod_WestEurope_000l;migrationStage=NotStarted}
{"logTime": "1007/220430", "correlationVector":"dlhC2FriD3kdIo7U5COtaH","action":"Normal GetUpdate request", "result":"", "context":cV=dlhC2FriD3kdIo7U5COtaH
Nudged types: Sessions
Refresh requested types: Bookmarks, Preferences, Passwords, Autofill Profiles, Autofill, Typed URLs, Extensions, Sessions, Extension settings, History Delete Directives, Device Info, User Consents, Send Tab To Self, Web Apps, Collection, Edge E Drop, Edge Hub App Usage, Edge Tab Group, Edge Wallet, Encryption Keys}
{"logTime": "1007/220431", "correlationVector":"dlhC2FriD3kdIo7U5COtaH.1","action":"SyncServerConnectionManagerRequest", "result":"SYNC_SERVER_OK", "context":{"environment":"Prod_WestEurope_000l", "migrationStage":"NotStarted", "server":"GENERAL01000007"}}
{"logTime": "1007/220431", "correlationVector":"dlhC2FriD3kdIo7U5COtaH.2","action":"GetUpdates", "result":"DeleteReceived", "context":{"id":"560e1e31-fafa-4b55-b5b6-c6320d9e32c2", "isDeleted:":"true", "version":"1728338370727"}}
{"logTime": "1007/220431", "correlationVector":"dlhC2FriD3kdIo7U5COtaH.3","action":"GetUpdates", "result":"DeleteReceived", "context":{"id":"ad817dd0-a869-4e9f-bcaf-a73d18093813", "isDeleted:":"true", "version":"1728338370728"}}
{"logTime": "1007/220431", "correlationVector":"dlhC2FriD3kdIo7U5COtaH.4","action":"GetUpdates", "result":"DeleteReceived", "context":{"id":"3cf706cc-e96c-4e41-83e4-c16cdc4b0f68", "isDeleted:":"true", "version":"1728338370729"}}
{"logTime": "1007/220431", "correlationVector":"dlhC2FriD3kdIo7U5COtaH.5","action":"GetUpdates", "result":"DeleteReceived", "context":{"id":"97e29873-36c1-448c-b948-f242dcba80bd", "isDeleted:":"true", "version":"1728338370730"}}
{"logTime": "1007/220431", "correlationVector":"dlhC2FriD3kdIo7U5COtaH.6","action":"GetUpdates", "result":"DeleteReceived", "context":{"id":"7cf85baf-e524-4dc5-bec7-2607a94618cb", "isDeleted:":"true", "version":"1728338533547"}}
{"logTime": "1007/220431", "correlationVector":"dlhC2FriD3kdIo7U5COtaH.7","action":"GetUpdates Response", "result":"Success", "context":Received 15 update(s). cV=dlhC2FriD3kdIo7U5COtaH.0;server=GENERAL01000007;cloudType=Consumer;environment=Prod_WestEurope_000l;migrationStage=NotStarted}
{"logTime": "1007/220431", "correlationVector":"r4KZLTJhGXldAVOgA/4lyc","action":"Commit Request", "result":"", "context":Item count: 1
Contributing types: Sessions}
{"logTime": "1007/220431", "correlationVector":"r4KZLTJhGXldAVOgA/4lyc.1","action":"SyncServerConnectionManagerRequest", "result":"SYNC_SERVER_OK", "context":{"environment":"Prod_WestEurope_000l", "migrationStage":"NotStarted", "server":"GENERAL0100000Z"}}
{"logTime": "1007/220431", "correlationVector":"r4KZLTJhGXldAVOgA/4lyc.2","action":"Commit Response", "result":"Success", "context":Result: Success. cV=r4KZLTJhGXldAVOgA/4lyc.0;server=GENERAL0100000Z;cloudType=Consumer;environment=Prod_WestEurope_000l;migrationStage=NotStarted}
{"logTime": "1007/220501", "correlationVector":"d/WD9ffUPRmMqpiaEUK0X+","action":"Commit Request", "result":"", "context":Item count: 1
Contributing types: Sessions}
{"logTime": "1007/220502", "correlationVector":"d/WD9ffUPRmMqpiaEUK0X+.1","action":"SyncServerConnectionManagerRequest", "result":"SYNC_SERVER_OK", "context":{"environment":"Prod_WestEurope_000l", "migrationStage":"NotStarted", "server":"GENERAL01000019"}}
{"logTime": "1007/220502", "correlationVector":"d/WD9ffUPRmMqpiaEUK0X+.2","action":"Commit Response", "result":"Success", "context":Result: Success. cV=d/WD9ffUPRmMqpiaEUK0X+.0;server=GENERAL01000019;cloudType=Consumer;environment=Prod_WestEurope_000l;migrationStage=NotStarted}
{"logTime": "1007/220503", "correlationVector":"A2+3Ju+/KkHy0vy6s8L+/J","action":"Commit Request", "result":"", "context":Item count: 1
Contributing types: Autofill Profiles}
{"logTime": "1007/220504", "correlationVector":"A2+3Ju+/KkHy0vy6s8L+/J.1","action":"SyncServerConnectionManagerRequest", "result":"SYNC_SERVER_OK", "context":{"environment":"Prod_WestEurope_000l", "migrationStage":"NotStarted", "server":"GENERAL01000012"}}
{"logTime": "1007/220504", "correlationVector":"A2+3Ju+/KkHy0vy6s8L+/J.2","action":"Commit Response", "result":"Success", "context":Result: Success. cV=A2+3Ju+/KkHy0vy6s8L+/J.0;server=GENERAL01000012;cloudType=Consumer;environment=Prod_WestEurope_000l;migrationStage=NotStarted}
{"logTime": "1007/220519", "correlationVector":"lM6dz37zIktQisawHq4JNE","action":"Commit Request", "result":"", "context":Item count: 2
Contributing types: Autofill Profiles, Autofill}
{"logTime": "1007/220520", "correlationVector":"lM6dz37zIktQisawHq4JNE.1","action":"SyncServerConnectionManagerRequest", "result":"SYNC_SERVER_OK", "context":{"environment":"Prod_WestEurope_000l", "migrationStage":"NotStarted", "server":"GENERAL01000013"}}
{"logTime": "1007/220520", "correlationVector":"lM6dz37zIktQisawHq4JNE.2","action":"Commit Response", "result":"Success", "context":Result: Success. cV=lM6dz37zIktQisawHq4JNE.0;server=GENERAL01000013;cloudType=Consumer;environment=Prod_WestEurope_000l;migrationStage=NotStarted}
{"logTime": "1007/220550", "correlationVector":"ZXF3hbId4OFiWISOYge3CA","action":"Commit Request", "result":"", "context":Item count: 1
Contributing types: Sessions}
{"logTime": "1007/220551", "correlationVector":"ZXF3hbId4OFiWISOYge3CA.1","action":"SyncServerConnectionManagerRequest", "result":"SYNC_SERVER_OK", "context":{"environment":"Prod_WestEurope_000l", "migrationStage":"NotStarted", "server":"GENERAL01000007"}}
{"logTime": "1007/220551", "correlationVector":"ZXF3hbId4OFiWISOYge3CA.2","action":"Commit Response", "result":"Success", "context":Result: Success. cV=ZXF3hbId4OFiWISOYge3CA.0;server=GENERAL01000007;cloudType=Consumer;environment=Prod_WestEurope_000l;migrationStage=NotStarted}
{"logTime": "1007/220753", "correlationVector":"E0Lur/k59Ut2w8tSiPSVZK","action":"Commit Request", "result":"", "context":Item count: 2
Contributing types: Sessions}
{"logTime": "1007/220753", "correlationVector":"E0Lur/k59Ut2w8tSiPSVZK.1","action":"SyncServerConnectionManagerRequest", "result":"SYNC_SERVER_OK", "context":{"environment":"Prod_WestEurope_000l", "migrationStage":"NotStarted", "server":"GENERAL0100000C"}}
{"logTime": "1007/220753", "correlationVector":"E0Lur/k59Ut2w8tSiPSVZK.2","action":"Commit Response", "result":"Success", "context":Result: Success. cV=E0Lur/k59Ut2w8tSiPSVZK.0;server=GENERAL0100000C;cloudType=Consumer;environment=Prod_WestEurope_000l;migrationStage=NotStarted}
{"logTime": "1007/220825", "correlationVector":"wzkbiNMsvrxiAeJQ5A8utQ","action":"Commit Request", "result":"", "context":Item count: 1
Contributing types: Sessions}
{"logTime": "1007/220826", "correlationVector":"wzkbiNMsvrxiAeJQ5A8utQ.1","action":"SyncServerConnectionManagerRequest", "result":"SYNC_SERVER_OK", "context":{"environment":"Prod_WestEurope_000l", "migrationStage":"NotStarted", "server":"GENERAL0100000S"}}
{"logTime": "1007/220826", "correlationVector":"wzkbiNMsvrxiAeJQ5A8utQ.2","action":"Commit Response", "result":"Success", "context":Result: Success. cV=wzkbiNMsvrxiAeJQ5A8utQ.0;server=GENERAL0100000S;cloudType=Consumer;environment=Prod_WestEurope_000l;migrationStage=NotStarted}
{"logTime": "1007/220916", "correlationVector":"BjuM4sTUzoF+USblWEr/44","action":"Commit Request", "result":"", "context":Item count: 1
Contributing types: Sessions}
{"logTime": "1007/220917", "correlationVector":"BjuM4sTUzoF+USblWEr/44.1","action":"SyncServerConnectionManagerRequest", "result":"SYNC_SERVER_OK", "context":{"environment":"Prod_WestEurope_000l", "migrationStage":"NotStarted", "server":"GENERAL0100000O"}}
{"logTime": "1007/220917", "correlationVector":"BjuM4sTUzoF+USblWEr/44.2","action":"Commit Response", "result":"Success", "context":Result: Success. cV=BjuM4sTUzoF+USblWEr/44.0;server=GENERAL0100000O;cloudType=Consumer;environment=Prod_WestEurope_000l;migrationStage=NotStarted}
{"logTime": "1007/221046", "correlationVector":"w1zFiGmQj+DHkE0fm3pj2e","action":"Commit Request", "result":"", "context":Item count: 1
Contributing types: Sessions}
{"logTime": "1007/221047", "correlationVector":"w1zFiGmQj+DHkE0fm3pj2e.1","action":"SyncServerConnectionManagerRequest", "result":"SYNC_SERVER_OK", "context":{"environment":"Prod_WestEurope_000l", "migrationStage":"NotStarted", "server":"GENERAL01000006"}}
{"logTime": "1007/221047", "correlationVector":"w1zFiGmQj+DHkE0fm3pj2e.2","action":"Commit Response", "result":"Success", "context":Result: Success. cV=w1zFiGmQj+DHkE0fm3pj2e.0;server=GENERAL01000006;cloudType=Consumer;environment=Prod_WestEurope_000l;migrationStage=NotStarted}
{"logTime": "1007/221143", "correlationVector":"ARgMpc9iyqgwj/IHsshgHT","action":"Commit Request", "result":"", "context":Item count: 1
Contributing types: Sessions}
{"logTime": "1007/221144", "correlationVector":"ARgMpc9iyqgwj/IHsshgHT.1","action":"SyncServerConnectionManagerRequest", "result":"SYNC_SERVER_OK", "context":{"environment":"Prod_WestEurope_000l", "migrationStage":"NotStarted", "server":"GENERAL0100000V"}}
{"logTime": "1007/221144", "correlationVector":"ARgMpc9iyqgwj/IHsshgHT.2","action":"Commit Response", "result":"Success", "context":Result: Success. cV=ARgMpc9iyqgwj/IHsshgHT.0;server=GENERAL0100000V;cloudType=Consumer;environment=Prod_WestEurope_000l;migrationStage=NotStarted}
{"logTime": "1007/221700", "correlationVector":"dwns2qv3LdpQydNE4/bd67","action":"Commit Request", "result":"", "context":Item count: 1
Contributing types: Sessions}
{"logTime": "1007/221701", "correlationVector":"dwns2qv3LdpQydNE4/bd67.1","action":"SyncServerConnectionManagerRequest", "result":"SYNC_SERVER_OK", "context":{"environment":"Prod_WestEurope_000l", "migrationStage":"NotStarted", "server":"GENERAL01000005"}}
{"logTime": "1007/221701", "correlationVector":"dwns2qv3LdpQydNE4/bd67.2","action":"Commit Response", "result":"Success", "context":Result: Success. cV=dwns2qv3LdpQydNE4/bd67.0;server=GENERAL01000005;cloudType=Consumer;environment=Prod_WestEurope_000l;migrationStage=NotStarted}
{"logTime": "1007/221733", "correlationVector":"b4TyImZjjjwM5FvVNxjE/Q","action":"Commit Request", "result":"", "context":Item count: 2
Contributing types: Sessions}
{"logTime": "1007/221733", "correlationVector":"b4TyImZjjjwM5FvVNxjE/Q.1","action":"SyncServerConnectionManagerRequest", "result":"SYNC_SERVER_OK", "context":{"environment":"Prod_WestEurope_000l", "migrationStage":"NotStarted", "server":"GENERAL01000007"}}
{"logTime": "1007/221733", "correlationVector":"b4TyImZjjjwM5FvVNxjE/Q.3","action":"Commit.Sessions", "result":"Success", "context":{"id":"0deb17a5-5501-4d9e-acab-da6f6935b1c0", "isDeleted":"true", "size":"0", "version":"1728339421657"}}
{"logTime": "1007/221733", "correlationVector":"b4TyImZjjjwM5FvVNxjE/Q.2","action":"Commit Response", "result":"Success", "context":Result: Success. cV=b4TyImZjjjwM5FvVNxjE/Q.0;server=GENERAL01000007;cloudType=Consumer;environment=Prod_WestEurope_000l;migrationStage=NotStarted}
{"logTime": "1007/222251", "correlationVector":"bu959wEePARcI5ADZlLdOU","action":"Commit Request", "result":"", "context":Item count: 3
Contributing types: Sessions}
{"logTime": "1007/222252", "correlationVector":"bu959wEePARcI5ADZlLdOU.1","action":"SyncServerConnectionManagerRequest", "result":"SYNC_SERVER_OK", "context":{"environment":"Prod_WestEurope_000l", "migrationStage":"NotStarted", "server":"GENERAL0100000M"}}
{"logTime": "1007/222252", "correlationVector":"bu959wEePARcI5ADZlLdOU.2","action":"Commit Response", "result":"Success", "context":Result: Success. cV=bu959wEePARcI5ADZlLdOU.0;server=GENERAL0100000M;cloudType=Consumer;environment=Prod_WestEurope_000l;migrationStage=NotStarted}
{"logTime": "1007/222326", "correlationVector":"ES2bxt7n7dkBbIVBL2Rsu9","action":"Commit Request", "result":"", "context":Item count: 1
Contributing types: Sessions}
{"logTime": "1007/222326", "correlationVector":"ES2bxt7n7dkBbIVBL2Rsu9.1","action":"SyncServerConnectionManagerRequest", "result":"SYNC_SERVER_OK", "context":{"environment":"Prod_WestEurope_000l", "migrationStage":"NotStarted", "server":"GENERAL0100000U"}}
{"logTime": "1007/222326", "correlationVector":"ES2bxt7n7dkBbIVBL2Rsu9.3","action":"Commit.Sessions", "result":"Success", "context":{"id":"bbb86896-d4f1-4803-b80c-19d53be55273", "isDeleted":"true", "size":"0", "version":"1728339772062"}}
{"logTime": "1007/222326", "correlationVector":"ES2bxt7n7dkBbIVBL2Rsu9.2","action":"Commit Response", "result":"Success", "context":Result: Success. cV=ES2bxt7n7dkBbIVBL2Rsu9.0;server=GENERAL0100000U;cloudType=Consumer;environment=Prod_WestEurope_000l;migrationStage=NotStarted}
{"logTime": "1007/222710", "correlationVector":"HUETxjgz6HAfO3QAhmsob4","action":"Commit Request", "result":"", "context":Item count: 1
Contributing types: Sessions}
{"logTime": "1007/222711", "correlationVector":"HUETxjgz6HAfO3QAhmsob4.1","action":"SyncServerConnectionManagerRequest", "result":"SYNC_SERVER_OK", "context":{"environment":"Prod_WestEurope_000l", "migrationStage":"NotStarted", "server":"GENERAL0100000B"}}
{"logTime": "1007/222711", "correlationVector":"HUETxjgz6HAfO3QAhmsob4.2","action":"Commit Response", "result":"Success", "context":Result: Success. cV=HUETxjgz6HAfO3QAhmsob4.0;server=GENERAL0100000B;cloudType=Consumer;environment=Prod_WestEurope_000l;migrationStage=NotStarted}
{"logTime": "1007/223129", "correlationVector":"a4Vc2PLxIyIsnwIYZZDYdN","action":"Commit Request", "result":"", "context":Item count: 2
Contributing types: Sessions}
{"logTime": "1007/223130", "correlationVector":"a4Vc2PLxIyIsnwIYZZDYdN.1","action":"SyncServerConnectionManagerRequest", "result":"SYNC_SERVER_OK", "context":{"environment":"Prod_WestEurope_000l", "migrationStage":"NotStarted", "server":"GENERAL0100000Q"}}
{"logTime": "1007/223130", "correlationVector":"a4Vc2PLxIyIsnwIYZZDYdN.2","action":"Commit Response", "result":"Success", "context":Result: Success. cV=a4Vc2PLxIyIsnwIYZZDYdN.0;server=GENERAL0100000Q;cloudType=Consumer;environment=Prod_WestEurope_000l;migrationStage=NotStarted}
{"logTime": "1007/223213", "correlationVector":"qbIsiq3jeeQNJraY3FewJ9","action":"Commit Request", "result":"", "context":Item count: 1
Contributing types: Sessions}
{"logTime": "1007/223213", "correlationVector":"qbIsiq3jeeQNJraY3FewJ9.1","action":"SyncServerConnectionManagerRequest", "result":"SYNC_SERVER_OK", "context":{"environment":"Prod_WestEurope_000l", "migrationStage":"NotStarted", "server":"GENERAL0100000Y"}}
{"logTime": "1007/223213", "correlationVector":"qbIsiq3jeeQNJraY3FewJ9.2","action":"Commit Response", "result":"Success", "context":Result: Success. cV=qbIsiq3jeeQNJraY3FewJ9.0;server=GENERAL0100000Y;cloudType=Consumer;environment=Prod_WestEurope_000l;migrationStage=NotStarted}
{"logTime": "1007/223257", "correlationVector":"mgb4FMB4FyiM9CDoDL82qh","action":"Commit Request", "result":"", "context":Item count: 2
Contributing types: Sessions}
{"logTime": "1007/223257", "correlationVector":"mgb4FMB4FyiM9CDoDL82qh.1","action":"SyncServerConnectionManagerRequest", "result":"SYNC_SERVER_OK", "context":{"environment":"Prod_WestEurope_000l", "migrationStage":"NotStarted", "server":"GENERAL01000010"}}
{"logTime": "1007/223257", "correlationVector":"mgb4FMB4FyiM9CDoDL82qh.2","action":"Commit Response", "result":"Success", "context":Result: Success. cV=mgb4FMB4FyiM9CDoDL82qh.0;server=GENERAL01000010;cloudType=Consumer;environment=Prod_WestEurope_000l;migrationStage=NotStarted}
{"logTime": "1007/223552", "correlationVector":"tiHljkfgYjHWhPObS3FU/W","action":"Commit Request", "result":"", "context":Item count: 3
Contributing types: Sessions}
{"logTime": "1007/223552", "correlationVector":"tiHljkfgYjHWhPObS3FU/W.1","action":"SyncServerConnectionManagerRequest", "result":"SYNC_SERVER_OK", "context":{"environment":"Prod_WestEurope_000l", "migrationStage":"NotStarted", "server":"GENERAL0100000V"}}
{"logTime": "1007/223552", "correlationVector":"tiHljkfgYjHWhPObS3FU/W.2","action":"Commit Response", "result":"Success", "context":Result: Success. cV=tiHljkfgYjHWhPObS3FU/W.0;server=GENERAL0100000V;cloudType=Consumer;environment=Prod_WestEurope_000l;migrationStage=NotStarted}
{"logTime": "1007/225108", "correlationVector":"JbMrukzQRQaToKxZ8POQ98","action":"Commit Request", "result":"", "context":Item count: 2
Contributing types: Sessions}
{"logTime": "1007/225108", "correlationVector":"JbMrukzQRQaToKxZ8POQ98.1","action":"SyncServerConnectionManagerRequest", "result":"SYNC_SERVER_OK", "context":{"environment":"Prod_WestEurope_000l", "migrationStage":"NotStarted", "server":"GENERAL0100000Y"}}
{"logTime": "1007/225108", "correlationVector":"JbMrukzQRQaToKxZ8POQ98.2","action":"Commit Response", "result":"Success", "context":Result: Success. cV=JbMrukzQRQaToKxZ8POQ98.0;server=GENERAL0100000Y;cloudType=Consumer;environment=Prod_WestEurope_000l;migrationStage=NotStarted}
{"logTime": "1007/225258", "correlationVector":"vKRfCS/jCDGmW6XZ8y4fe8","action":"Commit Request", "result":"", "context":Item count: 3
Contributing types: Sessions}
{"logTime": "1007/225258", "correlationVector":"vKRfCS/jCDGmW6XZ8y4fe8.1","action":"SyncServerConnectionManagerRequest", "result":"SYNC_SERVER_OK", "context":{"environment":"Prod_WestEurope_000l", "migrationStage":"NotStarted", "server":"GENERAL0100001C"}}
{"logTime": "1007/225258", "correlationVector":"vKRfCS/jCDGmW6XZ8y4fe8.3","action":"Commit.Sessions", "result":"Success", "context":{"id":"c411b7f1-0b78-4a7c-b94e-79780df349b4", "isDeleted":"true", "size":"0", "version":"1728341468376"}}
{"logTime": "1007/225258", "correlationVector":"vKRfCS/jCDGmW6XZ8y4fe8.2","action":"Commit Response", "result":"Success", "context":Result: Success. cV=vKRfCS/jCDGmW6XZ8y4fe8.0;server=GENERAL0100001C;cloudType=Consumer;environment=Prod_WestEurope_000l;migrationStage=NotStarted}
{"logTime": "1009/181739", "correlationVector":"ofqXa51feitP++B50BF/qz","action":"Normal GetUpdate request", "result":"", "context":cV=ofqXa51feitP++B50BF/qz
Nudged types: Sessions, Device Info
Refresh requested types: Bookmarks, Preferences, Passwords, Autofill Profiles, Autofill, Typed URLs, Extensions, Sessions, Extension settings, History Delete Directives, Device Info, User Consents, Send Tab To Self, Web Apps, Collection, Edge E Drop, Edge Hub App Usage, Edge Tab Group, Edge Wallet, Encryption Keys}
{"logTime": "1009/181739", "correlationVector":"ofqXa51feitP++B50BF/qz.1","action":"SyncServerConnectionManagerRequest", "result":"SYNC_SERVER_OK", "context":{"environment":"Prod_WestEurope_000l", "migrationStage":"NotStarted", "server":"GENERAL0100001B"}}
{"logTime": "1009/181739", "correlationVector":"ofqXa51feitP++B50BF/qz.2","action":"GetUpdates", "result":"DeleteReceived", "context":{"id":"0deb17a5-5501-4d9e-acab-da6f6935b1c0", "isDeleted:":"true", "version":"1728339453631"}}
{"logTime": "1009/181739", "correlationVector":"ofqXa51feitP++B50BF/qz.3","action":"GetUpdates", "result":"DeleteReceived", "context":{"id":"bbb86896-d4f1-4803-b80c-19d53be55273", "isDeleted:":"true", "version":"1728339806102"}}
{"logTime": "1009/181739", "correlationVector":"ofqXa51feitP++B50BF/qz.4","action":"GetUpdates", "result":"DeleteReceived", "context":{"id":"f54e1d2a-1fec-445f-9493-db7b897fb4e1", "isDeleted:":"true", "version":"1728339915448"}}
{"logTime": "1009/181739", "correlationVector":"ofqXa51feitP++B50BF/qz.5","action":"GetUpdates", "result":"DeleteReceived", "context":{"id":"c411b7f1-0b78-4a7c-b94e-79780df349b4", "isDeleted:":"true", "version":"1728341578703"}}
{"logTime": "1009/181739", "correlationVector":"ofqXa51feitP++B50BF/qz.6","action":"GetUpdates", "result":"DeleteReceived", "context":{"id":"ece409ac-f86e-4238-ad36-d4cbc08ec2bf", "isDeleted:":"true", "version":"1728341735564"}}
{"logTime": "1009/181739", "correlationVector":"ofqXa51feitP++B50BF/qz.7","action":"GetUpdates", "result":"DeleteReceived", "context":{"id":"8bccfcee-3691-4081-b11c-f5f705669ead", "isDeleted:":"true", "version":"1728403357117"}}
{"logTime": "1009/181739", "correlationVector":"ofqXa51feitP++B50BF/qz.8","action":"GetUpdates", "result":"DeleteReceived", "context":{"id":"bb8de462-6c45-4205-a340-98e684b48e94", "isDeleted:":"true", "version":"1728403490617"}}
{"logTime": "1009/181739", "correlationVector":"ofqXa51feitP++B50BF/qz.9","action":"GetUpdates", "result":"DeleteReceived", "context":{"id":"86ddf25c-8b56-4edc-a194-159f98939a01", "isDeleted:":"true", "version":"1728403637337"}}
{"logTime": "1009/181739", "correlationVector":"ofqXa51feitP++B50BF/qz.10","action":"GetUpdates", "result":"DeleteReceived", "context":{"id":"13c0ef81-d549-4f88-a316-213c28cca385", "isDeleted:":"true", "version":"1728403823086"}}
{"logTime": "1009/181739", "correlationVector":"ofqXa51feitP++B50BF/qz.11","action":"GetUpdates", "result":"DeleteReceived", "context":{"id":"7606d9eb-3c00-4c17-ac38-feaa9e713aae", "isDeleted:":"true", "version":"1728403903330"}}
{"logTime": "1009/181739", "correlationVector":"ofqXa51feitP++B50BF/qz.12","action":"GetUpdates", "result":"DeleteReceived", "context":{"id":"bcaf0f07-e49f-41e5-b070-bd772a05b10a", "isDeleted:":"true", "version":"1728404018521"}}
{"logTime": "1009/181739", "correlationVector":"ofqXa51feitP++B50BF/qz.13","action":"GetUpdates", "result":"DeleteReceived", "context":{"id":"616b38f3-a074-4126-9d08-233a74fed07b", "isDeleted:":"true", "version":"1728404328132"}}
{"logTime": "1009/181739", "correlationVector":"ofqXa51feitP++B50BF/qz.14","action":"GetUpdates", "result":"DeleteReceived", "context":{"id":"39c3b361-ebea-41e9-a4d4-432c4d2f7008", "isDeleted:":"true", "version":"1728404882786"}}
{"logTime": "1009/181739", "correlationVector":"ofqXa51feitP++B50BF/qz.15","action":"GetUpdates", "result":"DeleteReceived", "context":{"id":"371f5b38-811b-42dc-97f1-580410204177", "isDeleted:":"true", "version":"1728404987708"}}
{"logTime": "1009/181739", "correlationVector":"ofqXa51feitP++B50BF/qz.16","action":"GetUpdates", "result":"DeleteReceived", "context":{"id":"d9a0410b-8229-4b51-8d2a-b23544b3d12c", "isDeleted:":"true", "version":"1728405216857"}}
{"logTime": "1009/181739", "correlationVector":"ofqXa51feitP++B50BF/qz.17","action":"GetUpdates", "result":"DeleteReceived", "context":{"id":"f7184cef-1fc6-4456-92d7-3e5695f17079", "isDeleted:":"true", "version":"1728405504008"}}
{"logTime": "1009/181739", "correlationVector":"ofqXa51feitP++B50BF/qz.18","action":"GetUpdates", "result":"DeleteReceived", "context":{"id":"18f85cd0-3daf-403b-9cba-0c11bd7460da", "isDeleted:":"true", "version":"1728405583707"}}
{"logTime": "1009/181739", "correlationVector":"ofqXa51feitP++B50BF/qz.19","action":"GetUpdates", "result":"DeleteReceived", "context":{"id":"f1f2b0b4-e868-480d-bf9c-2ff24f028017", "isDeleted:":"true", "version":"1728405583711"}}
{"logTime": "1009/181739", "correlationVector":"ofqXa51feitP++B50BF/qz.20","action":"GetUpdates", "result":"DeleteReceived", "context":{"id":"426cac41-70a7-4e98-9bfb-7c4cdf247076", "isDeleted:":"true", "version":"1728405916585"}}
{"logTime": "1009/181739", "correlationVector":"ofqXa51feitP++B50BF/qz.21","action":"GetUpdates", "result":"DeleteReceived", "context":{"id":"4fcd8255-32e2-4d9e-a190-be71e540ab48", "isDeleted:":"true", "version":"1728407258165"}}
{"logTime": "1009/181739", "correlationVector":"ofqXa51feitP++B50BF/qz.22","action":"GetUpdates", "result":"DeleteReceived", "context":{"id":"71c1a3bb-f144-4bae-9a45-7e53d3966d16", "isDeleted:":"true", "version":"1728407799659"}}
{"logTime": "1009/181739", "correlationVector":"ofqXa51feitP++B50BF/qz.23","action":"GetUpdates", "result":"DeleteReceived", "context":{"id":"d8738a2e-a600-4a69-bf7b-d6a98da95094", "isDeleted:":"true", "version":"1728408102018"}}
{"logTime": "1009/181739", "correlationVector":"ofqXa51feitP++B50BF/qz.24","action":"GetUpdates", "result":"DeleteReceived", "context":{"id":"e1fe1847-c773-48a8-9c54-1308e896e88e", "isDeleted:":"true", "version":"1728409188067"}}
{"logTime": "1009/181739", "correlationVector":"ofqXa51feitP++B50BF/qz.25","action":"GetUpdates", "result":"DeleteReceived", "context":{"id":"381a8c5f-3bbe-4a56-9960-6aaea6e32a83", "isDeleted:":"true", "version":"1728409188069"}}
{"logTime": "1009/181739", "correlationVector":"ofqXa51feitP++B50BF/qz.26","action":"GetUpdates", "result":"DeleteReceived", "context":{"id":"9f5c5f4e-6871-4b23-a324-fbe7c3dcb435", "isDeleted:":"true", "version":"1728410425552"}}
{"logTime": "1009/181739", "correlationVector":"ofqXa51feitP++B50BF/qz.27","action":"GetUpdates", "result":"DeleteReceived", "context":{"id":"7ac3858d-bc48-45e7-b2dd-b112e45485b4", "isDeleted:":"true", "version":"1728410864356"}}
{"logTime": "1009/181739", "correlationVector":"ofqXa51feitP++B50BF/qz.28","action":"GetUpdates", "result":"DeleteReceived", "context":{"id":"4cfe69f3-1f04-4236-87ce-952cb8bac87c", "isDeleted:":"true", "version":"1728410991506"}}
{"logTime": "1009/181739", "correlationVector":"ofqXa51feitP++B50BF/qz.29","action":"GetUpdates", "result":"DeleteReceived", "context":{"id":"854b8966-1a06-4b66-87e1-c6d41d8fba69", "isDeleted:":"true", "version":"1728411070822"}}
{"logTime": "1009/181739", "correlationVector":"ofqXa51feitP++B50BF/qz.30","action":"GetUpdates", "result":"DeleteReceived", "context":{"id":"6745482c-7d67-4729-8320-1da4d5f79a8b", "isDeleted:":"true", "version":"1728411153715"}}
{"logTime": "1009/181739", "correlationVector":"ofqXa51feitP++B50BF/qz.31","action":"GetUpdates", "result":"DeleteReceived", "context":{"id":"5f7cb995-5e39-42a1-80b6-ea08b94e9825", "isDeleted:":"true", "version":"1728411609567"}}
{"logTime": "1009/181739", "correlationVector":"ofqXa51feitP++B50BF/qz.32","action":"GetUpdates", "result":"DeleteReceived", "context":{"id":"4ac5bf7c-3f65-4673-ae5e-c20c176d047c", "isDeleted:":"true", "version":"1728412933086"}}
{"logTime": "1009/181739", "correlationVector":"ofqXa51feitP++B50BF/qz.33","action":"GetUpdates", "result":"DeleteReceived", "context":{"id":"f9d706a7-d904-48ef-8579-af15079f116f", "isDeleted:":"true", "version":"1728413112447"}}
{"logTime": "1009/181739", "correlationVector":"ofqXa51feitP++B50BF/qz.34","action":"GetUpdates", "result":"DeleteReceived", "context":{"id":"60eadafe-6942-4b4b-a8fc-5565caf4c3bb", "isDeleted:":"true", "version":"1728414429190"}}
{"logTime": "1009/181739", "correlationVector":"ofqXa51feitP++B50BF/qz.35","action":"GetUpdates", "result":"DeleteReceived", "context":{"id":"39d4b736-e4e3-4931-95bb-8f123ea90429", "isDeleted:":"true", "version":"1728414429191"}}
{"logTime": "1009/181739", "correlationVector":"ofqXa51feitP++B50BF/qz.36","action":"GetUpdates", "result":"DeleteReceived", "context":{"id":"aeb0e7c8-22e9-426a-bc93-5b12b1a46f2d", "isDeleted:":"true", "version":"1728424833543"}}
{"logTime": "1009/181739", "correlationVector":"ofqXa51feitP++B50BF/qz.37","action":"GetUpdates", "result":"DeleteReceived", "context":{"id":"f04a0b2b-86cb-49ee-882b-5da964b408c8", "isDeleted:":"true", "version":"1728425200626"}}
{"logTime": "1009/181739", "correlationVector":"ofqXa51feitP++B50BF/qz.38","action":"GetUpdates", "result":"DeleteReceived", "context":{"id":"37d6d70f-c1b3-49fd-a0fc-0cd0cc6b79e5", "isDeleted:":"true", "version":"1728428757870"}}
{"logTime": "1009/181739", "correlationVector":"ofqXa51feitP++B50BF/qz.39","action":"GetUpdates", "result":"DeleteReceived", "context":{"id":"64990f03-8403-4845-9978-eb9ee50053af", "isDeleted:":"true", "version":"1728462859013"}}
{"logTime": "1009/181739", "correlationVector":"ofqXa51feitP++B50BF/qz.40","action":"GetUpdates", "result":"DeleteReceived", "context":{"id":"5ea4ea6a-8fe7-4401-afd6-32e93e0f68c0", "isDeleted:":"true", "version":"1728462859014"}}
{"logTime": "1009/181739", "correlationVector":"ofqXa51feitP++B50BF/qz.41","action":"GetUpdates", "result":"DeleteReceived", "context":{"id":"91c30230-5d54-4236-a9f8-0596cac8e574", "isDeleted:":"true", "version":"1728462859016"}}
{"logTime": "1009/181739", "correlationVector":"ofqXa51feitP++B50BF/qz.42","action":"GetUpdates", "result":"DeleteReceived", "context":{"id":"f2519597-cba9-4706-91db-496ad020f7a0", "isDeleted:":"true", "version":"1728463008505"}}
{"logTime": "1009/181739", "correlationVector":"ofqXa51feitP++B50BF/qz.43","action":"GetUpdates", "result":"DeleteReceived", "context":{"id":"bcb8a509-a5ca-463a-9c3f-236743a7ac3f", "isDeleted:":"true", "version":"1728464299992"}}
{"logTime": "1009/181739", "correlationVector":"ofqXa51feitP++B50BF/qz.44","action":"GetUpdates", "result":"DeleteReceived", "context":{"id":"6686d54a-735c-493f-a4ba-3eca3f6134c8", "isDeleted:":"true", "version":"1728464344256"}}
{"logTime": "1009/181739", "correlationVector":"ofqXa51feitP++B50BF/qz.45","action":"GetUpdates", "result":"DeleteReceived", "context":{"id":"5872c158-c4cf-4460-8551-b12cb588fa9f", "isDeleted:":"true", "version":"1728490040898"}}
{"logTime": "1009/181739", "correlationVector":"ofqXa51feitP++B50BF/qz.46","action":"GetUpdates", "result":"DeleteReceived", "context":{"id":"3f1146bf-e833-4831-8d21-4bb38e5d0e0d", "isDeleted:":"true", "version":"1728490529699"}}
{"logTime": "1009/181739", "correlationVector":"ofqXa51feitP++B50BF/qz.47","action":"GetUpdates", "result":"DeleteReceived", "context":{"id":"9a0094cc-af3c-4386-9f2e-27151fcfd83f", "isDeleted:":"true", "version":"1728491980183"}}
{"logTime": "1009/181739", "correlationVector":"ofqXa51feitP++B50BF/qz.48","action":"GetUpdates", "result":"DeleteReceived", "context":{"id":"f6e6152b-b4d3-458c-a306-d6ff41705047", "isDeleted:":"true", "version":"1728492469852"}}
{"logTime": "1009/181739", "correlationVector":"ofqXa51feitP++B50BF/qz.49","action":"GetUpdates", "result":"DeleteReceived", "context":{"id":"3ed9c131-ee61-4024-b8e0-dbb908ff2411", "isDeleted:":"true", "version":"1728492773844"}}
{"logTime": "1009/181739", "correlationVector":"ofqXa51feitP++B50BF/qz.50","action":"GetUpdates", "result":"DeleteReceived", "context":{"id":"cd2c9a1c-b583-4c6f-854c-b6a6d1cff673", "isDeleted:":"true", "version":"1728492773845"}}
{"logTime": "1009/181739", "correlationVector":"ofqXa51feitP++B50BF/qz.51","action":"GetUpdates", "result":"DeleteReceived", "context":{"id":"002f88e7-86f7-4710-8503-a41b653e9808", "isDeleted:":"true", "version":"1728496084774"}}
{"logTime": "1009/181739", "correlationVector":"ofqXa51feitP++B50BF/qz.52","action":"GetUpdates", "result":"DeleteReceived", "context":{"id":"4840ca71-d70c-4629-92eb-481d50882a9c", "isDeleted:":"true", "version":"1728496084775"}}
{"logTime": "1009/181739", "correlationVector":"ofqXa51feitP++B50BF/qz.53","action":"GetUpdates", "result":"DeleteReceived", "context":{"id":"2b499fa0-5e2e-4de2-add0-982d76ed8d3d", "isDeleted:":"true", "version":"1728496618387"}}
{"logTime": "1009/181739", "correlationVector":"ofqXa51feitP++B50BF/qz.54","action":"GetUpdates", "result":"DeleteReceived", "context":{"id":"8636c9cd-5e21-4c3b-a188-79bdbf6cdc0b", "isDeleted:":"true", "version":"1728496776431"}}
{"logTime": "1009/181739", "correlationVector":"ofqXa51feitP++B50BF/qz.55","action":"GetUpdates", "result":"DeleteReceived", "context":{"id":"006574a7-9cc5-4996-bc51-8814947a22f5", "isDeleted:":"true", "version":"1728497583981"}}
{"logTime": "1009/181739", "correlationVector":"ofqXa51feitP++B50BF/qz.56","action":"GetUpdates", "result":"DeleteReceived", "context":{"id":"6ff9a7d7-a817-424c-a0a4-ac24cc30c6bb", "isDeleted:":"true", "version":"1728497618885"}}
{"logTime": "1009/181739", "correlationVector":"ofqXa51feitP++B50BF/qz.57","action":"GetUpdates Response", "result":"Success", "context":Received 105 update(s). cV=ofqXa51feitP++B50BF/qz.0;server=GENERAL0100001B;cloudType=Consumer;environment=Prod_WestEurope_000l;migrationStage=NotStarted}
{"logTime": "1009/181740", "correlationVector":"RswIH8Ci6Prfgkb4iCb52V","action":"Commit Request", "result":"", "context":Item count: 3
Contributing types: Sessions, Device Info}
{"logTime": "1009/181740", "correlationVector":"RswIH8Ci6Prfgkb4iCb52V.1","action":"SyncServerConnectionManagerRequest", "result":"SYNC_SERVER_OK", "context":{"environment":"Prod_WestEurope_000l", "migrationStage":"NotStarted", "server":"GENERAL0100000K"}}
{"logTime": "1009/181740", "correlationVector":"RswIH8Ci6Prfgkb4iCb52V.2","action":"Commit Response", "result":"Success", "context":Result: Success. cV=RswIH8Ci6Prfgkb4iCb52V.0;server=GENERAL0100000K;cloudType=Consumer;environment=Prod_WestEurope_000l;migrationStage=NotStarted}
{"logTime": "1009/181741", "correlationVector":"Z3eKepRl+g1GeEzzHpaOiv","action":"SyncServerConnectionManagerRequest", "result":"SYNC_SERVER_OK", "context":{"environment":"", "migrationStage":"", "server":""}}
{"logTime": "1009/181741", "correlationVector":"whtneFaxmn3Ay519fSDWW4","action":"Poll GetUpdate request", "result":"", "context":cV=whtneFaxmn3Ay519fSDWW4}
{"logTime": "1009/181741", "correlationVector":"whtneFaxmn3Ay519fSDWW4.1","action":"SyncServerConnectionManagerRequest", "result":"SYNC_SERVER_OK", "context":{"environment":"Prod_WestEurope_000l", "migrationStage":"NotStarted", "server":"GENERAL01000001"}}
{"logTime": "1009/181741", "correlationVector":"whtneFaxmn3Ay519fSDWW4.2","action":"GetUpdates Response", "result":"Success", "context":Received 3 update(s). cV=whtneFaxmn3Ay519fSDWW4.0;server=GENERAL01000001;cloudType=Consumer;environment=Prod_WestEurope_000l;migrationStage=NotStarted}
{"logTime": "1009/182239", "correlationVector":"5tIrGoM9d5QnuhF+tEhb89","action":"Normal GetUpdate request", "result":"", "context":cV=5tIrGoM9d5QnuhF+tEhb89
Refresh requested types: Bookmarks, Preferences, Passwords, Autofill Profiles, Autofill, Typed URLs, Extensions, Sessions, Extension settings, History Delete Directives, Device Info, User Consents, Send Tab To Self, Web Apps, Collection, Edge E Drop, Edge Hub App Usage, Edge Tab Group, Edge Wallet, Encryption Keys}
{"logTime": "1009/182241", "correlationVector":"5tIrGoM9d5QnuhF+tEhb89.1","action":"SyncServerConnectionManagerRequest", "result":"SYNC_SERVER_OK", "context":{"environment":"Prod_WestEurope_x00e", "migrationStage":"NotStarted", "server":"GENERAL0100002N"}}
{"logTime": "1009/182241", "correlationVector":"5tIrGoM9d5QnuhF+tEhb89.2","action":"GetUpdates Response", "result":"Success", "context":Received 0 update(s). cV=5tIrGoM9d5QnuhF+tEhb89.0;server=GENERAL0100002N;cloudType=Consumer;environment=Prod_WestEurope_x00e;migrationStage=NotStarted}
{"logTime": "1009/182241", "correlationVector":"Us2xRsA86Dhr6OGP6Nv16h","action":"DoCompareDataConsistency requsted types: ", "result":"Bookmarks, Preferences, Passwords, Typed URLs, Extensions, Extension settings, History Delete Directives, Send Tab To Self, Web Apps, Collection, Edge E Drop, Edge Tab Group, Edge Wallet, Encryption Keys"}
{"logTime": "1009/182241", "correlationVector":"Us2xRsA86Dhr6OGP6Nv16h.0","action":"CompareDataConsistency result: ", "result":"Compare result: Encryption Keys is consistent. local entities count is: 1 local entities hash is: 1oZZRlc7WmcLiVF+BOBFkzRVdx4="}
{"logTime": "1009/182241", "correlationVector":"Us2xRsA86Dhr6OGP6Nv16h.1","action":"CompareDataConsistency result: ", "result":"Compare result: Bookmarks is consistent. local entities count is: 46 local entities hash is: 3wNYghrroNHvUfQo0sRG+hlwVh0="}
{"logTime": "1009/182241", "correlationVector":"Us2xRsA86Dhr6OGP6Nv16h.2","action":"CompareDataConsistency result: ", "result":"Compare result: Preferences is consistent. local entities count is: 102 local entities hash is: 7WpOBqkP7I6X7ChoKhoaEtqjxtg="}
{"logTime": "1009/182241", "correlationVector":"Us2xRsA86Dhr6OGP6Nv16h.3","action":"CompareDataConsistency result: ", "result":"Compare result: Passwords is consistent. local entities count is: 181 local entities hash is: SRF/DxE8e4PgOSfdDbnueHuLrlU="}
{"logTime": "1009/182241", "correlationVector":"Us2xRsA86Dhr6OGP6Nv16h.4","action":"CompareDataConsistency result: ", "result":"Server did not send this Typed URLs local entities count is: 231 local entities hash is: dSGWh9y2aaADLyaEo3WqIZG8CO0="}
{"logTime": "1009/182241", "correlationVector":"Us2xRsA86Dhr6OGP6Nv16h.5","action":"CompareDataConsistency result: ", "result":"Compare result: Extensions is consistent. local entities count is: 16 local entities hash is: 6kM2KOwJnPO+ARn152ojDNe+uno="}
{"logTime": "1009/182241", "correlationVector":"Us2xRsA86Dhr6OGP6Nv16h.6","action":"CompareDataConsistency result: ", "result":"Compare result: Extension settings is consistent. local entities count is: 12 local entities hash is: cYobIK/1kbWL19WiLeokR5Q6ERA="}
{"logTime": "1009/182241", "correlationVector":"Us2xRsA86Dhr6OGP6Nv16h.7","action":"CompareDataConsistency result: ", "result":"Compare result: History Delete Directives is consistent. local entities count is: 0 local entities hash is: "}
{"logTime": "1009/182241", "correlationVector":"Us2xRsA86Dhr6OGP6Nv16h.8","action":"CompareDataConsistency result: ", "result":"Server did not send this Send Tab To Self local entities count is: 0 local entities hash is: "}
{"logTime": "1009/182241", "correlationVector":"Us2xRsA86Dhr6OGP6Nv16h.9","action":"CompareDataConsistency result: ", "result":"Compare result: Web Apps is consistent. local entities count is: 3 local entities hash is: iEmhlu4Jpv6zVWiroKTcn7Rzijo="}
{"logTime": "1009/182241", "correlationVector":"Us2xRsA86Dhr6OGP6Nv16h.10","action":"CompareDataConsistency result: ", "result":"Compare result: Collection is consistent. local entities count is: 0 local entities hash is: "}
{"logTime": "1009/182241", "correlationVector":"Us2xRsA86Dhr6OGP6Nv16h.11","action":"CompareDataConsistency result: ", "result":"Compare result: Edge E Drop is consistent. local entities count is: 0 local entities hash is: "}
{"logTime": "1009/182241", "correlationVector":"Us2xRsA86Dhr6OGP6Nv16h.12","action":"CompareDataConsistency result: ", "result":"Compare result: Edge Tab Group is consistent. local entities count is: 2 local entities hash is: LDvJ0DYLat66TrIfT7JiTPtc/Is="}
{"logTime": "1009/182241", "correlationVector":"Us2xRsA86Dhr6OGP6Nv16h.13","action":"CompareDataConsistency result: ", "result":"Compare result: Edge Wallet is consistent. local entities count is: 0 local entities hash is: "}
{"logTime": "1009/182241", "correlationVector":"","action":"DIAGNOSTIC_REQUEST|v1/diagnosticData/Diagnostic.SendCheckResult()|SUCCESS", "result":""}
{"logTime": "1009/183534", "correlationVector":"Aubz03nMT1ygludsgbbZlK","action":"Commit Request", "result":"", "context":Item count: 1
Contributing types: Typed URLs}
{"logTime": "1009/183535", "correlationVector":"Aubz03nMT1ygludsgbbZlK.1","action":"SyncServerConnectionManagerRequest", "result":"SYNC_SERVER_OK", "context":{"environment":"Prod_WestEurope_000l", "migrationStage":"NotStarted", "server":"GENERAL0100000S"}}
{"logTime": "1009/183535", "correlationVector":"Aubz03nMT1ygludsgbbZlK.2","action":"Commit Response", "result":"Success", "context":Result: Success. cV=Aubz03nMT1ygludsgbbZlK.0;server=GENERAL0100000S;cloudType=Consumer;environment=Prod_WestEurope_000l;migrationStage=NotStarted}
{"logTime": "1009/184108", "correlationVector":"JXwId508gz8Qt3dWNvYPGN","action":"Commit Request", "result":"", "context":Item count: 3
Contributing types: Sessions}
{"logTime": "1009/184108", "correlationVector":"JXwId508gz8Qt3dWNvYPGN.1","action":"SyncServerConnectionManagerRequest", "result":"SYNC_SERVER_OK", "context":{"environment":"Prod_WestEurope_000l", "migrationStage":"NotStarted", "server":"GENERAL01000008"}}
{"logTime": "1009/184108", "correlationVector":"JXwId508gz8Qt3dWNvYPGN.2","action":"Commit Response", "result":"Success", "context":Result: Success. cV=JXwId508gz8Qt3dWNvYPGN.0;server=GENERAL01000008;cloudType=Consumer;environment=Prod_WestEurope_000l;migrationStage=NotStarted}
{"logTime": "1009/184138", "correlationVector":"tm2N8ybn+afSlDPRAz9Pxp","action":"Commit Request", "result":"", "context":Item count: 4
Contributing types: Sessions}
{"logTime": "1009/184139", "correlationVector":"tm2N8ybn+afSlDPRAz9Pxp.1","action":"SyncServerConnectionManagerRequest", "result":"SYNC_SERVER_OK", "context":{"environment":"Prod_WestEurope_000l", "migrationStage":"NotStarted", "server":"GENERAL01000000"}}
{"logTime": "1009/184139", "correlationVector":"tm2N8ybn+afSlDPRAz9Pxp.2","action":"Commit Response", "result":"Success", "context":Result: Success. cV=tm2N8ybn+afSlDPRAz9Pxp.0;server=GENERAL01000000;cloudType=Consumer;environment=Prod_WestEurope_000l;migrationStage=NotStarted}
{"logTime": "1009/184215", "correlationVector":"mcYgwa+eSLmnoP+JJAKegv","action":"Commit Request", "result":"", "context":Item count: 2
Contributing types: Sessions}
{"logTime": "1009/184216", "correlationVector":"mcYgwa+eSLmnoP+JJAKegv.1","action":"SyncServerConnectionManagerRequest", "result":"SYNC_SERVER_OK", "context":{"environment":"Prod_WestEurope_000l", "migrationStage":"NotStarted", "server":"GENERAL0100000N"}}
{"logTime": "1009/184216", "correlationVector":"mcYgwa+eSLmnoP+JJAKegv.3","action":"Commit.Sessions", "result":"Success", "context":{"id":"8b3c6404-9557-457e-a838-b6a812ea696d", "isDeleted":"true", "size":"0", "version":"1728499298815"}}
{"logTime": "1009/184216", "correlationVector":"mcYgwa+eSLmnoP+JJAKegv.2","action":"Commit Response", "result":"Success", "context":Result: Success. cV=mcYgwa+eSLmnoP+JJAKegv.0;server=GENERAL0100000N;cloudType=Consumer;environment=Prod_WestEurope_000l;migrationStage=NotStarted}
{"logTime": "1009/184634", "correlationVector":"ggIwwvv6V2me/WXz7N4O5v","action":"Commit Request", "result":"", "context":Item count: 1
Contributing types: Typed URLs}
{"logTime": "1009/184635", "correlationVector":"ggIwwvv6V2me/WXz7N4O5v.1","action":"SyncServerConnectionManagerRequest", "result":"SYNC_SERVER_OK", "context":{"environment":"Prod_WestEurope_000l", "migrationStage":"NotStarted", "server":"GENERAL0100000G"}}
{"logTime": "1009/184635", "correlationVector":"ggIwwvv6V2me/WXz7N4O5v.2","action":"Commit Response", "result":"Success", "context":Result: Success. cV=ggIwwvv6V2me/WXz7N4O5v.0;server=GENERAL0100000G;cloudType=Consumer;environment=Prod_WestEurope_000l;migrationStage=NotStarted}
{"logTime": "1009/193604", "correlationVector":"PIA9gYPmtfiiAdzVCdlG/h","action":"Commit Request", "result":"", "context":Item count: 1
Contributing types: Typed URLs}
{"logTime": "1009/193605", "correlationVector":"PIA9gYPmtfiiAdzVCdlG/h.1","action":"SyncServerConnectionManagerRequest", "result":"SYNC_SERVER_OK", "context":{"environment":"Prod_WestEurope_000l", "migrationStage":"NotStarted", "server":"GENERAL0100001G"}}
{"logTime": "1009/193605", "correlationVector":"PIA9gYPmtfiiAdzVCdlG/h.2","action":"Commit Response", "result":"Success", "context":Result: Success. cV=PIA9gYPmtfiiAdzVCdlG/h.0;server=GENERAL0100001G;cloudType=Consumer;environment=Prod_WestEurope_000l;migrationStage=NotStarted}
{"logTime": "1009/195804", "correlationVector":"dl6HATsUfP4JOH/1XJb/v6","action":"Commit Request", "result":"", "context":Item count: 1
Contributing types: Typed URLs}
{"logTime": "1009/195805", "correlationVector":"dl6HATsUfP4JOH/1XJb/v6.1","action":"SyncServerConnectionManagerRequest", "result":"SYNC_SERVER_OK", "context":{"environment":"Prod_WestEurope_000l", "migrationStage":"NotStarted", "server":"GENERAL0100001K"}}
{"logTime": "1009/195805", "correlationVector":"dl6HATsUfP4JOH/1XJb/v6.2","action":"Commit Response", "result":"Success", "context":Result: Success. cV=dl6HATsUfP4JOH/1XJb/v6.0;server=GENERAL0100001K;cloudType=Consumer;environment=Prod_WestEurope_000l;migrationStage=NotStarted}
{"logTime": "1009/202359", "correlationVector":"Xq/wI33RXnmozUjCqyTNWL","action":"Normal GetUpdate request", "result":"", "context":cV=Xq/wI33RXnmozUjCqyTNWL
Notified types: Preferences, Typed URLs}
{"logTime": "1009/202359", "correlationVector":"Xq/wI33RXnmozUjCqyTNWL.1","action":"SyncServerConnectionManagerRequest", "result":"SYNC_SERVER_OK", "context":{"environment":"Prod_WestEurope_000l", "migrationStage":"NotStarted", "server":"GENERAL0100000M"}}
{"logTime": "1009/202359", "correlationVector":"Xq/wI33RXnmozUjCqyTNWL.2","action":"GetUpdates", "result":"DeleteReceived", "context":{"id":"8b3c6404-9557-457e-a838-b6a812ea696d", "isDeleted:":"true", "version":"1728499335873"}}
{"logTime": "1009/202359", "correlationVector":"Xq/wI33RXnmozUjCqyTNWL.3","action":"GetUpdates", "result":"DeleteReceived", "context":{"id":"173c03ed-7d08-4a9a-9803-292b530db766", "isDeleted:":"true", "version":"1728504639337"}}
{"logTime": "1009/202359", "correlationVector":"Xq/wI33RXnmozUjCqyTNWL.4","action":"GetUpdates", "result":"DeleteReceived", "context":{"id":"16aa961a-eb9a-407a-84d6-50a97bf67680", "isDeleted:":"true", "version":"1728505420066"}}
{"logTime": "1009/202359", "correlationVector":"Xq/wI33RXnmozUjCqyTNWL.5","action":"GetUpdates", "result":"DeleteReceived", "context":{"id":"d3045b6a-4bf4-42c7-b6ad-def0f7d993cd", "isDeleted:":"true", "version":"1728505420067"}}
{"logTime": "1009/202359", "correlationVector":"Xq/wI33RXnmozUjCqyTNWL.6","action":"GetUpdates", "result":"DeleteReceived", "context":{"id":"15158069-91b6-4dcd-a05d-d27b1314324f", "isDeleted:":"true", "version":"1728505420068"}}
{"logTime": "1009/202359", "correlationVector":"Xq/wI33RXnmozUjCqyTNWL.7","action":"GetUpdates Response", "result":"Success", "context":Received 17 update(s). cV=Xq/wI33RXnmozUjCqyTNWL.0;server=GENERAL0100000M;cloudType=Consumer;environment=Prod_WestEurope_000l;migrationStage=NotStarted}
{"logTime": "1009/205051", "correlationVector":"EAF+7D7keLyASXu1NnAsuN","action":"Commit Request", "result":"", "context":Item count: 2
Contributing types: Typed URLs, Sessions}
{"logTime": "1009/205052", "correlationVector":"EAF+7D7keLyASXu1NnAsuN.1","action":"SyncServerConnectionManagerRequest", "result":"SYNC_SERVER_OK", "context":{"environment":"Prod_WestEurope_x00e", "migrationStage":"NotStarted", "server":"GENERAL0100001G"}}
{"logTime": "1009/205052", "correlationVector":"EAF+7D7keLyASXu1NnAsuN.2","action":"Commit Response", "result":"Success", "context":Result: Success. cV=EAF+7D7keLyASXu1NnAsuN.0;server=GENERAL0100001G;cloudType=Consumer;environment=Prod_WestEurope_x00e;migrationStage=NotStarted}
{"logTime": "1009/205136", "correlationVector":"0HAmLxwnQzLVhELjlTImxl","action":"Commit Request", "result":"", "context":Item count: 3
Contributing types: Sessions}
{"logTime": "1009/205137", "correlationVector":"0HAmLxwnQzLVhELjlTImxl.1","action":"SyncServerConnectionManagerRequest", "result":"SYNC_SERVER_OK", "context":{"environment":"Prod_WestEurope_000l", "migrationStage":"NotStarted", "server":"GENERAL0100001B"}}
{"logTime": "1009/205137", "correlationVector":"0HAmLxwnQzLVhELjlTImxl.2","action":"Commit Response", "result":"Success", "context":Result: Success. cV=0HAmLxwnQzLVhELjlTImxl.0;server=GENERAL0100001B;cloudType=Consumer;environment=Prod_WestEurope_000l;migrationStage=NotStarted}
{"logTime": "1009/205838", "correlationVector":"9ROTZTm27EX1VHn9rCTDBS","action":"Commit Request", "result":"", "context":Item count: 4
Contributing types: Sessions}
{"logTime": "1009/205838", "correlationVector":"9ROTZTm27EX1VHn9rCTDBS.1","action":"SyncServerConnectionManagerRequest", "result":"SYNC_SERVER_OK", "context":{"environment":"Prod_WestEurope_000l", "migrationStage":"NotStarted", "server":"GENERAL0100001A"}}
{"logTime": "1009/205838", "correlationVector":"9ROTZTm27EX1VHn9rCTDBS.3","action":"Commit.Sessions", "result":"Success", "context":{"id":"d51e5d48-ebac-4751-9f4d-112ea78b0bf3", "isDeleted":"true", "size":"0", "version":"1728507097098"}}
{"logTime": "1009/205838", "correlationVector":"9ROTZTm27EX1VHn9rCTDBS.4","action":"Commit.Sessions", "result":"Success", "context":{"id":"82d1443f-3384-4a29-918d-af2fdeef3a09", "isDeleted":"true", "size":"0", "version":"1728507052468"}}
{"logTime": "1009/205838", "correlationVector":"9ROTZTm27EX1VHn9rCTDBS.2","action":"Commit Response", "result":"Success", "context":Result: Success. cV=9ROTZTm27EX1VHn9rCTDBS.0;server=GENERAL0100001A;cloudType=Consumer;environment=Prod_WestEurope_000l;migrationStage=NotStarted}
{"logTime": "1009/205929", "correlationVector":"fRmVspHvLrTwyv2hLk2iIv","action":"Commit Request", "result":"", "context":Item count: 2
Contributing types: Sessions}
{"logTime": "1009/205930", "correlationVector":"fRmVspHvLrTwyv2hLk2iIv.1","action":"SyncServerConnectionManagerRequest", "result":"SYNC_SERVER_OK", "context":{"environment":"Prod_WestEurope_000l", "migrationStage":"NotStarted", "server":"GENERAL01000003"}}
{"logTime": "1009/205930", "correlationVector":"fRmVspHvLrTwyv2hLk2iIv.2","action":"Commit Response", "result":"Success", "context":Result: Success. cV=fRmVspHvLrTwyv2hLk2iIv.0;server=GENERAL01000003;cloudType=Consumer;environment=Prod_WestEurope_000l;migrationStage=NotStarted}
{"logTime": "1009/205952", "correlationVector":"G8bKMEYve4C4x+PgooDuCB","action":"Normal GetUpdate request", "result":"", "context":cV=G8bKMEYve4C4x+PgooDuCB
Notified types: Typed URLs}
{"logTime": "1009/205952", "correlationVector":"G8bKMEYve4C4x+PgooDuCB.1","action":"SyncServerConnectionManagerRequest", "result":"SYNC_SERVER_OK", "context":{"environment":"Prod_WestEurope_000l", "migrationStage":"NotStarted", "server":"GENERAL0100000X"}}
{"logTime": "1009/205952", "correlationVector":"G8bKMEYve4C4x+PgooDuCB.2","action":"GetUpdates", "result":"DeleteReceived", "context":{"id":"d51e5d48-ebac-4751-9f4d-112ea78b0bf3", "isDeleted:":"true", "version":"1728507518381"}}
{"logTime": "1009/205952", "correlationVector":"G8bKMEYve4C4x+PgooDuCB.3","action":"GetUpdates", "result":"DeleteReceived", "context":{"id":"82d1443f-3384-4a29-918d-af2fdeef3a09", "isDeleted:":"true", "version":"1728507518382"}}
{"logTime": "1009/205952", "correlationVector":"G8bKMEYve4C4x+PgooDuCB.4","action":"GetUpdates Response", "result":"Success", "context":Received 7 update(s). cV=G8bKMEYve4C4x+PgooDuCB.0;server=GENERAL0100000X;cloudType=Consumer;environment=Prod_WestEurope_000l;migrationStage=NotStarted}
{"logTime": "1009/210729", "correlationVector":"MwVgTfB5EZTAyKKAbi6BCi","action":"Commit Request", "result":"", "context":Item count: 2
Contributing types: Sessions}
{"logTime": "1009/210730", "correlationVector":"MwVgTfB5EZTAyKKAbi6BCi","action":"SyncServerConnectionManagerRequest", "result":"CONNECTION_UNAVAILABLE", "context":{"error_type":"net_error_code", "error_value":"-21"}}
{"logTime": "1009/210730", "correlationVector":"vrD2u5sDHWwFoY4BmuzLKG.0","action":"Commit Response", "result":"Network error (ERR_NETWORK_CHANGED)", "context":Result: Network error (ERR_NETWORK_CHANGED). }
{"logTime": "1009/210732", "correlationVector":"md0mSAqGqRsOn3jCdKyhvk","action":"Commit Request", "result":"", "context":Item count: 2
Contributing types: Sessions}
{"logTime": "1009/210732", "correlationVector":"md0mSAqGqRsOn3jCdKyhvk.1","action":"SyncServerConnectionManagerRequest", "result":"SYNC_SERVER_OK", "context":{"environment":"Prod_WestEurope_000l", "migrationStage":"NotStarted", "server":"GENERAL01000003"}}
{"logTime": "1009/210732", "correlationVector":"md0mSAqGqRsOn3jCdKyhvk.2","action":"Commit Response", "result":"Success", "context":Result: Success. cV=md0mSAqGqRsOn3jCdKyhvk.0;server=GENERAL01000003;cloudType=Consumer;environment=Prod_WestEurope_000l;migrationStage=NotStarted}
{"logTime": "1009/211739", "correlationVector":"bcleojc4k6nuUtBDPm5T30","action":"Commit Request", "result":"", "context":Item count: 2
Contributing types: Sessions}
{"logTime": "1009/211740", "correlationVector":"bcleojc4k6nuUtBDPm5T30.1","action":"SyncServerConnectionManagerRequest", "result":"SYNC_SERVER_OK", "context":{"environment":"Prod_WestEurope_000l", "migrationStage":"NotStarted", "server":"GENERAL0100001N"}}
{"logTime": "1009/211740", "correlationVector":"bcleojc4k6nuUtBDPm5T30.2","action":"Commit Response", "result":"Success", "context":Result: Success. cV=bcleojc4k6nuUtBDPm5T30.0;server=GENERAL0100001N;cloudType=Consumer;environment=Prod_WestEurope_000l;migrationStage=NotStarted}
{"logTime": "1009/211922", "correlationVector":"wUyig/WULfxqNX0PpJGTB4","action":"Commit Request", "result":"", "context":Item count: 2
Contributing types: Sessions}
{"logTime": "1009/211923", "correlationVector":"wUyig/WULfxqNX0PpJGTB4.1","action":"SyncServerConnectionManagerRequest", "result":"SYNC_SERVER_OK", "context":{"environment":"Prod_WestEurope_000l", "migrationStage":"NotStarted", "server":"GENERAL0100001C"}}
{"logTime": "1009/211923", "correlationVector":"wUyig/WULfxqNX0PpJGTB4.2","action":"Commit Response", "result":"Success", "context":Result: Success. cV=wUyig/WULfxqNX0PpJGTB4.0;server=GENERAL0100001C;cloudType=Consumer;environment=Prod_WestEurope_000l;migrationStage=NotStarted}
{"logTime": "1009/212007", "correlationVector":"AzTmwfh2WlO+VING60AcWJ","action":"Commit Request", "result":"", "context":Item count: 3
Contributing types: Sessions}
{"logTime": "1009/212007", "correlationVector":"AzTmwfh2WlO+VING60AcWJ.1","action":"SyncServerConnectionManagerRequest", "result":"SYNC_SERVER_OK", "context":{"environment":"Prod_WestEurope_000l", "migrationStage":"NotStarted", "server":"GENERAL0100000B"}}
{"logTime": "1009/212007", "correlationVector":"AzTmwfh2WlO+VING60AcWJ.3","action":"Commit.Sessions", "result":"Success", "context":{"id":"aefadc4d-c748-48d1-ad0b-00df812a6402", "isDeleted":"true", "size":"0", "version":"1728508763028"}}
{"logTime": "1009/212007", "correlationVector":"AzTmwfh2WlO+VING60AcWJ.2","action":"Commit Response", "result":"Success", "context":Result: Success. cV=AzTmwfh2WlO+VING60AcWJ.0;server=GENERAL0100000B;cloudType=Consumer;environment=Prod_WestEurope_000l;migrationStage=NotStarted}
{"logTime": "1009/212515", "correlationVector":"Oe/DMEDgbMpvAurNvJWZPy","action":"Commit Request", "result":"", "context":Item count: 1
Contributing types: Sessions}
{"logTime": "1009/212516", "correlationVector":"Oe/DMEDgbMpvAurNvJWZPy.1","action":"SyncServerConnectionManagerRequest", "result":"SYNC_SERVER_OK", "context":{"environment":"Prod_WestEurope_000l", "migrationStage":"NotStarted", "server":"GENERAL01000007"}}
{"logTime": "1009/212516", "correlationVector":"Oe/DMEDgbMpvAurNvJWZPy.2","action":"Commit Response", "result":"Success", "context":Result: Success. cV=Oe/DMEDgbMpvAurNvJWZPy.0;server=GENERAL01000007;cloudType=Consumer;environment=Prod_WestEurope_000l;migrationStage=NotStarted}
{"logTime": "1009/212557", "correlationVector":"jDKD2Dw1n0cDGmiYsmdtFg","action":"Commit Request", "result":"", "context":Item count: 3
Contributing types: Sessions}
{"logTime": "1009/212558", "correlationVector":"jDKD2Dw1n0cDGmiYsmdtFg.1","action":"SyncServerConnectionManagerRequest", "result":"SYNC_SERVER_OK", "context":{"environment":"Prod_WestEurope_000l", "migrationStage":"NotStarted", "server":"GENERAL0100000B"}}
{"logTime": "1009/212558", "correlationVector":"jDKD2Dw1n0cDGmiYsmdtFg.2","action":"Commit Response", "result":"Success", "context":Result: Success. cV=jDKD2Dw1n0cDGmiYsmdtFg.0;server=GENERAL0100000B;cloudType=Consumer;environment=Prod_WestEurope_000l;migrationStage=NotStarted}
{"logTime": "1009/212640", "correlationVector":"S3WdRNz+CvEGn3RXlH9s7r","action":"Commit Request", "result":"", "context":Item count: 1
Contributing types: Sessions}
{"logTime": "1009/212640", "correlationVector":"S3WdRNz+CvEGn3RXlH9s7r.1","action":"SyncServerConnectionManagerRequest", "result":"SYNC_SERVER_OK", "context":{"environment":"Prod_WestEurope_000l", "migrationStage":"NotStarted", "server":"GENERAL0100001C"}}
{"logTime": "1009/212640", "correlationVector":"S3WdRNz+CvEGn3RXlH9s7r.2","action":"Commit Response", "result":"Success", "context":Result: Success. cV=S3WdRNz+CvEGn3RXlH9s7r.0;server=GENERAL0100001C;cloudType=Consumer;environment=Prod_WestEurope_000l;migrationStage=NotStarted}
{"logTime": "1009/212714", "correlationVector":"Ab1BlbOQDx8pSqDOtB9RJR","action":"Commit Request", "result":"", "context":Item count: 1
Contributing types: Sessions}
{"logTime": "1009/212715", "correlationVector":"Ab1BlbOQDx8pSqDOtB9RJR.1","action":"SyncServerConnectionManagerRequest", "result":"SYNC_SERVER_OK", "context":{"environment":"Prod_WestEurope_000l", "migrationStage":"NotStarted", "server":"GENERAL0100001K"}}
{"logTime": "1009/212715", "correlationVector":"Ab1BlbOQDx8pSqDOtB9RJR.2","action":"Commit Response", "result":"Success", "context":Result: Success. cV=Ab1BlbOQDx8pSqDOtB9RJR.0;server=GENERAL0100001K;cloudType=Consumer;environment=Prod_WestEurope_000l;migrationStage=NotStarted}
{"logTime": "1009/212753", "correlationVector":"UiuYUDRJAzyJ4b0n1a/pEY","action":"Commit Request", "result":"", "context":Item count: 1
Contributing types: Sessions}
{"logTime": "1009/212753", "correlationVector":"UiuYUDRJAzyJ4b0n1a/pEY.1","action":"SyncServerConnectionManagerRequest", "result":"SYNC_SERVER_OK", "context":{"environment":"Prod_WestEurope_000l", "migrationStage":"NotStarted", "server":"GENERAL01000006"}}
{"logTime": "1009/212753", "correlationVector":"UiuYUDRJAzyJ4b0n1a/pEY.2","action":"Commit Response", "result":"Success", "context":Result: Success. cV=UiuYUDRJAzyJ4b0n1a/pEY.0;server=GENERAL01000006;cloudType=Consumer;environment=Prod_WestEurope_000l;migrationStage=NotStarted}
{"logTime": "1009/212833", "correlationVector":"iYsI21MwtHMb4EUh/ZrCOj","action":"Commit Request", "result":"", "context":Item count: 3
Contributing types: Sessions}
{"logTime": "1009/212833", "correlationVector":"iYsI21MwtHMb4EUh/ZrCOj.1","action":"SyncServerConnectionManagerRequest", "result":"SYNC_SERVER_OK", "context":{"environment":"Prod_WestEurope_x00e", "migrationStage":"NotStarted", "server":"GENERAL0100001Z"}}
{"logTime": "1009/212833", "correlationVector":"iYsI21MwtHMb4EUh/ZrCOj.2","action":"Commit Response", "result":"Success", "context":Result: Success. cV=iYsI21MwtHMb4EUh/ZrCOj.0;server=GENERAL0100001Z;cloudType=Consumer;environment=Prod_WestEurope_x00e;migrationStage=NotStarted}
{"logTime": "1009/213000", "correlationVector":"4dwg3rCo6gUGHGrPNhZKna","action":"Commit Request", "result":"", "context":Item count: 2
Contributing types: Sessions}
{"logTime": "1009/213030", "correlationVector":"4dwg3rCo6gUGHGrPNhZKna.1","action":"SyncServerConnectionManagerRequest", "result":"SYNC_SERVER_OK", "context":{"environment":"Prod_WestEurope_000l", "migrationStage":"NotStarted", "server":"GENERAL01000005"}}
{"logTime": "1009/213030", "correlationVector":"4dwg3rCo6gUGHGrPNhZKna.3","action":"Commit.Sessions", "result":"TransientError", "context":{"id":"3dc36a12-9a98-45c5-a4f4-9f696f452df9", "isDeleted":"false", "size":"267", "version":"1728509313616"}}
{"logTime": "1009/213030", "correlationVector":"4dwg3rCo6gUGHGrPNhZKna.4","action":"Commit.Sessions", "result":"TransientError", "context":{"id":"941fb757-ee50-4e6e-a0ee-049afb7a1f63", "isDeleted":"false", "size":"87", "version":"1728509313617"}}
{"logTime": "1009/213030", "correlationVector":"4dwg3rCo6gUGHGrPNhZKna.2","action":"Commit Response", "result":"Success", "context":Result: Success. cV=4dwg3rCo6gUGHGrPNhZKna.0;server=GENERAL01000005;cloudType=Consumer;environment=Prod_WestEurope_000l;migrationStage=NotStarted}
{"logTime": "1009/215739", "correlationVector":"oDQiwaxtz6kpOt/2uJFd4k","action":"Normal GetUpdate request", "result":"", "context":cV=oDQiwaxtz6kpOt/2uJFd4k
Nudged types: Sessions
Refresh requested types: Bookmarks, Preferences, Passwords, Autofill Profiles, Autofill, Typed URLs, Extensions, Sessions, Extension settings, History Delete Directives, Device Info, User Consents, Send Tab To Self, Web Apps, Collection, Edge E Drop, Edge Hub App Usage, Edge Tab Group, Edge Wallet, Encryption Keys}
{"logTime": "1009/215739", "correlationVector":"oDQiwaxtz6kpOt/2uJFd4k.1","action":"SyncServerConnectionManagerRequest", "result":"SYNC_SERVER_OK", "context":{"environment":"Prod_WestEurope_000l", "migrationStage":"NotStarted", "server":"GENERAL0100000Y"}}
{"logTime": "1009/215739", "correlationVector":"oDQiwaxtz6kpOt/2uJFd4k.2","action":"GetUpdates", "result":"DeleteReceived", "context":{"id":"aefadc4d-c748-48d1-ad0b-00df812a6402", "isDeleted:":"true", "version":"1728508807362"}}
{"logTime": "1009/215739", "correlationVector":"oDQiwaxtz6kpOt/2uJFd4k.3","action":"GetUpdates", "result":"DeleteReceived", "context":{"id":"aa06706d-d847-4fdc-a538-d7a0d0375f60", "isDeleted:":"true", "version":"1728510719836"}}
{"logTime": "1009/215739", "correlationVector":"oDQiwaxtz6kpOt/2uJFd4k.4","action":"GetUpdates Response", "result":"Success", "context":Received 11 update(s). cV=oDQiwaxtz6kpOt/2uJFd4k.0;server=GENERAL0100000Y;cloudType=Consumer;environment=Prod_WestEurope_000l;migrationStage=NotStarted}
{"logTime": "1009/215739", "correlationVector":"PlS4P/6CoEIedRBVkZg4Zm","action":"Commit Request", "result":"", "context":Item count: 4
Contributing types: Sessions}
{"logTime": "1009/215740", "correlationVector":"PlS4P/6CoEIedRBVkZg4Zm.1","action":"SyncServerConnectionManagerRequest", "result":"SYNC_SERVER_OK", "context":{"environment":"Prod_WestEurope_000l", "migrationStage":"NotStarted", "server":"GENERAL01000008"}}
{"logTime": "1009/215740", "correlationVector":"PlS4P/6CoEIedRBVkZg4Zm.2","action":"Commit Response", "result":"Success", "context":Result: Success. cV=PlS4P/6CoEIedRBVkZg4Zm.0;server=GENERAL01000008;cloudType=Consumer;environment=Prod_WestEurope_000l;migrationStage=NotStarted}
{"logTime": "1009/215810", "correlationVector":"Y4Z313xaprhUWl2LWhUJXn","action":"Commit Request", "result":"", "context":Item count: 5
Contributing types: Sessions}
{"logTime": "1009/215810", "correlationVector":"Y4Z313xaprhUWl2LWhUJXn.1","action":"SyncServerConnectionManagerRequest", "result":"SYNC_SERVER_OK", "context":{"environment":"Prod_WestEurope_000l", "migrationStage":"NotStarted", "server":"GENERAL01000001"}}
{"logTime": "1009/215810", "correlationVector":"Y4Z313xaprhUWl2LWhUJXn.2","action":"Commit Response", "result":"Success", "context":Result: Success. cV=Y4Z313xaprhUWl2LWhUJXn.0;server=GENERAL01000001;cloudType=Consumer;environment=Prod_WestEurope_000l;migrationStage=NotStarted}
{"logTime": "1009/215920", "correlationVector":"PEyffPUqWrZARPKtcuuaMa","action":"Commit Request", "result":"", "context":Item count: 1
Contributing types: Sessions}
{"logTime": "1009/215920", "correlationVector":"PEyffPUqWrZARPKtcuuaMa.1","action":"SyncServerConnectionManagerRequest", "result":"SYNC_SERVER_OK", "context":{"environment":"Prod_WestEurope_000l", "migrationStage":"NotStarted", "server":"GENERAL01000008"}}
{"logTime": "1009/215920", "correlationVector":"PEyffPUqWrZARPKtcuuaMa.2","action":"Commit Response", "result":"Success", "context":Result: Success. cV=PEyffPUqWrZARPKtcuuaMa.0;server=GENERAL01000008;cloudType=Consumer;environment=Prod_WestEurope_000l;migrationStage=NotStarted}
{"logTime": "1009/221657", "correlationVector":"YIFQEqBBR6VJjjlgCFIZrk","action":"Normal GetUpdate request", "result":"", "context":cV=YIFQEqBBR6VJjjlgCFIZrk
Nudged types: Sessions, Device Info
Refresh requested types: Bookmarks, Preferences, Passwords, Autofill Profiles, Autofill, Typed URLs, Extensions, Sessions, Extension settings, History Delete Directives, Device Info, User Consents, Send Tab To Self, Web Apps, Collection, Edge E Drop, Edge Hub App Usage, Edge Tab Group, Edge Wallet, Encryption Keys}
{"logTime": "1009/221657", "correlationVector":"YIFQEqBBR6VJjjlgCFIZrk.1","action":"SyncServerConnectionManagerRequest", "result":"SYNC_SERVER_OK", "context":{"environment":"Prod_WestEurope_000l", "migrationStage":"NotStarted", "server":"GENERAL0100001B"}}
{"logTime": "1009/221657", "correlationVector":"YIFQEqBBR6VJjjlgCFIZrk.2","action":"GetUpdates", "result":"DeleteReceived", "context":{"id":"7c097eae-71bf-4a73-8167-8da488b97e23", "isDeleted:":"true", "version":"1728511872737"}}
{"logTime": "1009/221657", "correlationVector":"YIFQEqBBR6VJjjlgCFIZrk.3","action":"GetUpdates Response", "result":"Success", "context":Received 10 update(s). cV=YIFQEqBBR6VJjjlgCFIZrk.0;server=GENERAL0100001B;cloudType=Consumer;environment=Prod_WestEurope_000l;migrationStage=NotStarted}
{"logTime": "1009/221658", "correlationVector":"+uDVbbYlGpReMzFOG2odDR","action":"Commit Request", "result":"", "context":Item count: 6
Contributing types: Sessions, Device Info}
{"logTime": "1009/221659", "correlationVector":"+uDVbbYlGpReMzFOG2odDR.1","action":"SyncServerConnectionManagerRequest", "result":"SYNC_SERVER_OK", "context":{"environment":"Prod_WestEurope_000l", "migrationStage":"NotStarted", "server":"GENERAL0100000E"}}
{"logTime": "1009/221659", "correlationVector":"+uDVbbYlGpReMzFOG2odDR.2","action":"Commit Response", "result":"Success", "context":Result: Success. cV=+uDVbbYlGpReMzFOG2odDR.0;server=GENERAL0100000E;cloudType=Consumer;environment=Prod_WestEurope_000l;migrationStage=NotStarted}
{"logTime": "1009/221659", "correlationVector":"8Udh7hwmyyevV74ClvYTfH","action":"Normal GetUpdate request", "result":"", "context":cV=8Udh7hwmyyevV74ClvYTfH
Nudged types: Sessions, Device Info}
{"logTime": "1009/221659", "correlationVector":"8Udh7hwmyyevV74ClvYTfH.1","action":"SyncServerConnectionManagerRequest", "result":"SYNC_SERVER_OK", "context":{"environment":"Prod_WestEurope_000l", "migrationStage":"NotStarted", "server":"GENERAL0100000B"}}
{"logTime": "1009/221659", "correlationVector":"8Udh7hwmyyevV74ClvYTfH.2","action":"GetUpdates Response", "result":"Success", "context":Received 6 update(s). cV=8Udh7hwmyyevV74ClvYTfH.0;server=GENERAL0100000B;cloudType=Consumer;environment=Prod_WestEurope_000l;migrationStage=NotStarted}
{"logTime": "1009/221659", "correlationVector":"ClBY8IlE6tUDf2+IHqnS+l","action":"Commit Request", "result":"", "context":Item count: 2
Contributing types: Sessions}
{"logTime": "1009/221659", "correlationVector":"ClBY8IlE6tUDf2+IHqnS+l.1","action":"SyncServerConnectionManagerRequest", "result":"SYNC_SERVER_OK", "context":{"environment":"Prod_WestEurope_000l", "migrationStage":"NotStarted", "server":"GENERAL0100001I"}}
{"logTime": "1009/221659", "correlationVector":"ClBY8IlE6tUDf2+IHqnS+l.2","action":"Commit Response", "result":"Success", "context":Result: Success. cV=ClBY8IlE6tUDf2+IHqnS+l.0;server=GENERAL0100001I;cloudType=Consumer;environment=Prod_WestEurope_000l;migrationStage=NotStarted}
{"logTime": "1009/221729", "correlationVector":"bjVgNxLerntpEMonXDBHLn","action":"Commit Request", "result":"", "context":Item count: 5
Contributing types: Sessions}
{"logTime": "1009/221730", "correlationVector":"bjVgNxLerntpEMonXDBHLn.1","action":"SyncServerConnectionManagerRequest", "result":"SYNC_SERVER_OK", "context":{"environment":"Prod_WestEurope_000l", "migrationStage":"NotStarted", "server":"GENERAL0100000O"}}
{"logTime": "1009/221730", "correlationVector":"bjVgNxLerntpEMonXDBHLn.3","action":"Commit.Sessions", "result":"Success", "context":{"id":"3dc36a12-9a98-45c5-a4f4-9f696f452df9", "isDeleted":"true", "size":"0", "version":"1728512219600"}}
{"logTime": "1009/221730", "correlationVector":"bjVgNxLerntpEMonXDBHLn.2","action":"Commit Response", "result":"Success", "context":Result: Success. cV=bjVgNxLerntpEMonXDBHLn.0;server=GENERAL0100000O;cloudType=Consumer;environment=Prod_WestEurope_000l;migrationStage=NotStarted}
{"logTime": "1009/222030", "correlationVector":"/FweKSDavMOjakmdSwrSAc","action":"Commit Request", "result":"", "context":Item count: 3
Contributing types: Sessions}
{"logTime": "1009/222030", "correlationVector":"/FweKSDavMOjakmdSwrSAc.1","action":"SyncServerConnectionManagerRequest", "result":"SYNC_SERVER_OK", "context":{"environment":"Prod_WestEurope_000l", "migrationStage":"NotStarted", "server":"GENERAL0100000C"}}
{"logTime": "1009/222030", "correlationVector":"/FweKSDavMOjakmdSwrSAc.2","action":"Commit Response", "result":"Success", "context":Result: Success. cV=/FweKSDavMOjakmdSwrSAc.0;server=GENERAL0100000C;cloudType=Consumer;environment=Prod_WestEurope_000l;migrationStage=NotStarted}
{"logTime": "1009/222157", "correlationVector":"l49i9mDJd729XzbX/YbH3f","action":"Normal GetUpdate request", "result":"", "context":cV=l49i9mDJd729XzbX/YbH3f
Refresh requested types: Bookmarks, Preferences, Passwords, Autofill Profiles, Autofill, Typed URLs, Extensions, Sessions, Extension settings, History Delete Directives, Device Info, User Consents, Send Tab To Self, Web Apps, Collection, Edge E Drop, Edge Hub App Usage, Edge Tab Group, Edge Wallet, Encryption Keys}
{"logTime": "1009/222157", "correlationVector":"l49i9mDJd729XzbX/YbH3f.1","action":"SyncServerConnectionManagerRequest", "result":"SYNC_SERVER_OK", "context":{"environment":"Prod_WestEurope_000l", "migrationStage":"NotStarted", "server":"GENERAL0100000P"}}
{"logTime": "1009/222157", "correlationVector":"l49i9mDJd729XzbX/YbH3f.2","action":"GetUpdates", "result":"DeleteReceived", "context":{"id":"3dc36a12-9a98-45c5-a4f4-9f696f452df9", "isDeleted:":"true", "version":"1728512249873"}}
{"logTime": "1009/222157", "correlationVector":"l49i9mDJd729XzbX/YbH3f.3","action":"GetUpdates Response", "result":"Success", "context":Received 5 update(s). cV=l49i9mDJd729XzbX/YbH3f.0;server=GENERAL0100000P;cloudType=Consumer;environment=Prod_WestEurope_000l;migrationStage=NotStarted}
{"logTime": "1009/222157", "correlationVector":"kf+hov3NO95dZVXNwxFrC6","action":"Commit Request", "result":"", "context":Item count: 2
Contributing types: Sessions}
{"logTime": "1009/222158", "correlationVector":"kf+hov3NO95dZVXNwxFrC6.1","action":"SyncServerConnectionManagerRequest", "result":"SYNC_SERVER_OK", "context":{"environment":"Prod_WestEurope_000l", "migrationStage":"NotStarted", "server":"GENERAL01000008"}}
{"logTime": "1009/222158", "correlationVector":"kf+hov3NO95dZVXNwxFrC6.3","action":"Commit.Sessions", "result":"Success", "context":{"id":"0458cdbd-d3fa-45ac-84a4-e3c63191ef42", "isDeleted":"true", "size":"0", "version":"1728512430519"}}
{"logTime": "1009/222158", "correlationVector":"kf+hov3NO95dZVXNwxFrC6.2","action":"Commit Response", "result":"Success", "context":Result: Success. cV=kf+hov3NO95dZVXNwxFrC6.0;server=GENERAL01000008;cloudType=Consumer;environment=Prod_WestEurope_000l;migrationStage=NotStarted}
{"logTime": "1009/222228", "correlationVector":"8qXWvGoOxXUD9f5scfbCbD","action":"Commit Request", "result":"", "context":Item count: 1
Contributing types: Sessions}
{"logTime": "1009/222228", "correlationVector":"8qXWvGoOxXUD9f5scfbCbD.1","action":"SyncServerConnectionManagerRequest", "result":"SYNC_SERVER_OK", "context":{"environment":"Prod_WestEurope_000l", "migrationStage":"NotStarted", "server":"GENERAL01000009"}}
{"logTime": "1009/222228", "correlationVector":"8qXWvGoOxXUD9f5scfbCbD.2","action":"Commit Response", "result":"Success", "context":Result: Success. cV=8qXWvGoOxXUD9f5scfbCbD.0;server=GENERAL01000009;cloudType=Consumer;environment=Prod_WestEurope_000l;migrationStage=NotStarted}
{"logTime": "1009/222711", "correlationVector":"dEika8uEFoCkyBm+jelFtY","action":"Commit Request", "result":"", "context":Item count: 2
Contributing types: Sessions}
{"logTime": "1009/222711", "correlationVector":"dEika8uEFoCkyBm+jelFtY.1","action":"SyncServerConnectionManagerRequest", "result":"SYNC_SERVER_OK", "context":{"environment":"Prod_WestEurope_000l", "migrationStage":"NotStarted", "server":"GENERAL01000008"}}
{"logTime": "1009/222711", "correlationVector":"dEika8uEFoCkyBm+jelFtY.2","action":"Commit Response", "result":"Success", "context":Result: Success. cV=dEika8uEFoCkyBm+jelFtY.0;server=GENERAL01000008;cloudType=Consumer;environment=Prod_WestEurope_000l;migrationStage=NotStarted}
{"logTime": "1009/222755", "correlationVector":"fDfOcTIbSjY1eJi8l20G78","action":"Commit Request", "result":"", "context":Item count: 1
Contributing types: Sessions}
{"logTime": "1009/222755", "correlationVector":"fDfOcTIbSjY1eJi8l20G78.1","action":"SyncServerConnectionManagerRequest", "result":"SYNC_SERVER_OK", "context":{"environment":"Prod_WestEurope_000l", "migrationStage":"NotStarted", "server":"GENERAL0100000C"}}
{"logTime": "1009/222755", "correlationVector":"fDfOcTIbSjY1eJi8l20G78.2","action":"Commit Response", "result":"Success", "context":Result: Success. cV=fDfOcTIbSjY1eJi8l20G78.0;server=GENERAL0100000C;cloudType=Consumer;environment=Prod_WestEurope_000l;migrationStage=NotStarted}
{"logTime": "1009/222926", "correlationVector":"aG5ljsTMPD4r+UbI6C6kCn","action":"Commit Request", "result":"", "context":Item count: 3
Contributing types: Sessions}
{"logTime": "1009/222926", "correlationVector":"aG5ljsTMPD4r+UbI6C6kCn.1","action":"SyncServerConnectionManagerRequest", "result":"SYNC_SERVER_OK", "context":{"environment":"Prod_WestEurope_000l", "migrationStage":"NotStarted", "server":"GENERAL0100000X"}}
{"logTime": "1009/222926", "correlationVector":"aG5ljsTMPD4r+UbI6C6kCn.3","action":"Commit.Sessions", "result":"Success", "context":{"id":"3451930a-71f3-4e04-9e90-31bee9f348b6", "isDeleted":"true", "size":"0", "version":"1728512831433"}}
{"logTime": "1009/222926", "correlationVector":"aG5ljsTMPD4r+UbI6C6kCn.2","action":"Commit Response", "result":"Success", "context":Result: Success. cV=aG5ljsTMPD4r+UbI6C6kCn.0;server=GENERAL0100000X;cloudType=Consumer;environment=Prod_WestEurope_000l;migrationStage=NotStarted}
{"logTime": "1009/223058", "correlationVector":"88Z6CFC8vx+SiYewSi4ReZ","action":"Commit Request", "result":"", "context":Item count: 3
Contributing types: Sessions}
{"logTime": "1009/223059", "correlationVector":"88Z6CFC8vx+SiYewSi4ReZ.1","action":"SyncServerConnectionManagerRequest", "result":"SYNC_SERVER_OK", "context":{"environment":"Prod_WestEurope_000l", "migrationStage":"NotStarted", "server":"GENERAL0100000R"}}
{"logTime": "1009/223059", "correlationVector":"88Z6CFC8vx+SiYewSi4ReZ.3","action":"Commit.Sessions", "result":"Success", "context":{"id":"b4ba2249-2516-4f20-92be-34035917cbf6", "isDeleted":"true", "size":"0", "version":"1728512966233"}}
{"logTime": "1009/223059", "correlationVector":"88Z6CFC8vx+SiYewSi4ReZ.2","action":"Commit Response", "result":"Success", "context":Result: Success. cV=88Z6CFC8vx+SiYewSi4ReZ.0;server=GENERAL0100000R;cloudType=Consumer;environment=Prod_WestEurope_000l;migrationStage=NotStarted}
{"logTime": "1009/223308", "correlationVector":"/As6ReakvPwqFwNONbz9zo","action":"Commit Request", "result":"", "context":Item count: 4
Contributing types: Sessions}
{"logTime": "1009/223308", "correlationVector":"/As6ReakvPwqFwNONbz9zo.1","action":"SyncServerConnectionManagerRequest", "result":"SYNC_SERVER_OK", "context":{"environment":"Prod_WestEurope_000l", "migrationStage":"NotStarted", "server":"GENERAL01000018"}}
{"logTime": "1009/223308", "correlationVector":"/As6ReakvPwqFwNONbz9zo.2","action":"Commit Response", "result":"Success", "context":Result: Success. cV=/As6ReakvPwqFwNONbz9zo.0;server=GENERAL01000018;cloudType=Consumer;environment=Prod_WestEurope_000l;migrationStage=NotStarted}
{"logTime": "1009/223934", "correlationVector":"tex4NNnzICmOHl8AuQA7xx","action":"Commit Request", "result":"", "context":Item count: 5
Contributing types: Sessions}
{"logTime": "1009/223934", "correlationVector":"tex4NNnzICmOHl8AuQA7xx.1","action":"SyncServerConnectionManagerRequest", "result":"SYNC_SERVER_OK", "context":{"environment":"Prod_WestEurope_000l", "migrationStage":"NotStarted", "server":"GENERAL01000009"}}
{"logTime": "1009/223934", "correlationVector":"tex4NNnzICmOHl8AuQA7xx.3","action":"Commit.Sessions", "result":"Success", "context":{"id":"76bbe87f-471c-4cd3-b26d-7b4e0f6209f2", "isDeleted":"true", "size":"0", "version":"1728513188361"}}
{"logTime": "1009/223934", "correlationVector":"tex4NNnzICmOHl8AuQA7xx.4","action":"Commit.Sessions", "result":"Success", "context":{"id":"8f96e352-2ac2-4506-bb17-e298963ca52f", "isDeleted":"true", "size":"0", "version":"1728513188362"}}
{"logTime": "1009/223934", "correlationVector":"tex4NNnzICmOHl8AuQA7xx.5","action":"Commit.Sessions", "result":"Success", "context":{"id":"49dabcfb-22a4-482a-bb31-c0a2a04a5418", "isDeleted":"true", "size":"0", "version":"1728513188363"}}
{"logTime": "1009/223934", "correlationVector":"tex4NNnzICmOHl8AuQA7xx.2","action":"Commit Response", "result":"Success", "context":Result: Success. cV=tex4NNnzICmOHl8AuQA7xx.0;server=GENERAL01000009;cloudType=Consumer;environment=Prod_WestEurope_000l;migrationStage=NotStarted}
