2024-10-30 19:05:38.370 [info] [main] Log level: Info
2024-10-30 19:05:38.371 [info] [main] Validating found git in: "git"
2024-10-30 19:05:38.371 [info] [main] Using git "2.47.0" from "git"
2024-10-30 19:05:38.371 [info] [Model][doInitialScan] Initial repository scan started
2024-10-30 19:05:38.371 [info] > git rev-parse --show-toplevel [8ms]
2024-10-30 19:05:38.371 [info] fatal: not a git repository (or any parent up to mount point /home/ste)
Stopping at filesystem boundary (GIT_DISCOVERY_ACROSS_FILESYSTEM not set).
2024-10-30 19:05:38.371 [info] [Model][doInitialScan] Initial repository scan completed - repositories (0), closed repositories (0), parent repositories (0), unsafe repositories (0)
2024-10-30 19:05:38.494 [info] > git rev-parse --show-toplevel [3ms]
2024-10-30 19:05:38.494 [info] fatal: not a git repository (or any parent up to mount point /home/ste)
Stopping at filesystem boundary (GIT_DISCOVERY_ACROSS_FILESYSTEM not set).
2024-10-30 19:05:38.828 [info] > git rev-parse --show-toplevel [7ms]
2024-10-30 19:05:38.828 [info] fatal: not a git repository (or any parent up to mount point /home/ste)
Stopping at filesystem boundary (GIT_DISCOVERY_ACROSS_FILESYSTEM not set).
2024-10-30 19:05:38.837 [info] > git rev-parse --show-toplevel [2ms]
2024-10-30 19:05:38.837 [info] fatal: not a git repository (or any parent up to mount point /home/ste)
Stopping at filesystem boundary (GIT_DISCOVERY_ACROSS_FILESYSTEM not set).
2024-10-30 19:05:39.306 [info] > git rev-parse --show-toplevel [3ms]
2024-10-30 19:05:39.306 [info] fatal: not a git repository (or any parent up to mount point /home/ste)
Stopping at filesystem boundary (GIT_DISCOVERY_ACROSS_FILESYSTEM not set).
2024-10-30 19:05:40.241 [info] > git rev-parse --show-toplevel [5ms]
2024-10-30 19:05:40.241 [info] fatal: not a git repository (or any parent up to mount point /home/ste)
Stopping at filesystem boundary (GIT_DISCOVERY_ACROSS_FILESYSTEM not set).
2024-10-30 19:05:44.200 [info] > git rev-parse --show-toplevel [7ms]
2024-10-30 19:05:44.200 [info] fatal: not a git repository (or any parent up to mount point /home/ste)
Stopping at filesystem boundary (GIT_DISCOVERY_ACROSS_FILESYSTEM not set).
2024-10-30 19:06:37.142 [info] > git rev-parse --show-toplevel [3ms]
2024-10-30 19:06:37.142 [info] fatal: not a git repository (or any parent up to mount point /home/ste)
Stopping at filesystem boundary (GIT_DISCOVERY_ACROSS_FILESYSTEM not set).
2024-10-30 19:07:39.716 [info] [main] Log level: Info
2024-10-30 19:07:39.716 [info] [main] Validating found git in: "git"
2024-10-30 19:07:39.716 [info] [main] Using git "2.47.0" from "git"
2024-10-30 19:07:39.716 [info] [Model][doInitialScan] Initial repository scan started
2024-10-30 19:07:39.716 [info] > git rev-parse --show-toplevel [63ms]
2024-10-30 19:07:39.716 [info] fatal: not a git repository (or any parent up to mount point /home/ste)
Stopping at filesystem boundary (GIT_DISCOVERY_ACROSS_FILESYSTEM not set).
2024-10-30 19:07:39.716 [info] [Model][doInitialScan] Initial repository scan completed - repositories (0), closed repositories (0), parent repositories (0), unsafe repositories (0)
2024-10-30 19:08:38.612 [info] > git rev-parse --show-toplevel [4ms]
2024-10-30 19:08:38.612 [info] fatal: not a git repository (or any parent up to mount point /home/ste)
Stopping at filesystem boundary (GIT_DISCOVERY_ACROSS_FILESYSTEM not set).
2024-10-30 19:08:48.451 [info] > git rev-parse --show-toplevel [2ms]
2024-10-30 19:08:48.451 [info] fatal: not a git repository (or any parent up to mount point /home/ste)
Stopping at filesystem boundary (GIT_DISCOVERY_ACROSS_FILESYSTEM not set).
2024-10-30 19:09:19.273 [info] > git rev-parse --show-toplevel [2ms]
2024-10-30 19:09:19.273 [info] fatal: not a git repository (or any parent up to mount point /home/ste)
Stopping at filesystem boundary (GIT_DISCOVERY_ACROSS_FILESYSTEM not set).
2024-10-30 19:09:26.928 [info] > git rev-parse --show-toplevel [5ms]
2024-10-30 19:09:26.928 [info] fatal: not a git repository (or any parent up to mount point /home/ste)
Stopping at filesystem boundary (GIT_DISCOVERY_ACROSS_FILESYSTEM not set).
2024-10-30 19:10:07.570 [info] > git rev-parse --show-toplevel [3ms]
2024-10-30 19:10:07.570 [info] fatal: not a git repository (or any parent up to mount point /home/ste)
Stopping at filesystem boundary (GIT_DISCOVERY_ACROSS_FILESYSTEM not set).
2024-10-30 19:10:14.525 [info] > git rev-parse --show-toplevel [2ms]
2024-10-30 19:10:14.525 [info] fatal: not a git repository (or any parent up to mount point /home/ste)
Stopping at filesystem boundary (GIT_DISCOVERY_ACROSS_FILESYSTEM not set).
