2024-10-17 01:59:39.212 [info] Added views:outline in workbench.view.explorer
2024-10-17 01:59:39.214 [info] Added views:workbench.view.search in workbench.view.search
2024-10-17 01:59:39.214 [info] Added views:workbench.scm in workbench.view.scm
2024-10-17 01:59:39.214 [info] Added views:workbench.panel.markers.view in workbench.panel.markers
2024-10-17 01:59:39.214 [info] Added views:workbench.panel.output in workbench.panel.output
2024-10-17 01:59:39.214 [info] Added views:terminal in workbench.views.service.panel.75d91ffb-dd38-455e-aa6e-049f1e5516cb
2024-10-17 01:59:39.214 [info] Added views:timeline in workbench.view.explorer
2024-10-17 01:59:39.214 [info] Added views:workbench.explorer.openEditorsView,workbench.explorer.fileView in workbench.view.explorer
2024-10-17 01:59:40.321 [info] Added views:workbench.debug.welcome in workbench.view.debug
2024-10-17 01:59:40.463 [info] Added views:workbench.panel.repl.view in workbench.panel.repl
2024-10-17 01:59:40.571 [info] Added views:~remote.forwardedPorts in ~remote.forwardedPortsContainer
2024-10-17 02:01:11.732 [info] Added views:outline in workbench.view.explorer
2024-10-17 02:01:11.732 [info] Added views:workbench.view.search in workbench.view.search
2024-10-17 02:01:11.732 [info] Added views:workbench.scm in workbench.view.scm
2024-10-17 02:01:11.732 [info] Added views:workbench.panel.markers.view in workbench.panel.markers
2024-10-17 02:01:11.732 [info] Added views:workbench.panel.output in workbench.panel.output
2024-10-17 02:01:11.732 [info] Added views:terminal in workbench.views.service.panel.75d91ffb-dd38-455e-aa6e-049f1e5516cb
2024-10-17 02:01:11.732 [info] Added views:timeline in workbench.view.explorer
2024-10-17 02:01:11.732 [info] Added views:workbench.explorer.openEditorsView,workbench.explorer.fileView in workbench.view.explorer
2024-10-17 02:01:12.462 [info] Added views:workbench.debug.variablesView,workbench.debug.watchExpressionsView,workbench.debug.callStackView,workbench.debug.breakPointsView in workbench.view.debug
2024-10-17 02:01:12.774 [info] Added views:workbench.panel.repl.view in workbench.panel.repl
2024-10-17 02:01:12.774 [info] Removed views:workbench.debug.breakPointsView,workbench.debug.callStackView,workbench.debug.watchExpressionsView,workbench.debug.variablesView from workbench.view.debug
2024-10-17 02:01:12.777 [info] Added views:workbench.debug.welcome in workbench.view.debug
2024-10-17 02:01:12.823 [info] Added views:~remote.forwardedPorts in ~remote.forwardedPortsContainer
2024-10-17 02:01:23.842 [info] Added views:workbench.views.extensions.installed,workbench.views.extensions.popular,extensions.recommendedList in workbench.view.extensions
2024-10-17 02:01:23.847 [info] Removed views:workbench.views.extensions.popular from workbench.view.extensions
2024-10-17 02:01:47.409 [info] Removed views:extensions.recommendedList,workbench.views.extensions.installed from workbench.view.extensions
2024-10-17 02:01:47.426 [info] Added views:workbench.views.extensions.marketplace in workbench.view.extensions
2024-10-17 02:01:57.381 [info] Added views:latex-workshop-commands,latex-workshop-structure,latex-workshop-snippet-view in workbench.view.extension.latex-workshop-activitybar
