2024-10-13 02:08:15.261 [info] [main] Log level: Info
2024-10-13 02:08:15.261 [info] [main] Validating found git in: "git"
2024-10-13 02:08:15.261 [info] [main] Using git "2.47.0" from "git"
2024-10-13 02:08:15.261 [info] [Model][doInitialScan] Initial repository scan started
2024-10-13 02:08:15.261 [info] > git rev-parse --show-toplevel [8ms]
2024-10-13 02:08:15.261 [info] fatal: not a git repository (or any parent up to mount point /)
Stopping at filesystem boundary (GIT_DISCOVERY_ACROSS_FILESYSTEM not set).
2024-10-13 02:08:15.261 [info] > git rev-parse --show-toplevel [37ms]
2024-10-13 02:08:15.261 [info] fatal: not a git repository (or any of the parent directories): .git
2024-10-13 02:08:15.261 [info] [Model][doInitialScan] Initial repository scan completed - repositories (0), closed repositories (0), parent repositories (0), unsafe repositories (0)
2024-10-13 02:08:15.283 [info] > git rev-parse --show-toplevel [3ms]
2024-10-13 02:08:15.283 [info] fatal: not a git repository (or any parent up to mount point /)
Stopping at filesystem boundary (GIT_DISCOVERY_ACROSS_FILESYSTEM not set).
2024-10-13 02:08:15.625 [info] > git rev-parse --show-toplevel [15ms]
2024-10-13 02:08:15.625 [info] fatal: not a git repository (or any parent up to mount point /)
Stopping at filesystem boundary (GIT_DISCOVERY_ACROSS_FILESYSTEM not set).
2024-10-13 02:08:15.644 [info] > git rev-parse --show-toplevel [8ms]
2024-10-13 02:08:15.644 [info] fatal: not a git repository (or any parent up to mount point /)
Stopping at filesystem boundary (GIT_DISCOVERY_ACROSS_FILESYSTEM not set).
2024-10-13 02:08:15.651 [info] > git rev-parse --show-toplevel [2ms]
2024-10-13 02:08:15.651 [info] fatal: not a git repository (or any parent up to mount point /)
Stopping at filesystem boundary (GIT_DISCOVERY_ACROSS_FILESYSTEM not set).
2024-10-13 02:08:16.186 [info] > git rev-parse --show-toplevel [3ms]
2024-10-13 02:08:16.186 [info] fatal: not a git repository (or any parent up to mount point /)
Stopping at filesystem boundary (GIT_DISCOVERY_ACROSS_FILESYSTEM not set).
2024-10-13 02:08:19.874 [info] > git rev-parse --show-toplevel [5ms]
2024-10-13 02:08:19.874 [info] fatal: not a git repository (or any of the parent directories): .git
