2024-10-17 02:05:27.269 [info] [main] Log level: Info
2024-10-17 02:05:27.269 [info] [main] Validating found git in: "git"
2024-10-17 02:05:27.269 [info] [main] Using git "2.47.0" from "git"
2024-10-17 02:05:27.269 [info] [Model][doInitialScan] Initial repository scan started
2024-10-17 02:05:27.269 [info] > git rev-parse --show-toplevel [13ms]
2024-10-17 02:05:27.269 [info] fatal: not a git repository (or any parent up to mount point /home/ste)
Stopping at filesystem boundary (GIT_DISCOVERY_ACROSS_FILESYSTEM not set).
2024-10-17 02:05:27.269 [info] > git rev-parse --show-toplevel [51ms]
2024-10-17 02:05:27.269 [info] fatal: not a git repository (or any parent up to mount point /home/ste)
Stopping at filesystem boundary (GIT_DISCOVERY_ACROSS_FILESYSTEM not set).
2024-10-17 02:05:27.269 [info] [Model][doInitialScan] Initial repository scan completed - repositories (0), closed repositories (0), parent repositories (0), unsafe repositories (0)
2024-10-17 02:05:27.379 [info] > git rev-parse --show-toplevel [7ms]
2024-10-17 02:05:27.379 [info] fatal: not a git repository (or any parent up to mount point /home/ste)
Stopping at filesystem boundary (GIT_DISCOVERY_ACROSS_FILESYSTEM not set).
2024-10-17 02:05:27.591 [info] > git rev-parse --show-toplevel [3ms]
2024-10-17 02:05:27.591 [info] fatal: not a git repository (or any parent up to mount point /home/ste)
Stopping at filesystem boundary (GIT_DISCOVERY_ACROSS_FILESYSTEM not set).
2024-10-17 02:05:27.973 [info] > git rev-parse --show-toplevel [3ms]
2024-10-17 02:05:27.973 [info] fatal: not a git repository (or any parent up to mount point /home/ste)
Stopping at filesystem boundary (GIT_DISCOVERY_ACROSS_FILESYSTEM not set).
2024-10-17 02:05:28.830 [info] > git rev-parse --show-toplevel [2ms]
2024-10-17 02:05:28.830 [info] fatal: not a git repository (or any parent up to mount point /home/ste)
Stopping at filesystem boundary (GIT_DISCOVERY_ACROSS_FILESYSTEM not set).
