2024-10-30 19:05:37.919 [info] Extension host with pid 2661 started
2024-10-30 19:05:37.919 [info] Skipping acquiring lock for /home/ste/.config/Code/User/workspaceStorage/fdb757d1f65de6441e58b77a50b51ae3.
2024-10-30 19:05:37.993 [info] ExtensionService#_doActivateExtension vscode.git-base, startup: true, activationEvent: '*', root cause: vscode.git
2024-10-30 19:05:38.022 [info] ExtensionService#_doActivateExtension vscode.git, startup: true, activationEvent: '*'
2024-10-30 19:05:38.149 [info] ExtensionService#_doActivateExtension vscode.github, startup: true, activationEvent: '*'
2024-10-30 19:05:38.329 [info] Eager extensions activated
2024-10-30 19:05:38.380 [info] ExtensionService#_doActivateExtension vscode.debug-auto-launch, startup: false, activationEvent: 'onStartupFinished'
2024-10-30 19:05:38.387 [info] ExtensionService#_doActivateExtension vscode.merge-conflict, startup: false, activationEvent: 'onStartupFinished'
2024-10-30 19:05:38.517 [info] ExtensionService#_doActivateExtension vscode.github-authentication, startup: false, activationEvent: 'onAuthenticationRequest:github'
2024-10-30 19:05:38.573 [info] ExtensionService#_doActivateExtension vscode.microsoft-authentication, startup: false, activationEvent: 'onAuthenticationRequest:microsoft'
2024-10-30 19:05:39.805 [info] ExtensionService#_doActivateExtension vscode.configuration-editing, startup: false, activationEvent: 'onLanguage:jsonc'
2024-10-30 19:05:39.829 [info] ExtensionService#_doActivateExtension vscode.json-language-features, startup: false, activationEvent: 'onLanguage:jsonc'
2024-10-30 19:05:39.921 [info] ExtensionService#_doActivateExtension vscode.typescript-language-features, startup: false, activationEvent: 'onLanguage:jsonc'
2024-10-30 19:05:40.013 [info] ExtensionService#_doActivateExtension vscode.emmet, startup: false, activationEvent: 'onLanguage'
2024-10-30 19:07:37.780 [info] Extension host terminating: renderer closed the MessagePort
2024-10-30 19:07:37.823 [info] Extension host with pid 2661 exiting with code 0
2024-10-30 19:07:38.548 [info] Extension host with pid 3320 started
2024-10-30 19:07:38.548 [info] Skipping acquiring lock for /home/ste/.config/Code/User/workspaceStorage/fdb757d1f65de6441e58b77a50b51ae3.
2024-10-30 19:07:38.563 [info] ExtensionService#_doActivateExtension vscode.github-authentication, startup: false, activationEvent: 'onAuthenticationRequest:github'
2024-10-30 19:07:38.615 [info] ExtensionService#_doActivateExtension vscode.microsoft-authentication, startup: false, activationEvent: 'onAuthenticationRequest:microsoft'
2024-10-30 19:07:38.683 [info] ExtensionService#_doActivateExtension vscode.configuration-editing, startup: false, activationEvent: 'onLanguage:jsonc'
2024-10-30 19:07:38.698 [info] ExtensionService#_doActivateExtension vscode.json-language-features, startup: false, activationEvent: 'onLanguage:jsonc'
2024-10-30 19:07:38.776 [info] ExtensionService#_doActivateExtension vscode.typescript-language-features, startup: false, activationEvent: 'onLanguage:jsonc'
2024-10-30 19:07:38.856 [info] ExtensionService#_doActivateExtension vscode.emmet, startup: false, activationEvent: 'onLanguage'
2024-10-30 19:07:39.368 [info] ExtensionService#_doActivateExtension vscode.git-base, startup: true, activationEvent: '*', root cause: vscode.git
2024-10-30 19:07:39.375 [info] ExtensionService#_doActivateExtension vscode.git, startup: true, activationEvent: '*'
2024-10-30 19:07:39.471 [info] ExtensionService#_doActivateExtension vscode.github, startup: true, activationEvent: '*'
2024-10-30 19:07:39.596 [info] Eager extensions activated
2024-10-30 19:07:39.628 [info] ExtensionService#_doActivateExtension vscode.debug-auto-launch, startup: false, activationEvent: 'onStartupFinished'
2024-10-30 19:07:39.631 [info] ExtensionService#_doActivateExtension vscode.merge-conflict, startup: false, activationEvent: 'onStartupFinished'
2024-10-30 19:07:55.592 [warning] vscode.json-language-features - Code actions of kind 'quickfix' requested but returned code action is of kind 'source.sort.json'. Code action will be dropped. Please check 'CodeActionContext.only' to only return requested code actions.
2024-10-30 19:07:56.259 [warning] vscode.json-language-features - Code actions of kind 'quickfix' requested but returned code action is of kind 'source.sort.json'. Code action will be dropped. Please check 'CodeActionContext.only' to only return requested code actions.
2024-10-30 19:08:11.266 [warning] vscode.json-language-features - Code actions of kind 'quickfix' requested but returned code action is of kind 'source.sort.json'. Code action will be dropped. Please check 'CodeActionContext.only' to only return requested code actions.
2024-10-30 19:08:33.947 [info] ExtensionService#_doActivateExtension James-Yu.latex-workshop, startup: false, activationEvent: 'onCustomEditor:latex-workshop-pdf-hook'
2024-10-30 19:08:34.397 [warning] DiagnosticCollection with name 'BibTeX' does already exist.
2024-10-30 19:08:38.640 [info] ExtensionService#_doActivateExtension mathematic.vscode-latex, startup: false, activationEvent: 'onLanguage:latex'
2024-10-30 19:09:14.088 [warning] vscode.json-language-features - Code actions of kind 'quickfix' requested but returned code action is of kind 'source.sort.json'. Code action will be dropped. Please check 'CodeActionContext.only' to only return requested code actions.
2024-10-30 19:10:48.805 [info] Extension host terminating: renderer closed the MessagePort
2024-10-30 19:10:48.878 [info] Extension host with pid 3320 exiting with code 0
