2024-10-30 22:57:16.312 [info] Using settings sync service https://vscode-sync.trafficmanager.net/
2024-10-30 22:57:16.312 [info] Auto Sync is enabled.
2024-10-30 22:57:16.312 [info] Auto Sync: Suspended until auth token is available.
2024-10-30 22:57:19.541 [info] Auto Sync: Triggered by Interval
2024-10-30 22:57:19.541 [info] Sync started.
2024-10-30 22:57:20.312 [info] Settings: No changes found during synchronizing settings.
2024-10-30 22:57:20.347 [info] Keybindings: No changes found during synchronizing keybindings.
2024-10-30 22:57:20.355 [info] Snippets: No changes found during synchronizing snippets.
2024-10-30 22:57:20.360 [info] Tasks: No changes found during synchronizing tasks.
2024-10-30 22:57:20.805 [info] GlobalState: Updated remote ui state. Updated: workbench.activity.pinnedViewlets2,commandPalette.mru.cache,commandPalette.mru.counter.
2024-10-30 22:57:20.809 [info] GlobalState: Updated last synchronized ui state
2024-10-30 22:57:20.929 [info] Extensions: No changes found during synchronizing extensions.
2024-10-30 22:57:20.933 [info] Profiles: No changes found during synchronizing profiles.
2024-10-30 22:57:20.935 [info] Sync done. Took 1396ms
2024-10-30 22:57:32.306 [info] Auto Sync: Triggered by Activity
2024-10-30 22:57:32.306 [info] Sync started.
2024-10-30 22:57:32.391 [info] Settings: No changes found during synchronizing settings.
2024-10-30 22:57:32.395 [info] Keybindings: No changes found during synchronizing keybindings.
2024-10-30 22:57:32.399 [info] Snippets: No changes found during synchronizing snippets.
2024-10-30 22:57:32.401 [info] Tasks: No changes found during synchronizing tasks.
2024-10-30 22:57:32.408 [info] GlobalState: No changes found during synchronizing ui state.
2024-10-30 22:57:32.493 [info] Extensions: No changes found during synchronizing extensions.
2024-10-30 22:57:32.496 [info] Profiles: No changes found during synchronizing profiles.
2024-10-30 22:57:32.498 [info] Sync done. Took 194ms
2024-10-30 22:57:50.591 [info] Auto Sync: Triggered by Activity
2024-10-30 22:57:50.591 [info] Sync started.
2024-10-30 22:57:50.698 [info] Settings: No changes found during synchronizing settings.
2024-10-30 22:57:50.703 [info] Keybindings: No changes found during synchronizing keybindings.
2024-10-30 22:57:50.709 [info] Snippets: No changes found during synchronizing snippets.
2024-10-30 22:57:50.712 [info] Tasks: No changes found during synchronizing tasks.
2024-10-30 22:57:50.716 [info] GlobalState: No changes found during synchronizing ui state.
2024-10-30 22:57:50.837 [info] Extensions: No changes found during synchronizing extensions.
2024-10-30 22:57:50.844 [info] Profiles: No changes found during synchronizing profiles.
2024-10-30 22:57:50.846 [info] Sync done. Took 256ms
