2024-10-30 19:52:11.378 [info] [main] Log level: Info
2024-10-30 19:52:11.379 [info] [main] Validating found git in: "git"
2024-10-30 19:52:11.379 [info] [main] Using git "2.47.0" from "git"
2024-10-30 19:52:11.379 [info] [Model][doInitialScan] Initial repository scan started
2024-10-30 19:52:11.379 [info] > git rev-parse --show-toplevel [12ms]
2024-10-30 19:52:11.379 [info] fatal: not a git repository (or any parent up to mount point /home/ste)
Stopping at filesystem boundary (GIT_DISCOVERY_ACROSS_FILESYSTEM not set).
2024-10-30 19:52:11.379 [info] [Model][doInitialScan] Initial repository scan completed - repositories (0), closed repositories (0), parent repositories (0), unsafe repositories (0)
2024-10-30 19:52:12.174 [info] > git rev-parse --show-toplevel [4ms]
2024-10-30 19:52:12.174 [info] fatal: not a git repository (or any parent up to mount point /home/ste)
Stopping at filesystem boundary (GIT_DISCOVERY_ACROSS_FILESYSTEM not set).
2024-10-30 19:52:12.331 [info] > git rev-parse --show-toplevel [3ms]
2024-10-30 19:52:12.331 [info] fatal: not a git repository (or any parent up to mount point /home/ste)
Stopping at filesystem boundary (GIT_DISCOVERY_ACROSS_FILESYSTEM not set).
2024-10-30 19:52:12.817 [info] > git rev-parse --show-toplevel [8ms]
2024-10-30 19:52:12.818 [info] fatal: not a git repository (or any parent up to mount point /home/ste)
Stopping at filesystem boundary (GIT_DISCOVERY_ACROSS_FILESYSTEM not set).
2024-10-30 19:52:12.827 [info] > git rev-parse --show-toplevel [3ms]
2024-10-30 19:52:12.827 [info] fatal: not a git repository (or any parent up to mount point /home/ste)
Stopping at filesystem boundary (GIT_DISCOVERY_ACROSS_FILESYSTEM not set).
2024-10-30 19:52:14.607 [info] > git rev-parse --show-toplevel [5ms]
2024-10-30 19:52:14.607 [info] fatal: not a git repository (or any parent up to mount point /home/ste)
Stopping at filesystem boundary (GIT_DISCOVERY_ACROSS_FILESYSTEM not set).
2024-10-30 19:52:16.184 [info] > git rev-parse --show-toplevel [49ms]
2024-10-30 19:52:16.184 [info] fatal: not a git repository (or any parent up to mount point /home/ste)
Stopping at filesystem boundary (GIT_DISCOVERY_ACROSS_FILESYSTEM not set).
