2024-10-30 22:57:19.140 [info] Reading sessions from keychain...
2024-10-30 22:57:19.140 [info] Getting sessions for all scopes...
2024-10-30 22:57:19.140 [info] Getting sessions for all scopes...
2024-10-30 22:57:19.140 [info] Got stored sessions!
2024-10-30 22:57:19.140 [info] Got 1 verified sessions.
2024-10-30 22:57:19.140 [info] Got 1 sessions for ...
2024-10-30 22:57:19.140 [info] Got 1 sessions for ...
2024-10-30 22:57:19.335 [info] Getting sessions for user:email...
2024-10-30 22:57:19.335 [info] Got 1 sessions for user:email...
2024-10-30 22:57:21.035 [info] Getting sessions for all scopes...
2024-10-30 22:57:21.035 [info] Got 1 sessions for ...
2024-10-30 22:57:21.492 [info] Getting sessions for read:user,repo,user:email,workflow...
2024-10-30 22:57:21.492 [info] Got 0 sessions for read:user,repo,user:email,workflow...
2024-10-30 22:57:21.560 [info] Getting sessions for all scopes...
2024-10-30 22:57:21.560 [info] Got 1 sessions for ...
2024-10-30 22:57:21.560 [info] Getting sessions for all scopes...
2024-10-30 22:57:21.560 [info] Got 1 sessions for ...
2024-10-30 22:57:22.198 [info] Getting sessions for read:user...
2024-10-30 22:57:22.198 [info] Got 0 sessions for read:user...
2024-10-30 22:57:22.206 [info] Getting sessions for user:email...
2024-10-30 22:57:22.206 [info] Got 1 sessions for user:email...
2024-10-30 22:57:22.211 [info] Getting sessions for read:user,repo,user:email,workflow...
2024-10-30 22:57:22.211 [info] Got 0 sessions for read:user,repo,user:email,workflow...
2024-10-30 22:57:22.229 [info] Getting sessions for user:email...
2024-10-30 22:57:22.229 [info] Got 1 sessions for user:email...
2024-10-30 22:57:22.259 [info] Getting sessions for user:email...
2024-10-30 22:57:22.259 [info] Got 1 sessions for user:email...
2024-10-30 22:57:22.261 [info] Getting sessions for user:email...
2024-10-30 22:57:22.261 [info] Got 1 sessions for user:email...
2024-10-30 22:57:22.274 [info] Getting sessions for all scopes...
2024-10-30 22:57:22.274 [info] Got 1 sessions for ...
2024-10-30 22:57:22.275 [info] Getting sessions for all scopes...
2024-10-30 22:57:22.275 [info] Got 1 sessions for ...
2024-10-30 22:57:24.175 [info] Getting sessions for read:user,repo,user:email,workflow...
2024-10-30 22:57:24.175 [info] Got 0 sessions for read:user,repo,user:email,workflow...
2024-10-30 22:57:24.181 [info] Getting sessions for user:email...
2024-10-30 22:57:24.181 [info] Got 1 sessions for user:email...
2024-10-30 22:57:25.138 [info] Getting sessions for all scopes...
2024-10-30 22:57:25.138 [info] Got 1 sessions for ...
2024-10-30 22:57:25.138 [info] Getting sessions for all scopes...
2024-10-30 22:57:25.138 [info] Got 1 sessions for ...
2024-10-30 22:57:25.140 [info] Getting sessions for read:user,repo,user:email,workflow...
2024-10-30 22:57:25.140 [info] Got 0 sessions for read:user,repo,user:email,workflow...
2024-10-30 22:57:25.158 [info] Getting sessions for user:email...
2024-10-30 22:57:25.158 [info] Got 1 sessions for user:email...
2024-10-30 22:57:25.206 [info] Getting sessions for all scopes...
2024-10-30 22:57:25.206 [info] Got 1 sessions for ...
2024-10-30 22:57:25.208 [info] Getting sessions for read:user,repo,user:email,workflow...
2024-10-30 22:57:25.208 [info] Got 0 sessions for read:user,repo,user:email,workflow...
2024-10-30 22:57:25.210 [info] Getting sessions for user:email...
2024-10-30 22:57:25.210 [info] Got 1 sessions for user:email...
2024-10-30 22:57:25.308 [info] Getting sessions for all scopes...
2024-10-30 22:57:25.308 [info] Got 1 sessions for ...
2024-10-30 22:57:25.323 [info] Getting sessions for read:user,repo,user:email,workflow...
2024-10-30 22:57:25.323 [info] Got 0 sessions for read:user,repo,user:email,workflow...
2024-10-30 22:57:25.325 [info] Getting sessions for user:email...
2024-10-30 22:57:25.325 [info] Got 1 sessions for user:email...
