2024-11-15 18:39:33.326 [info] [main] Log level: Info
2024-11-15 18:39:33.326 [info] [main] Validating found git in: "git"
2024-11-15 18:39:33.326 [info] [main] Using git "2.47.0" from "git"
2024-11-15 18:39:33.326 [info] [Model][doInitialScan] Initial repository scan started
2024-11-15 18:39:33.326 [info] > git rev-parse --show-toplevel [27ms]
2024-11-15 18:39:33.326 [info] fatal: not a git repository (or any parent up to mount point /home/ste)
Stopping at filesystem boundary (GIT_DISCOVERY_ACROSS_FILESYSTEM not set).
2024-11-15 18:39:33.326 [info] [Model][doInitialScan] Initial repository scan completed - repositories (0), closed repositories (0), parent repositories (0), unsafe repositories (0)
2024-11-15 18:39:33.326 [info] > git rev-parse --show-toplevel [235ms]
2024-11-15 18:39:33.326 [info] fatal: not a git repository (or any parent up to mount point /home/ste)
Stopping at filesystem boundary (GIT_DISCOVERY_ACROSS_FILESYSTEM not set).
2024-11-15 18:39:33.328 [info] > git rev-parse --show-toplevel [15ms]
2024-11-15 18:39:33.328 [info] fatal: not a git repository (or any parent up to mount point /home/ste)
Stopping at filesystem boundary (GIT_DISCOVERY_ACROSS_FILESYSTEM not set).
2024-11-15 18:39:33.353 [info] > git rev-parse --show-toplevel [8ms]
2024-11-15 18:39:33.353 [info] fatal: not a git repository (or any parent up to mount point /home/ste)
Stopping at filesystem boundary (GIT_DISCOVERY_ACROSS_FILESYSTEM not set).
2024-11-15 18:39:33.372 [info] > git rev-parse --show-toplevel [5ms]
2024-11-15 18:39:33.372 [info] fatal: not a git repository (or any parent up to mount point /home/ste)
Stopping at filesystem boundary (GIT_DISCOVERY_ACROSS_FILESYSTEM not set).
2024-11-15 18:39:35.830 [info] > git rev-parse --show-toplevel [113ms]
2024-11-15 18:39:35.830 [info] fatal: not a git repository (or any parent up to mount point /home/ste)
Stopping at filesystem boundary (GIT_DISCOVERY_ACROSS_FILESYSTEM not set).
2024-11-15 18:39:48.958 [info] > git rev-parse --show-toplevel [4ms]
2024-11-15 18:39:48.958 [info] fatal: not a git repository (or any parent up to mount point /home/ste)
Stopping at filesystem boundary (GIT_DISCOVERY_ACROSS_FILESYSTEM not set).
2024-11-15 18:39:52.735 [info] > git rev-parse --show-toplevel [20ms]
2024-11-15 18:39:52.735 [info] fatal: not a git repository (or any parent up to mount point /home/ste)
Stopping at filesystem boundary (GIT_DISCOVERY_ACROSS_FILESYSTEM not set).
