[22:57:17.332][Logger] New log placeholder %WS1% registered for /home/ste/OneDrive/Università/Documenti/Latex Layout/cornell note taking .
[22:57:17.332][Extension] Initializing LaTeX Workshop.
[22:57:17.676][Build][Recipe] Set $LATEXWORKSHOP_DOCKER_LATEX: ""
[22:57:17.677][Build][Recipe] Set $LATEXWORKSHOP_DOCKER_PATH: "docker"
[22:57:17.762][Server] Creating LaTeX Workshop http and websocket server.
[22:57:18.056][Format][Bib] Bibtex format config: {"tab":"  ","case":"lowercase","left":"{","right":"}","trailingComma":false,"sort":["key"],"alignOnEqual":true,"sortFields":false,"fieldsOrder":[],"firstEntries":["string","xdata"]}
[22:57:18.177][Server] Server successfully started: {"address":"127.0.0.1","family":"IPv4","port":40125} .
[22:57:18.249][Extension] Extension root: /home/ste/.vscode/extensions/james-yu.latex-workshop-10.5.5
[22:57:18.250][Extension] $PATH: /usr/local/sbin:/usr/local/bin:/usr/bin:/usr/bin/site_perl:/usr/bin/vendor_perl:/usr/bin/core_perl
[22:57:18.250][Extension] $SHELL: /usr/bin/bash
[22:57:18.250][Extension] $LANG: it_IT.UTF-8
[22:57:18.250][Extension] $LC_ALL: undefined
[22:57:18.251][Extension] process.platform: linux
[22:57:18.251][Extension] process.arch: x64
[22:57:18.251][Extension] vscode.env.appName: Visual Studio Code
[22:57:18.251][Extension] vscode.env.remoteName: undefined
[22:57:18.252][Extension] vscode.env.uiKind: 1
[22:57:18.346][Extension] Trigger characters for intellisense of LaTeX documents: ["\\",",","{","}"]
[22:57:18.351][Root] Current workspace folders: ["file://%WS1%"]
[22:57:18.352][Root] Try finding root from magic comment.
[22:57:18.352][Extension] LaTeX Workshop initialized.
[22:57:18.353][Root] Try finding root from active editor.
[22:57:18.354][Root] Found root file from active editor: %WS1%/cornell.tex
[22:57:18.354][Root] Root file changed: from %WS1%/cornell.tex to %WS1%/cornell.tex, langID latex . Refresh dependencies
[22:57:18.355][Event] ROOT_FILE_CHANGED: "%WS1%/cornell.tex"
[22:57:18.355][Cacher][Watcher] Reset.
[22:57:18.356][Cacher][Watcher] Reset.
[22:57:18.364][Cacher] Adding %WS1%/cornell.tex .
[22:57:18.367][Cacher][Watcher] Watched file://%WS1%/cornell.tex with a new .* watcher on %WS1% .
[22:57:18.367][Event] FILE_WATCHED: "file://%WS1%/cornell.tex"
[22:57:18.370][Cacher] Caching %WS1%/cornell.tex .
[22:57:18.371][Event] ROOT_FILE_SEARCHED
[22:57:18.403][Server] validOrigin is http://127.0.0.1:40125
[22:57:18.564][Cacher] Updated inputs of %WS1%/cornell.tex .
[22:57:18.564][Cacher] Parse LaTeX AST: %WS1%/cornell.tex .
[22:57:18.675][Cacher] Parsed LaTeX AST in 109.94 ms: %WS1%/cornell.tex .
[22:57:18.676][File] Calling kpsewhich to resolve article.cls .
[22:57:18.681][File] kpsewhich returned with non-zero code null.
[22:57:18.689][Cacher] Updated elements in 14.07 ms: %WS1%/cornell.tex .
[22:57:18.691][Event] FILE_PARSED: "%WS1%/cornell.tex"
[22:57:18.697][Structure] Structure force updated with 0 root sections for %WS1%/cornell.tex .
[22:57:18.698][Event] STRUCTURE_UPDATED
[22:57:18.997][Cacher] Parsing .fls %WS1%/cornell.fls .
[22:57:19.106][Event] STRUCTURE_UPDATED
[22:57:21.588][Cacher] Found .aux %WS1%/cornell.aux from .fls %WS1%/cornell.fls , parsing.
[22:57:22.172][Cacher] Parsed .aux %WS1%/cornell.aux .
[22:57:22.173][Cacher] Parsed .fls %WS1%/cornell.fls .
