2024-10-17 01:59:41.105 [info] [main] Log level: Info
2024-10-17 01:59:41.105 [info] [main] Validating found git in: "git"
2024-10-17 01:59:41.105 [info] [main] Using git "2.47.0" from "git"
2024-10-17 01:59:41.105 [info] [Model][doInitialScan] Initial repository scan started
2024-10-17 01:59:41.105 [info] > git rev-parse --show-toplevel [128ms]
2024-10-17 01:59:41.105 [info] fatal: not a git repository (or any parent up to mount point /)
Stopping at filesystem boundary (GIT_DISCOVERY_ACROSS_FILESYSTEM not set).
2024-10-17 01:59:41.105 [info] [Model][doInitialScan] Initial repository scan completed - repositories (0), closed repositories (0), parent repositories (0), unsafe repositories (0)
2024-10-17 01:59:41.105 [info] > git rev-parse --show-toplevel [47ms]
2024-10-17 01:59:41.105 [info] fatal: not a git repository (or any parent up to mount point /)
Stopping at filesystem boundary (GIT_DISCOVERY_ACROSS_FILESYSTEM not set).
2024-10-17 01:59:41.105 [info] > git rev-parse --show-toplevel [3ms]
2024-10-17 01:59:41.105 [info] fatal: not a git repository (or any parent up to mount point /)
Stopping at filesystem boundary (GIT_DISCOVERY_ACROSS_FILESYSTEM not set).
2024-10-17 01:59:41.718 [info] > git rev-parse --show-toplevel [1ms]
2024-10-17 01:59:41.718 [info] fatal: not a git repository (or any parent up to mount point /)
Stopping at filesystem boundary (GIT_DISCOVERY_ACROSS_FILESYSTEM not set).
2024-10-17 01:59:43.946 [info] > git rev-parse --show-toplevel [2ms]
2024-10-17 01:59:43.946 [info] fatal: not a git repository (or any parent up to mount point /)
Stopping at filesystem boundary (GIT_DISCOVERY_ACROSS_FILESYSTEM not set).
2024-10-17 01:59:49.719 [info] > git rev-parse --show-toplevel [2ms]
2024-10-17 01:59:49.719 [info] fatal: not a git repository (or any parent up to mount point /)
Stopping at filesystem boundary (GIT_DISCOVERY_ACROSS_FILESYSTEM not set).
2024-10-17 02:01:14.737 [info] [main] Log level: Info
2024-10-17 02:01:14.737 [info] [main] Validating found git in: "git"
2024-10-17 02:01:14.737 [info] [main] Using git "2.47.0" from "git"
2024-10-17 02:01:14.737 [info] [Model][doInitialScan] Initial repository scan started
2024-10-17 02:01:14.737 [info] > git rev-parse --show-toplevel [16ms]
2024-10-17 02:01:14.737 [info] fatal: not a git repository (or any parent up to mount point /home/ste)
Stopping at filesystem boundary (GIT_DISCOVERY_ACROSS_FILESYSTEM not set).
2024-10-17 02:01:14.737 [info] [Model][doInitialScan] Initial repository scan completed - repositories (0), closed repositories (0), parent repositories (0), unsafe repositories (0)
2024-10-17 02:01:15.850 [info] > git rev-parse --show-toplevel [2ms]
2024-10-17 02:01:15.850 [info] fatal: not a git repository (or any parent up to mount point /home/ste)
Stopping at filesystem boundary (GIT_DISCOVERY_ACROSS_FILESYSTEM not set).
2024-10-17 02:01:18.727 [info] > git rev-parse --show-toplevel [3ms]
2024-10-17 02:01:18.727 [info] fatal: not a git repository (or any parent up to mount point /home/ste)
Stopping at filesystem boundary (GIT_DISCOVERY_ACROSS_FILESYSTEM not set).
2024-10-17 02:01:18.735 [info] > git rev-parse --show-toplevel [2ms]
2024-10-17 02:01:18.735 [info] fatal: not a git repository (or any parent up to mount point /home/ste)
Stopping at filesystem boundary (GIT_DISCOVERY_ACROSS_FILESYSTEM not set).
2024-10-17 02:01:20.329 [info] > git rev-parse --show-toplevel [2ms]
2024-10-17 02:01:20.329 [info] fatal: not a git repository (or any parent up to mount point /home/ste)
Stopping at filesystem boundary (GIT_DISCOVERY_ACROSS_FILESYSTEM not set).
2024-10-17 02:01:56.433 [info] > git rev-parse --show-toplevel [2ms]
2024-10-17 02:01:56.433 [info] fatal: not a git repository (or any parent up to mount point /home/ste)
Stopping at filesystem boundary (GIT_DISCOVERY_ACROSS_FILESYSTEM not set).
2024-10-17 02:01:56.678 [info] > git rev-parse --show-toplevel [5ms]
2024-10-17 02:01:56.678 [info] fatal: not a git repository (or any parent up to mount point /home/ste)
Stopping at filesystem boundary (GIT_DISCOVERY_ACROSS_FILESYSTEM not set).
2024-10-17 02:01:56.710 [info] > git rev-parse --show-toplevel [5ms]
2024-10-17 02:01:56.710 [info] fatal: not a git repository (or any parent up to mount point /home/ste)
Stopping at filesystem boundary (GIT_DISCOVERY_ACROSS_FILESYSTEM not set).
2024-10-17 02:02:03.536 [info] > git rev-parse --show-toplevel [2ms]
2024-10-17 02:02:03.536 [info] fatal: not a git repository (or any parent up to mount point /home/ste)
Stopping at filesystem boundary (GIT_DISCOVERY_ACROSS_FILESYSTEM not set).
