2024-10-13 02:07:29.942 [info] [main] Log level: Info
2024-10-13 02:07:29.942 [info] [main] Validating found git in: "git"
2024-10-13 02:07:29.942 [info] [main] Using git "2.47.0" from "git"
2024-10-13 02:07:29.942 [info] [Model][doInitialScan] Initial repository scan started
2024-10-13 02:07:29.942 [info] > git rev-parse --show-toplevel [4ms]
2024-10-13 02:07:29.942 [info] fatal: not a git repository (or any parent up to mount point /)
Stopping at filesystem boundary (GIT_DISCOVERY_ACROSS_FILESYSTEM not set).
2024-10-13 02:07:29.942 [info] > git rev-parse --show-toplevel [3ms]
2024-10-13 02:07:29.942 [info] fatal: not a git repository (or any of the parent directories): .git
2024-10-13 02:07:29.942 [info] [Model][doInitialScan] Initial repository scan completed - repositories (0), closed repositories (0), parent repositories (0), unsafe repositories (0)
2024-10-13 02:07:30.410 [info] > git rev-parse --show-toplevel [3ms]
2024-10-13 02:07:30.410 [info] fatal: not a git repository (or any parent up to mount point /)
Stopping at filesystem boundary (GIT_DISCOVERY_ACROSS_FILESYSTEM not set).
2024-10-13 02:07:30.867 [info] > git rev-parse --show-toplevel [13ms]
2024-10-13 02:07:30.867 [info] fatal: not a git repository (or any parent up to mount point /)
Stopping at filesystem boundary (GIT_DISCOVERY_ACROSS_FILESYSTEM not set).
2024-10-13 02:07:30.876 [info] > git rev-parse --show-toplevel [2ms]
2024-10-13 02:07:30.876 [info] fatal: not a git repository (or any parent up to mount point /)
Stopping at filesystem boundary (GIT_DISCOVERY_ACROSS_FILESYSTEM not set).
2024-10-13 02:07:30.885 [info] > git rev-parse --show-toplevel [2ms]
2024-10-13 02:07:30.885 [info] fatal: not a git repository (or any parent up to mount point /)
Stopping at filesystem boundary (GIT_DISCOVERY_ACROSS_FILESYSTEM not set).
2024-10-13 02:07:39.147 [info] > git rev-parse --show-toplevel [3ms]
2024-10-13 02:07:39.147 [info] fatal: not a git repository (or any parent up to mount point /)
Stopping at filesystem boundary (GIT_DISCOVERY_ACROSS_FILESYSTEM not set).
2024-10-13 02:07:39.314 [info] > git rev-parse --show-toplevel [11ms]
2024-10-13 02:07:39.314 [info] fatal: not a git repository (or any parent up to mount point /)
Stopping at filesystem boundary (GIT_DISCOVERY_ACROSS_FILESYSTEM not set).
2024-10-13 02:07:40.478 [info] > git rev-parse --show-toplevel [3ms]
2024-10-13 02:07:40.478 [info] fatal: not a git repository (or any of the parent directories): .git
2024-10-13 02:07:46.382 [info] > git rev-parse --show-toplevel [2ms]
2024-10-13 02:07:46.382 [info] fatal: not a git repository (or any parent up to mount point /)
Stopping at filesystem boundary (GIT_DISCOVERY_ACROSS_FILESYSTEM not set).
2024-10-13 02:07:52.471 [info] > git rev-parse --show-toplevel [3ms]
2024-10-13 02:07:52.471 [info] fatal: not a git repository (or any of the parent directories): .git
