[02:05:25.486][Logger] New log placeholder %WS1% registered for /home/ste/OneDrive/Università/Documenti/Latex Layout/cornell note taking .
[02:05:25.486][Extension] Initializing LaTeX Workshop.
[02:05:25.719][Build][Recipe] Set $LATEXWORKSHOP_DOCKER_LATEX: ""
[02:05:25.720][Build][Recipe] Set $LATEXWORKSHOP_DOCKER_PATH: "docker"
[02:05:25.779][Server] Creating LaTeX Workshop http and websocket server.
[02:05:26.068][Format][Bib] Bibtex format config: {"tab":"  ","case":"lowercase","left":"{","right":"}","trailingComma":false,"sort":["key"],"alignOnEqual":true,"sortFields":false,"fieldsOrder":[],"firstEntries":["string","xdata"]}
[02:05:26.192][Server] Server successfully started: {"address":"127.0.0.1","family":"IPv4","port":40893} .
[02:05:26.267][Extension] Extension root: /home/ste/.vscode/extensions/james-yu.latex-workshop-10.5.3
[02:05:26.275][Extension] $PATH: /usr/local/sbin:/usr/local/bin:/usr/bin:/usr/bin/site_perl:/usr/bin/vendor_perl:/usr/bin/core_perl
[02:05:26.275][Extension] $SHELL: /usr/bin/bash
[02:05:26.275][Extension] $LANG: it_IT.UTF-8
[02:05:26.275][Extension] $LC_ALL: undefined
[02:05:26.276][Extension] process.platform: linux
[02:05:26.276][Extension] process.arch: x64
[02:05:26.276][Extension] vscode.env.appName: Visual Studio Code
[02:05:26.276][Extension] vscode.env.remoteName: undefined
[02:05:26.277][Extension] vscode.env.uiKind: 1
[02:05:26.403][Extension] Trigger characters for intellisense of LaTeX documents: ["\\",",","{","}"]
[02:05:26.406][Root] Current workspace folders: ["file://%WS1%"]
[02:05:26.407][Root] Try finding root from magic comment.
[02:05:26.408][Extension] LaTeX Workshop initialized.
[02:05:26.409][Root] Try finding root from active editor.
[02:05:26.409][Root] Found root file from active editor: %WS1%/cornell.tex
[02:05:26.410][Root] Root file changed: from %WS1%/cornell.tex to %WS1%/cornell.tex, langID latex . Refresh dependencies
[02:05:26.410][Event] ROOT_FILE_CHANGED: "%WS1%/cornell.tex"
[02:05:26.412][Cacher][Watcher] Reset.
[02:05:26.412][Cacher][Watcher] Reset.
[02:05:26.422][Cacher] Adding %WS1%/cornell.tex .
[02:05:26.425][Cacher][Watcher] Watched file://%WS1%/cornell.tex with a new .* watcher on %WS1% .
[02:05:26.426][Event] FILE_WATCHED: "file://%WS1%/cornell.tex"
[02:05:26.428][Cacher] Caching %WS1%/cornell.tex .
[02:05:26.429][Event] ROOT_FILE_SEARCHED
[02:05:26.450][Server] validOrigin is http://127.0.0.1:40893
[02:05:26.516][Cacher] Updated inputs of %WS1%/cornell.tex .
[02:05:26.517][Cacher] Parse LaTeX AST: %WS1%/cornell.tex .
[02:05:26.612][Cacher] Parsed LaTeX AST in 95.54 ms: %WS1%/cornell.tex .
[02:05:26.614][File] Calling kpsewhich to resolve article.cls .
[02:05:26.621][File] kpsewhich returned with non-zero code null.
[02:05:26.630][Cacher] Updated elements in 17.41 ms: %WS1%/cornell.tex .
[02:05:26.632][Event] FILE_PARSED: "%WS1%/cornell.tex"
[02:05:26.637][Structure] Structure force updated with 0 root sections for %WS1%/cornell.tex .
[02:05:26.638][Event] STRUCTURE_UPDATED
[02:05:26.644][Viewer][Panel] Internal PDF viewer at http://127.0.0.1:40893/viewer.html?file=pdf..ZmlsZSUzQSUyRiUyRiUyRmhvbWUlMkZzdGUlMkZPbmVEcml2ZSUyRlVuaXZlcnNpdCVDMyVBMCUyRkRvY3VtZW50aSUyRkxhdGV4JTIwTGF5b3V0JTJGY29ybmVsbCUyMG5vdGUlMjB0YWtpbmclMkZjb3JuZWxsLnBkZg .
[02:05:26.651][Cacher][Watcher] Watched file://%WS1%/cornell.pdf with a new .pdf watcher on %WS1% .
[02:05:26.651][Event] FILE_WATCHED: "file://%WS1%/cornell.pdf"
[02:05:26.920][Cacher] Parsing .fls %WS1%/cornell.fls .
[02:05:27.318][Cacher] Found .aux %WS1%/cornell.aux from .fls %WS1%/cornell.fls , parsing.
[02:05:27.331][Cacher] Parsed .aux %WS1%/cornell.aux .
[02:05:27.331][Cacher] Parsed .fls %WS1%/cornell.fls .
[02:06:08.596][Cacher][Watcher] Reset.
[02:06:08.596][Cacher][Watcher] Reset.
