2024-10-30 19:05:38.838 [info] Reading sessions from keychain...
2024-10-30 19:05:38.838 [info] Getting sessions for all scopes...
2024-10-30 19:05:38.838 [info] Getting sessions for all scopes...
2024-10-30 19:05:38.838 [info] Got stored sessions!
2024-10-30 19:05:38.838 [info] Got 1 verified sessions.
2024-10-30 19:05:38.838 [info] Got 1 sessions for ...
2024-10-30 19:05:38.838 [info] Got 1 sessions for ...
2024-10-30 19:05:38.838 [info] Getting sessions for user:email...
2024-10-30 19:05:38.838 [info] Got 1 sessions for user:email...
2024-10-30 19:05:39.053 [info] Getting sessions for user:email...
2024-10-30 19:05:39.053 [info] Got 1 sessions for user:email...
2024-10-30 19:05:39.055 [info] Getting sessions for user:email...
2024-10-30 19:05:39.055 [info] Got 1 sessions for user:email...
2024-10-30 19:05:39.338 [info] Getting sessions for all scopes...
2024-10-30 19:05:39.338 [info] Got 1 sessions for ...
2024-10-30 19:06:14.446 [info] Getting sessions for user:email...
2024-10-30 19:06:14.446 [info] Got 1 sessions for user:email...
2024-10-30 19:06:40.156 [info] Getting sessions for all scopes...
2024-10-30 19:06:40.156 [info] Got 1 sessions for ...
2024-10-30 19:06:41.833 [info] Logging out of 3132cd2cd028bf72
2024-10-30 19:06:41.833 [info] Storing 0 sessions...
2024-10-30 19:06:41.842 [info] Reading sessions from keychain...
2024-10-30 19:06:41.843 [info] Stored 0 sessions!
2024-10-30 19:06:41.848 [info] Got stored sessions!
2024-10-30 19:06:41.848 [info] Got 0 verified sessions.
2024-10-30 19:06:44.791 [info] Logging in with 'any' account...
2024-10-30 19:06:44.791 [info] Logging in for the following scopes: user:email
2024-10-30 19:06:44.799 [info] Trying without local server... (user:email)
2024-10-30 19:07:21.544 [info] Exchanging code for token...
2024-10-30 19:07:21.941 [info] Token exchange success!
2024-10-30 19:07:21.942 [info] Getting user info...
2024-10-30 19:07:22.293 [info] Got account info!
2024-10-30 19:07:22.293 [info] Storing 1 sessions...
2024-10-30 19:07:22.296 [info] Reading sessions from keychain...
2024-10-30 19:07:22.296 [info] Stored 1 sessions!
2024-10-30 19:07:22.297 [info] Login success!
2024-10-30 19:07:22.299 [info] Got stored sessions!
2024-10-30 19:07:22.299 [info] Got 1 verified sessions.
2024-10-30 19:07:22.300 [info] Getting sessions for user:email...
2024-10-30 19:07:22.300 [info] Got 1 sessions for user:email...
2024-10-30 19:07:29.494 [info] Getting sessions for user:email...
2024-10-30 19:07:29.494 [info] Got 1 sessions for user:email...
2024-10-30 19:07:39.108 [info] Reading sessions from keychain...
2024-10-30 19:07:39.109 [info] Got stored sessions!
2024-10-30 19:07:39.109 [info] Got 1 verified sessions.
2024-10-30 19:07:39.109 [info] Getting sessions for all scopes...
2024-10-30 19:07:39.109 [info] Got 1 sessions for ...
2024-10-30 19:07:39.109 [info] Getting sessions for all scopes...
2024-10-30 19:07:39.109 [info] Got 1 sessions for ...
2024-10-30 19:07:39.109 [info] Getting sessions for user:email...
2024-10-30 19:07:39.109 [info] Got 1 sessions for user:email...
2024-10-30 19:07:39.287 [info] Getting sessions for user:email...
2024-10-30 19:07:39.287 [info] Got 1 sessions for user:email...
